
<!DOCTYPE html>
<html>
	<head>
		<!--
			ExtentReports Library 2.41.1 | http://relevantcodes.com/extentreports-for-selenium/ | https://github.com/anshooarora/
			Copyright (c) 2015, Anshoo Arora (Relevant Codes) | Copyrights licensed under the New BSD License | http://opensource.org/licenses/BSD-3-Clause
			Documentation: http://extentreports.relevantcodes.com 
		-->

		<meta charset='UTF-8' /> 
		<meta name='description' content='ExtentReports (by Anshoo Arora) is a reporting library for automation testing for .NET and Java. It creates detailed and beautiful HTML reports for modern browsers. ExtentReports shows test and step summary along with dashboards, system and environment details for quick analysis of your tests.' />
		<meta name='robots' content='noodp, noydir' />
		<meta name='viewport' content='width=device-width, initial-scale=1' />
		<meta name='extentx' id='extentx' content='' />
		
		<title>
				ExtentReports 2.0
		</title>
		
		
		<link href='https://fonts.googleapis.com/css?family=Source+Sans+Pro:400,600' rel='stylesheet' type='text/css'>
		<link href='https://cdn.rawgit.com/anshooarora/extentreports/6032d73243ba4fe4fb8769eb9c315d4fdf16fe68/cdn/extent.css' type='text/css' rel='stylesheet' />
		
		<style>
				
            
                
            
        
		</style>
	</head>
	
	
	<body class='extent default standard hide-overflow'>
		<!-- nav -->
		<nav>
			<div class='logo-container blue darken-2'>
				<a class='logo-content' href='http://extentreports.relevantcodes.com'>
					<span>ExtentReports</span>
				</a>
				<a href='#' data-activates='slide-out' class='button-collapse hide-on-large-only'><i class='mdi-navigation-apps'></i></a>
			</div>
			<ul id='slide-out' class='side-nav fixed hide-on-med-and-down'>
				<li class='analysis waves-effect active'><a href='#!' class='test-view' onclick="_updateCurrentStage(0)"><i class='mdi-action-dashboard'></i>Test Details</a></li>
				<li class='analysis waves-effect'>
					<a href='#!' onclick="_updateCurrentStage(-1)" class='dashboard-view'><i class='mdi-action-track-changes'></i></i>Analysis</a>
				</li>
			</ul>
			<span class='report-name'>Automation Report</span> <span class='report-headline'></span>
			<ul class='right hide-on-med-and-down nav-right'>
				<li class='theme-selector' alt='Click to toggle dark theme. To enable by default, use js configuration $("body").addClass("dark");' title='Click to toggle dark theme. To enable by default, use js configuration $("body").addClass("dark");'>
					<i class='mdi-hardware-desktop-windows'></i>
				</li>
				<li>
					<span class='suite-started-time'>2021-04-08 16:20:46</span>
				</li>
				<li>
					<span>v2.41.1</span>
				</li>
			</ul>
		</nav>
		<!-- /nav -->
		
		<!-- container -->
		<div class='container'>
			
			<!-- dashboard -->
			<div id='dashboard-view' class='row'>
				<div class='time-totals'>
					<div class='col l2 m4 s6'>
						<div class='card suite-total-tests'> 
							<span class='panel-name'>Total Tests</span> 
							<span class='total-tests'> <span class='panel-lead'></span> </span> 
						</div> 
					</div>
					<div class='col l2 m4 s6'>
						<div class='card suite-total-steps'> 
							<span class='panel-name'>Total Steps</span> 
							<span class='total-steps'> <span class='panel-lead'></span> </span> 
						</div> 
					</div>
					<div class='col l2 m4 s12'>
						<div class='card suite-total-time-current'> 
							<span class='panel-name'>Total Time Taken (Current Run)</span> 
							<span class='suite-total-time-current-value panel-lead'>0h 3m 59s+601ms</span> 
						</div> 
					</div>
					<div class='col l2 m4 s12'>
						<div class='card suite-total-time-overall'> 
							<span class='panel-name'>Total Time Taken (Overall)</span> 
							<span class='suite-total-time-overall-value panel-lead'>0h 3m 59s+601ms</span> 
						</div> 
					</div>
					<div class='col l2 m4 s6 suite-start-time'>
						<div class='card accent green-accent'> 
							<span class='panel-name'>Start</span> 
							<span class='panel-lead suite-started-time'>2021-04-08 16:16:47</span> 
						</div> 
					</div>
					<div class='col l2 m4 s6 suite-end-time'>
						<div class='card accent pink-accent'> 
							<span class='panel-name'>End</span> 
							<span class='panel-lead suite-ended-time'>2021-04-08 16:20:46</span> 
						</div> 
					</div>
				</div>
				<div class='charts'>
					<div class='col s12 m6 l4 fh'> 
						<div class='card-panel'> 
							<div>
								<span class='panel-name'>Tests View</span>
							</div> 
							<div class='panel-setting modal-trigger test-count-setting right'>
								<a href='#test-count-setting'><i class='mdi-navigation-more-vert text-md'></i></a>
							</div> 
							<div class='chart-box'>
								<canvas class='text-centered' id='test-analysis'></canvas>
							</div> 
							<div>
								<span class='weight-light'><span class='t-pass-count weight-normal'></span> test(s) passed</span>
							</div> 
							<div>
								<span class='weight-light'><span class='t-fail-count weight-normal'></span> test(s) failed, <span class='t-others-count weight-normal'></span> others</span>
							</div> 
						</div> 
					</div> 
					<div class='col s12 m6 l4 fh'> 
						<div class='card-panel'> 
							<div>
								<span class='panel-name'>Steps View</span>
							</div> 
							<div class='panel-setting modal-trigger step-status-filter right'>
								<a href='#step-status-filter'><i class='mdi-navigation-more-vert text-md'></i></a>
							</div> 
							<div class='chart-box'>
								<canvas class='text-centered' id='step-analysis'></canvas>
							</div> 
							<div>
								<span class='weight-light'><span class='s-pass-count weight-normal'></span> step(s) passed </span>
							</div> 
							<div>
								<span class='weight-light'><span class='s-fail-count weight-normal'></span> step(s) failed, <span class='s-others-count weight-normal'></span> others</span>
							</div> 
						</div> 
					</div>
					<div class='col s12 m12 l4 fh'> 
						<div class='card-panel'> 
							<span class='panel-name'>Pass Percentage</span> 
							<span class='pass-percentage panel-lead'></span> 
							<div class='progress light-blue lighten-3'> 
								<div class='determinate light-blue'></div> 
							</div> 
						</div> 
					</div>
				</div>
				<div class='system-view'>
					<div class='col l4 m12 s12'>
						<div class='card-panel'>
							<span class='label info outline right'>Environment</span>
							<table>
								<thead>
									<tr>
										<th>Param</th>
										<th>Value</th>
									</tr>
								</thead>
								<tbody>
										<tr>
											<td>User Name</td>
											<td>NA</td>
										</tr>
										<tr>
											<td>OS</td>
											<td>Windows 7</td>
										</tr>
										<tr>
											<td>Java Version</td>
											<td>11.0.2</td>
										</tr>
										<tr>
											<td>Host Name</td>
											<td>Assuresign</td>
										</tr>
										<tr>
											<td>Environment</td>
											<td>QA</td>
										</tr>
								</tbody>
							</table>
						</div>
					</div>
				</div>
			</div>
			<!-- /dashboard -->
			
			<!-- tests -->
			<div id='test-view' class='row _addedTable'>
				<div class='col _addedCell1'>
					<div class='contents'>
						<div class='card-panel heading'>
							<h5>Tests</h5>
						</div>
						<div class='card-panel filters'>
							<div>
								<a class='dropdown-button btn-floating btn-small waves-effect waves-light grey tests-toggle' data-activates='tests-toggle' data-constrainwidth='true' data-beloworigin='true' data-hover='true' href='#'>
									<i class='mdi-action-reorder'></i>
								</a>
								<ul id='tests-toggle' class='dropdown-content'>
									<li class='pass'><a href='#!'>Pass</a></li>
									<li class='fail'><a href='#!'>Fail</a></li>
									<li class='skip'><a href='#!'>Skip</a></li>
									<li class='divider'></li>
									<li class='clear'><a href='#!'>Clear Filters</a></li>
								</ul>
							</div>
							<div>
								<a class='btn-floating btn-small waves-effect waves-light grey' id='clear-filters' alt='Clear Filters' title='Clear Filters'>
									<i class='mdi-navigation-close'></i>
								</a>
							</div>
							<div>
								<a class='btn-floating btn-small waves-effect waves-light grey' id='enableDashboard' alt='Enable Dashboard' title='Enable Dashboard'>
									<i class='mdi-action-track-changes'></i>
								</a>
							</div>
							<div>
								<a class='btn-floating btn-small waves-effect waves-light blue enabled' id='refreshCharts' alt='Refresh Charts on Filters' title='Refresh Charts on Filters'>
									<i class='mdi-navigation-refresh'></i>
								</a>
							</div>
							<div class='search' alt='Search Tests' title='Search Tests'>
								<div class='input-field left'>
									<input id='searchTests' type='text' class='validate' placeholder='Search Tests...'>
								</div>
								<a href="#" class='btn-floating btn-small waves-effect waves-light grey'>
									<i class='mdi-action-search'></i>
								</a>
							</div>
						</div>
						<div class='card-panel no-padding-h no-padding-v no-margin-v'>
							<div class='wrapper'>
								<ul id='test-collection' class='test-collection'>
										<li class='collection-item test displayed active pass ' extentid='7d2cd39f-66a2-4199-b370-7510cd26f405'>
											<div class='test-head'>
												<span class='test-name'>submitHybridCall </span>
												<span class='test-status label right outline capitalize pass'>pass</span>
												<span class='category-assigned hide '></span>
											</div>
											<div class='test-body'>
												<div class='test-info'>
													<span title='Test started time' alt='Test started time' class='test-started-time label green lighten-1 text-white'>2021-04-08 16:16:47</span>
													<span title='Test ended time' alt='Test ended time' class='test-ended-time label red lighten-1 text-white'>2021-04-08 16:17:08</span>
													<span title='Time taken to finish' alt='Time taken to finish' class='test-time-taken label blue-grey lighten-3 text-white'>0h 0m 21s+446ms</span>
												</div>
												<div class='test-desc'></div>
												<div class='test-attributes'>
												</div>
												<div class='test-steps'>
													<table class='bordered table-results'>
														<thead>
															<tr>
																<th>Status</th>
																<th>Timestamp</th>
																<th>Details</th>
															</tr>
														</thead>
														<tbody>
																<tr>
																	<td class='status pass' title='pass' alt='pass'><i class='mdi-action-check-circle'></i></td>
																	<td class='timestamp'>16:16:47</td>
																	<td class='step-details'>Test Description : Scenario_3_1 : Test for submit Hybrid Call</td>
																</tr>
																<tr>
																	<td class='status pass' title='pass' alt='pass'><i class='mdi-action-check-circle'></i></td>
																	<td class='timestamp'>16:16:53</td>
																	<td class='step-details'>API URI : https://qa-test.assuresign.net/api/documentnow/v3.2/submit</td>
																</tr>
																<tr>
																	<td class='status pass' title='pass' alt='pass'><i class='mdi-action-check-circle'></i></td>
																	<td class='timestamp'>16:17:08</td>
																	<td class='step-details'>Response Time : 14748 milliseconds</td>
																</tr>
																<tr>
																	<td class='status pass' title='pass' alt='pass'><i class='mdi-action-check-circle'></i></td>
																	<td class='timestamp'>16:17:08</td>
																	<td class='step-details'>Test Case PASSED IS : submitHybridCall</td>
																</tr>
																<tr>
																	<td class='status pass' title='pass' alt='pass'><i class='mdi-action-check-circle'></i></td>
																	<td class='timestamp'>16:17:08</td>
																	<td class='step-details'>API Version : 3.2</td>
																</tr>
																<tr>
																	<td class='status pass' title='pass' alt='pass'><i class='mdi-action-check-circle'></i></td>
																	<td class='timestamp'>16:17:08</td>
																	<td class='step-details'>Response : {
    "messages": [
        
    ],
    "result": {
        "envelopeID": "7abed6eb-c72a-4798-a926-ad0400b1b80f",
        "authToken": "62f31499-bb16-41f6-881c-1109a6fb591f"
    }
}</td>
																</tr>
														</tbody>
													</table>
													<ul class='collapsible node-list' data-collapsible='accordion'>
													</ul>
												</div>
											</div>
										</li>
										<li class='collection-item test displayed active fail ' extentid='c2b15b2a-1d17-49db-82d5-bb9950c89fb4'>
											<div class='test-head'>
												<span class='test-name'>submitHybridCall_InvalidDocName </span>
												<span class='test-status label right outline capitalize fail'>fail</span>
												<span class='category-assigned hide '></span>
											</div>
											<div class='test-body'>
												<div class='test-info'>
													<span title='Test started time' alt='Test started time' class='test-started-time label green lighten-1 text-white'>2021-04-08 16:17:08</span>
													<span title='Test ended time' alt='Test ended time' class='test-ended-time label red lighten-1 text-white'>2021-04-08 16:17:16</span>
													<span title='Time taken to finish' alt='Time taken to finish' class='test-time-taken label blue-grey lighten-3 text-white'>0h 0m 7s+635ms</span>
												</div>
												<div class='test-desc'></div>
												<div class='test-attributes'>
												</div>
												<div class='test-steps'>
													<table class='bordered table-results'>
														<thead>
															<tr>
																<th>Status</th>
																<th>Timestamp</th>
																<th>Details</th>
															</tr>
														</thead>
														<tbody>
																<tr>
																	<td class='status pass' title='pass' alt='pass'><i class='mdi-action-check-circle'></i></td>
																	<td class='timestamp'>16:17:08</td>
																	<td class='step-details'>Test Description : Scenario_3_1 : Test for submit HybridCall with Invalid Document Name.</td>
																</tr>
																<tr>
																	<td class='status pass' title='pass' alt='pass'><i class='mdi-action-check-circle'></i></td>
																	<td class='timestamp'>16:17:10</td>
																	<td class='step-details'>API URI : https://qa-test.assuresign.net/api/documentnow/v3.2/submit</td>
																</tr>
																<tr>
																	<td class='status pass' title='pass' alt='pass'><i class='mdi-action-check-circle'></i></td>
																	<td class='timestamp'>16:17:16</td>
																	<td class='step-details'>Response Time : 5378 milliseconds</td>
																</tr>
																<tr>
																	<td class='status fail' title='fail' alt='fail'><i class='mdi-navigation-cancel'></i></td>
																	<td class='timestamp'>16:17:16</td>
																	<td class='step-details'>TEST CASE FAILED IS submitHybridCall_InvalidDocName</td>
																</tr>
																<tr>
																	<td class='status fail' title='fail' alt='fail'><i class='mdi-navigation-cancel'></i></td>
																	<td class='timestamp'>16:17:16</td>
																	<td class='step-details'>TEST CASE FAILED IS java.lang.AssertionError: 1 expectation failed.
Expected status code <400> but was <500>.</td>
																</tr>
														</tbody>
													</table>
													<ul class='collapsible node-list' data-collapsible='accordion'>
													</ul>
												</div>
											</div>
										</li>
										<li class='collection-item test displayed active pass ' extentid='a9477777-0ed2-400a-96eb-e05e058a06b8'>
											<div class='test-head'>
												<span class='test-name'>submit_InvalidTemplateID </span>
												<span class='test-status label right outline capitalize pass'>pass</span>
												<span class='category-assigned hide '></span>
											</div>
											<div class='test-body'>
												<div class='test-info'>
													<span title='Test started time' alt='Test started time' class='test-started-time label green lighten-1 text-white'>2021-04-08 16:17:16</span>
													<span title='Test ended time' alt='Test ended time' class='test-ended-time label red lighten-1 text-white'>2021-04-08 16:17:24</span>
													<span title='Time taken to finish' alt='Time taken to finish' class='test-time-taken label blue-grey lighten-3 text-white'>0h 0m 7s+919ms</span>
												</div>
												<div class='test-desc'></div>
												<div class='test-attributes'>
												</div>
												<div class='test-steps'>
													<table class='bordered table-results'>
														<thead>
															<tr>
																<th>Status</th>
																<th>Timestamp</th>
																<th>Details</th>
															</tr>
														</thead>
														<tbody>
																<tr>
																	<td class='status pass' title='pass' alt='pass'><i class='mdi-action-check-circle'></i></td>
																	<td class='timestamp'>16:17:16</td>
																	<td class='step-details'>Test Description : Scenario_3_2 : Test for submit with invalid Template ID.</td>
																</tr>
																<tr>
																	<td class='status pass' title='pass' alt='pass'><i class='mdi-action-check-circle'></i></td>
																	<td class='timestamp'>16:17:18</td>
																	<td class='step-details'>API URI : https://qa-test.assuresign.net/api/documentnow/v3.2/submit</td>
																</tr>
																<tr>
																	<td class='status pass' title='pass' alt='pass'><i class='mdi-action-check-circle'></i></td>
																	<td class='timestamp'>16:17:24</td>
																	<td class='step-details'>Response Time : 5757 milliseconds</td>
																</tr>
																<tr>
																	<td class='status pass' title='pass' alt='pass'><i class='mdi-action-check-circle'></i></td>
																	<td class='timestamp'>16:17:24</td>
																	<td class='step-details'>Test Case PASSED IS : submit_InvalidTemplateID</td>
																</tr>
																<tr>
																	<td class='status pass' title='pass' alt='pass'><i class='mdi-action-check-circle'></i></td>
																	<td class='timestamp'>16:17:24</td>
																	<td class='step-details'>API Version : 3.2</td>
																</tr>
																<tr>
																	<td class='status pass' title='pass' alt='pass'><i class='mdi-action-check-circle'></i></td>
																	<td class='timestamp'>16:17:24</td>
																	<td class='step-details'>Response : {
    "errorCode": "NOT_FOUND",
    "summary": "The template with ID 'c3d9e155-5fd2-4d7b-ac7a-acc2010d6afa' either doesn't exist or you don't have access to it"
}</td>
																</tr>
														</tbody>
													</table>
													<ul class='collapsible node-list' data-collapsible='accordion'>
													</ul>
												</div>
											</div>
										</li>
										<li class='collection-item test displayed active pass ' extentid='ad9d17ff-99c6-45ba-ad3b-a036528bdef4'>
											<div class='test-head'>
												<span class='test-name'>submit_ValidTemplateID </span>
												<span class='test-status label right outline capitalize pass'>pass</span>
												<span class='category-assigned hide '></span>
											</div>
											<div class='test-body'>
												<div class='test-info'>
													<span title='Test started time' alt='Test started time' class='test-started-time label green lighten-1 text-white'>2021-04-08 16:17:24</span>
													<span title='Test ended time' alt='Test ended time' class='test-ended-time label red lighten-1 text-white'>2021-04-08 16:17:33</span>
													<span title='Time taken to finish' alt='Time taken to finish' class='test-time-taken label blue-grey lighten-3 text-white'>0h 0m 9s+474ms</span>
												</div>
												<div class='test-desc'></div>
												<div class='test-attributes'>
												</div>
												<div class='test-steps'>
													<table class='bordered table-results'>
														<thead>
															<tr>
																<th>Status</th>
																<th>Timestamp</th>
																<th>Details</th>
															</tr>
														</thead>
														<tbody>
																<tr>
																	<td class='status pass' title='pass' alt='pass'><i class='mdi-action-check-circle'></i></td>
																	<td class='timestamp'>16:17:24</td>
																	<td class='step-details'>Test Description : Scenario_3_2 : Test for submit with Valid Template ID.</td>
																</tr>
																<tr>
																	<td class='status pass' title='pass' alt='pass'><i class='mdi-action-check-circle'></i></td>
																	<td class='timestamp'>16:17:26</td>
																	<td class='step-details'>API URI : https://qa-test.assuresign.net/api/documentnow/v3.2/submit</td>
																</tr>
																<tr>
																	<td class='status pass' title='pass' alt='pass'><i class='mdi-action-check-circle'></i></td>
																	<td class='timestamp'>16:17:33</td>
																	<td class='step-details'>Response Time : 7035 milliseconds</td>
																</tr>
																<tr>
																	<td class='status pass' title='pass' alt='pass'><i class='mdi-action-check-circle'></i></td>
																	<td class='timestamp'>16:17:33</td>
																	<td class='step-details'>Test Case PASSED IS : submit_ValidTemplateID</td>
																</tr>
																<tr>
																	<td class='status pass' title='pass' alt='pass'><i class='mdi-action-check-circle'></i></td>
																	<td class='timestamp'>16:17:33</td>
																	<td class='step-details'>API Version : 3.2</td>
																</tr>
																<tr>
																	<td class='status pass' title='pass' alt='pass'><i class='mdi-action-check-circle'></i></td>
																	<td class='timestamp'>16:17:33</td>
																	<td class='step-details'>Response : {
    "messages": [
        
    ],
    "result": {
        "envelopeID": "2486f756-823f-4cb2-bb1f-ad0400b1d8f9",
        "authToken": "c953e6d1-4b87-4d4a-9eb7-b25cf94cbd8e"
    }
}</td>
																</tr>
														</tbody>
													</table>
													<ul class='collapsible node-list' data-collapsible='accordion'>
													</ul>
												</div>
											</div>
										</li>
										<li class='collection-item test displayed active fail ' extentid='adb31008-65e8-4e30-9e31-aa74c3499390'>
											<div class='test-head'>
												<span class='test-name'>submit_LargeFile </span>
												<span class='test-status label right outline capitalize fail'>fail</span>
												<span class='category-assigned hide '></span>
											</div>
											<div class='test-body'>
												<div class='test-info'>
													<span title='Test started time' alt='Test started time' class='test-started-time label green lighten-1 text-white'>2021-04-08 16:17:33</span>
													<span title='Test ended time' alt='Test ended time' class='test-ended-time label red lighten-1 text-white'>2021-04-08 16:18:07</span>
													<span title='Time taken to finish' alt='Time taken to finish' class='test-time-taken label blue-grey lighten-3 text-white'>0h 0m 33s+676ms</span>
												</div>
												<div class='test-desc'></div>
												<div class='test-attributes'>
												</div>
												<div class='test-steps'>
													<table class='bordered table-results'>
														<thead>
															<tr>
																<th>Status</th>
																<th>Timestamp</th>
																<th>Details</th>
															</tr>
														</thead>
														<tbody>
																<tr>
																	<td class='status pass' title='pass' alt='pass'><i class='mdi-action-check-circle'></i></td>
																	<td class='timestamp'>16:17:33</td>
																	<td class='step-details'>Test Description : Scenario_3_3 : Test for submit with specified schema : large file.</td>
																</tr>
																<tr>
																	<td class='status pass' title='pass' alt='pass'><i class='mdi-action-check-circle'></i></td>
																	<td class='timestamp'>16:17:35</td>
																	<td class='step-details'>API URI : https://qa-test.assuresign.net/api/documentnow/v3.2/submit</td>
																</tr>
																<tr>
																	<td class='status pass' title='pass' alt='pass'><i class='mdi-action-check-circle'></i></td>
																	<td class='timestamp'>16:18:07</td>
																	<td class='step-details'>Response Time : 31044 milliseconds</td>
																</tr>
																<tr>
																	<td class='status fail' title='fail' alt='fail'><i class='mdi-navigation-cancel'></i></td>
																	<td class='timestamp'>16:18:07</td>
																	<td class='step-details'>TEST CASE FAILED IS submit_LargeFile</td>
																</tr>
																<tr>
																	<td class='status fail' title='fail' alt='fail'><i class='mdi-navigation-cancel'></i></td>
																	<td class='timestamp'>16:18:07</td>
																	<td class='step-details'>TEST CASE FAILED IS java.lang.AssertionError: 1 expectation failed.
Expected status code <200> but was <500>.</td>
																</tr>
														</tbody>
													</table>
													<ul class='collapsible node-list' data-collapsible='accordion'>
													</ul>
												</div>
											</div>
										</li>
										<li class='collection-item test displayed active pass ' extentid='3229b547-31b0-4d1f-a27a-4c5ca27fa8a7'>
											<div class='test-head'>
												<span class='test-name'>submit_SSTemplateLargeFile </span>
												<span class='test-status label right outline capitalize pass'>pass</span>
												<span class='category-assigned hide '></span>
											</div>
											<div class='test-body'>
												<div class='test-info'>
													<span title='Test started time' alt='Test started time' class='test-started-time label green lighten-1 text-white'>2021-04-08 16:18:07</span>
													<span title='Test ended time' alt='Test ended time' class='test-ended-time label red lighten-1 text-white'>2021-04-08 16:18:22</span>
													<span title='Time taken to finish' alt='Time taken to finish' class='test-time-taken label blue-grey lighten-3 text-white'>0h 0m 14s+906ms</span>
												</div>
												<div class='test-desc'></div>
												<div class='test-attributes'>
												</div>
												<div class='test-steps'>
													<table class='bordered table-results'>
														<thead>
															<tr>
																<th>Status</th>
																<th>Timestamp</th>
																<th>Details</th>
															</tr>
														</thead>
														<tbody>
																<tr>
																	<td class='status pass' title='pass' alt='pass'><i class='mdi-action-check-circle'></i></td>
																	<td class='timestamp'>16:18:07</td>
																	<td class='step-details'>Test Description : Scenario_3_3 : Test for submit with Valid Template ID.</td>
																</tr>
																<tr>
																	<td class='status pass' title='pass' alt='pass'><i class='mdi-action-check-circle'></i></td>
																	<td class='timestamp'>16:18:09</td>
																	<td class='step-details'>API URI : https://qa-test.assuresign.net/api/documentnow/v3.2/submit</td>
																</tr>
																<tr>
																	<td class='status pass' title='pass' alt='pass'><i class='mdi-action-check-circle'></i></td>
																	<td class='timestamp'>16:18:22</td>
																	<td class='step-details'>Response Time : 12479 milliseconds</td>
																</tr>
																<tr>
																	<td class='status pass' title='pass' alt='pass'><i class='mdi-action-check-circle'></i></td>
																	<td class='timestamp'>16:18:22</td>
																	<td class='step-details'>Test Case PASSED IS : submit_SSTemplateLargeFile</td>
																</tr>
																<tr>
																	<td class='status pass' title='pass' alt='pass'><i class='mdi-action-check-circle'></i></td>
																	<td class='timestamp'>16:18:22</td>
																	<td class='step-details'>API Version : 3.2</td>
																</tr>
																<tr>
																	<td class='status pass' title='pass' alt='pass'><i class='mdi-action-check-circle'></i></td>
																	<td class='timestamp'>16:18:22</td>
																	<td class='step-details'>Response : {
    "messages": [
        
    ],
    "result": {
        "envelopeID": "300b024b-0c9a-4ed8-9b9a-ad0400b20fee",
        "authToken": "d956b900-2777-4c13-b0a0-c28a1653a2a3"
    }
}</td>
																</tr>
														</tbody>
													</table>
													<ul class='collapsible node-list' data-collapsible='accordion'>
													</ul>
												</div>
											</div>
										</li>
										<li class='collection-item test displayed active fail ' extentid='70959af6-f841-4ac8-97a5-4fd643b1a01f'>
											<div class='test-head'>
												<span class='test-name'>submit_DifferentFileType </span>
												<span class='test-status label right outline capitalize fail'>fail</span>
												<span class='category-assigned hide '></span>
											</div>
											<div class='test-body'>
												<div class='test-info'>
													<span title='Test started time' alt='Test started time' class='test-started-time label green lighten-1 text-white'>2021-04-08 16:18:22</span>
													<span title='Test ended time' alt='Test ended time' class='test-ended-time label red lighten-1 text-white'>2021-04-08 16:18:37</span>
													<span title='Time taken to finish' alt='Time taken to finish' class='test-time-taken label blue-grey lighten-3 text-white'>0h 0m 15s+400ms</span>
												</div>
												<div class='test-desc'></div>
												<div class='test-attributes'>
												</div>
												<div class='test-steps'>
													<table class='bordered table-results'>
														<thead>
															<tr>
																<th>Status</th>
																<th>Timestamp</th>
																<th>Details</th>
															</tr>
														</thead>
														<tbody>
																<tr>
																	<td class='status pass' title='pass' alt='pass'><i class='mdi-action-check-circle'></i></td>
																	<td class='timestamp'>16:18:22</td>
																	<td class='step-details'>Test Description : Scenario_3_4 : Test for submit with Different File Type.</td>
																</tr>
																<tr>
																	<td class='status pass' title='pass' alt='pass'><i class='mdi-action-check-circle'></i></td>
																	<td class='timestamp'>16:18:24</td>
																	<td class='step-details'>API URI : https://qa-test.assuresign.net/api/documentnow/v3.2/submit</td>
																</tr>
																<tr>
																	<td class='status pass' title='pass' alt='pass'><i class='mdi-action-check-circle'></i></td>
																	<td class='timestamp'>16:18:37</td>
																	<td class='step-details'>Response Time : 13026 milliseconds</td>
																</tr>
																<tr>
																	<td class='status fail' title='fail' alt='fail'><i class='mdi-navigation-cancel'></i></td>
																	<td class='timestamp'>16:18:37</td>
																	<td class='step-details'>TEST CASE FAILED IS submit_DifferentFileType</td>
																</tr>
																<tr>
																	<td class='status fail' title='fail' alt='fail'><i class='mdi-navigation-cancel'></i></td>
																	<td class='timestamp'>16:18:37</td>
																	<td class='step-details'>TEST CASE FAILED IS java.lang.AssertionError: 1 expectation failed.
Expected status code <200> but was <500>.</td>
																</tr>
														</tbody>
													</table>
													<ul class='collapsible node-list' data-collapsible='accordion'>
													</ul>
												</div>
											</div>
										</li>
										<li class='collection-item test displayed active fail ' extentid='e5db1c96-03b4-4b22-9d1c-82f0fd67647f'>
											<div class='test-head'>
												<span class='test-name'>submit_HybridCallDifferentFileType </span>
												<span class='test-status label right outline capitalize fail'>fail</span>
												<span class='category-assigned hide '></span>
											</div>
											<div class='test-body'>
												<div class='test-info'>
													<span title='Test started time' alt='Test started time' class='test-started-time label green lighten-1 text-white'>2021-04-08 16:18:37</span>
													<span title='Test ended time' alt='Test ended time' class='test-ended-time label red lighten-1 text-white'>2021-04-08 16:18:51</span>
													<span title='Time taken to finish' alt='Time taken to finish' class='test-time-taken label blue-grey lighten-3 text-white'>0h 0m 13s+280ms</span>
												</div>
												<div class='test-desc'></div>
												<div class='test-attributes'>
												</div>
												<div class='test-steps'>
													<table class='bordered table-results'>
														<thead>
															<tr>
																<th>Status</th>
																<th>Timestamp</th>
																<th>Details</th>
															</tr>
														</thead>
														<tbody>
																<tr>
																	<td class='status pass' title='pass' alt='pass'><i class='mdi-action-check-circle'></i></td>
																	<td class='timestamp'>16:18:37</td>
																	<td class='step-details'>Test Description : Scenario_3_4 : Test for submit hybrid call with different file type</td>
																</tr>
																<tr>
																	<td class='status pass' title='pass' alt='pass'><i class='mdi-action-check-circle'></i></td>
																	<td class='timestamp'>16:18:40</td>
																	<td class='step-details'>API URI : https://qa-test.assuresign.net/api/documentnow/v3.2/submit</td>
																</tr>
																<tr>
																	<td class='status pass' title='pass' alt='pass'><i class='mdi-action-check-circle'></i></td>
																	<td class='timestamp'>16:18:51</td>
																	<td class='step-details'>Response Time : 10211 milliseconds</td>
																</tr>
																<tr>
																	<td class='status fail' title='fail' alt='fail'><i class='mdi-navigation-cancel'></i></td>
																	<td class='timestamp'>16:18:51</td>
																	<td class='step-details'>TEST CASE FAILED IS submit_HybridCallDifferentFileType</td>
																</tr>
																<tr>
																	<td class='status fail' title='fail' alt='fail'><i class='mdi-navigation-cancel'></i></td>
																	<td class='timestamp'>16:18:51</td>
																	<td class='step-details'>TEST CASE FAILED IS java.lang.AssertionError: 1 expectation failed.
Expected status code <200> but was <500>.</td>
																</tr>
														</tbody>
													</table>
													<ul class='collapsible node-list' data-collapsible='accordion'>
													</ul>
												</div>
											</div>
										</li>
										<li class='collection-item test displayed active pass ' extentid='116bbb5e-e98f-446b-940a-544c57bbcca7'>
											<div class='test-head'>
												<span class='test-name'>submit_HybridCallDifferentFileTypeIncorrect </span>
												<span class='test-status label right outline capitalize pass'>pass</span>
												<span class='category-assigned hide '></span>
											</div>
											<div class='test-body'>
												<div class='test-info'>
													<span title='Test started time' alt='Test started time' class='test-started-time label green lighten-1 text-white'>2021-04-08 16:18:51</span>
													<span title='Test ended time' alt='Test ended time' class='test-ended-time label red lighten-1 text-white'>2021-04-08 16:18:56</span>
													<span title='Time taken to finish' alt='Time taken to finish' class='test-time-taken label blue-grey lighten-3 text-white'>0h 0m 5s+108ms</span>
												</div>
												<div class='test-desc'></div>
												<div class='test-attributes'>
												</div>
												<div class='test-steps'>
													<table class='bordered table-results'>
														<thead>
															<tr>
																<th>Status</th>
																<th>Timestamp</th>
																<th>Details</th>
															</tr>
														</thead>
														<tbody>
																<tr>
																	<td class='status pass' title='pass' alt='pass'><i class='mdi-action-check-circle'></i></td>
																	<td class='timestamp'>16:18:51</td>
																	<td class='step-details'>Test Description : Scenario_3_4 : Test for submit hybrid call with different file type and incorrect script.</td>
																</tr>
																<tr>
																	<td class='status pass' title='pass' alt='pass'><i class='mdi-action-check-circle'></i></td>
																	<td class='timestamp'>16:18:53</td>
																	<td class='step-details'>API URI : https://qa-test.assuresign.net/api/documentnow/v3.2/submit</td>
																</tr>
																<tr>
																	<td class='status pass' title='pass' alt='pass'><i class='mdi-action-check-circle'></i></td>
																	<td class='timestamp'>16:18:56</td>
																	<td class='step-details'>Response Time : 3015 milliseconds</td>
																</tr>
																<tr>
																	<td class='status pass' title='pass' alt='pass'><i class='mdi-action-check-circle'></i></td>
																	<td class='timestamp'>16:18:56</td>
																	<td class='step-details'>Test Case PASSED IS : submit_HybridCallDifferentFileTypeIncorrect</td>
																</tr>
																<tr>
																	<td class='status pass' title='pass' alt='pass'><i class='mdi-action-check-circle'></i></td>
																	<td class='timestamp'>16:18:56</td>
																	<td class='step-details'>API Version : 3.2</td>
																</tr>
																<tr>
																	<td class='status pass' title='pass' alt='pass'><i class='mdi-action-check-circle'></i></td>
																	<td class='timestamp'>16:18:56</td>
																	<td class='step-details'>Response : {
    "errorCode": "BAD_REQUEST",
    "summary": "Unbound file placeholders are not supported"
}</td>
																</tr>
														</tbody>
													</table>
													<ul class='collapsible node-list' data-collapsible='accordion'>
													</ul>
												</div>
											</div>
										</li>
										<li class='collection-item test displayed active pass ' extentid='9e915437-11de-42da-81f2-b2324035fbcc'>
											<div class='test-head'>
												<span class='test-name'>sessionTokenDeprecated_44009 </span>
												<span class='test-status label right outline capitalize pass'>pass</span>
												<span class='category-assigned hide '></span>
											</div>
											<div class='test-body'>
												<div class='test-info'>
													<span title='Test started time' alt='Test started time' class='test-started-time label green lighten-1 text-white'>2021-04-08 16:18:56</span>
													<span title='Test ended time' alt='Test ended time' class='test-ended-time label red lighten-1 text-white'>2021-04-08 16:18:58</span>
													<span title='Time taken to finish' alt='Time taken to finish' class='test-time-taken label blue-grey lighten-3 text-white'>0h 0m 2s+122ms</span>
												</div>
												<div class='test-desc'></div>
												<div class='test-attributes'>
												</div>
												<div class='test-steps'>
													<table class='bordered table-results'>
														<thead>
															<tr>
																<th>Status</th>
																<th>Timestamp</th>
																<th>Details</th>
															</tr>
														</thead>
														<tbody>
																<tr>
																	<td class='status pass' title='pass' alt='pass'><i class='mdi-action-check-circle'></i></td>
																	<td class='timestamp'>16:18:56</td>
																	<td class='step-details'>Test Description : Scenario_3_8 : Test for session token 44009 deprecated.</td>
																</tr>
																<tr>
																	<td class='status pass' title='pass' alt='pass'><i class='mdi-action-check-circle'></i></td>
																	<td class='timestamp'>16:18:56</td>
																	<td class='step-details'>API URI :  https://qa-test.assuresign.net/api/documentnow/v3.2/authentication/credentials</td>
																</tr>
																<tr>
																	<td class='status pass' title='pass' alt='pass'><i class='mdi-action-check-circle'></i></td>
																	<td class='timestamp'>16:18:58</td>
																	<td class='step-details'>Response Time : 2076 milliseconds</td>
																</tr>
																<tr>
																	<td class='status pass' title='pass' alt='pass'><i class='mdi-action-check-circle'></i></td>
																	<td class='timestamp'>16:18:58</td>
																	<td class='step-details'>Test Case PASSED IS : sessionTokenDeprecated_44009</td>
																</tr>
																<tr>
																	<td class='status pass' title='pass' alt='pass'><i class='mdi-action-check-circle'></i></td>
																	<td class='timestamp'>16:18:58</td>
																	<td class='step-details'>API Version : 3.2</td>
																</tr>
																<tr>
																	<td class='status pass' title='pass' alt='pass'><i class='mdi-action-check-circle'></i></td>
																	<td class='timestamp'>16:18:58</td>
																	<td class='step-details'>Response : {
    "messages": [
        
    ],
    "result": {
        "accounts": [
            {
                "accountId": "fd27bedb-5f81-4d68-bdb0-ac7e01166a53",
                "roleId": "7f83fe0b-5c9b-4676-9d51-ac7e01166aa7",
                "name": "Test_account_M123ww",
                "isPrimary": true
            },
            {
                "accountId": "7297c3df-bdfb-464f-9b6d-aca2010f537b",
                "roleId": "ac93947c-828d-4410-8409-aca2010f5453",
                "name": "subaccount1",
                "isPrimary": false
            }
        ],
        "lastLoginDate": "2021-04-08T10:48:58Z",
        "sessionToken": "eyJzZXNzaW9uSWQiOiIyZDA3Njk4Yy01NWNiLTQ5MzktOTY3NS1hZDA0MDBiMjNmNDAiLCJ2YWxpZFVudGlsIjoxNjE3ODgyNTM4NjY0LjI2ODEsImFjY291bnRJZCI6ImZkMjdiZWRiLTVmODEtNGQ2OC1iZGIwLWFjN2UwMTE2NmE1MyIsImVtYWlsQWRkcmVzcyI6Im12YWRnYXZlKEFkbWluKUBhc3N1cmVzaWduLmNvbSIsImZ1bGxOYW1lIjoiTWFuYWxpIE5vbnJvb3QgQWRtaW4iLCJqd3QiOiJleUpoYkdjaU9pSlNVelV4TWlJc0ltdHBaQ0k2SWpJd01Ua3RNRFV0TVRRaUxDSjBlWEFpT2lKS1YxUWlMQ0pxYTNVaU9pSm9kSFJ3Y3pvdkwzRmhMV0ZqWTI5MWJuUXVZWE56ZFhKbGMybG5iaTV1WlhRdllYQnBMM1l6TGpjdllYVjBhR1Z1ZEdsallYUnBiMjR2YTJWNWN5SjkuZXlKemRXSWlPaUp0ZG1Ga1oyRjJaU2hCWkcxcGJpbEFZWE56ZFhKbGMybG5iaTVqYjIwaUxDSnBZWFFpT2pFMk1UYzROemc1TXpnc0ltcDBhU0k2SWpKak5XVTNPREl3TFdZMk9ETXRORGt5TUMwNE5ERmhMV0ZrTURRd01HSXlNMll6TlNJc0ltRnpjM1Z5WlhOcFoyNWZhV1JsYm5ScGRIa2lPaUo3WENKaGRYUm9YMmx1Wm05Y0lqcDdYQ0poZW5WeVpWOWhaRndpT250OWZTeGNJbUYxZEdoZmRIbHdaVndpT2x3aVFYTnpkWEpsVTJsbmJrTnlaV1JsYm5ScFlXeHpYQ0lzWENKbGJXRnBiRndpT2x3aWJYWmhaR2RoZG1Vb1FXUnRhVzRwUUdGemMzVnlaWE5wWjI0dVkyOXRYQ0lzWENKbWRXeHNYMjVoYldWY0lqcGNJazFoYm1Gc2FTQk9iMjV5YjI5MElFRmtiV2x1WENJc1hDSnBaRndpT2x3aVptUTNZak0zWWpRdFlqYzJaQzAwTURWa0xUZzJPRE10WVdNM1pUQXhNVGN3WWpnMFhDSXNYQ0p6WlhOemFXOXVYMmxrWENJNlhDSXlZelZsTnpneU1DMW1Oamd6TFRRNU1qQXRPRFF4WVMxaFpEQTBNREJpTWpObU16VmNJaXhjSW14dlkyRnNaVndpT2x3aVpXNHRWVk5jSWl4Y0ltMXZZbWxzWlY5d2FHOXVaVndpT201MWJHd3NYQ0p2Y21kaGJtbDZZWFJwYjI1ZmJtRnRaVndpT2x3aVFYTnpkWEpsVTJsbmJpQlJRU0JTYjI5MFhDSXNYQ0p2Y21kaGJtbDZZWFJwYjI1ZmFXUmNJanBjSWpSa1pHWXdPVGc0TFdWak1EUXRORFJqTXkwNU56QmxMV0U0TW1Jd01EWTVNbU5qWmx3aUxGd2lkR2x0WlhwdmJtVmNJanBjSWtWaGMzUmxjbTRnVTNSaGJtUmhjbVFnVkdsdFpWd2lMRndpWVhCcFgzVnpaWEpmYVdSY0lqcHVkV3hzZlNJc0luQmxjbTFwYzNOcGIyNXpJam9pVzEwaUxDSnVZbVlpT2pFMk1UYzROemc1TXpnc0ltVjRjQ0k2TVRZeE56ZzRNalV6T0N3aWFYTnpJam9pYUhSMGNITTZMeTl4WVMxaFkyTnZkVzUwTG1GemMzVnlaWE5wWjI0dWJtVjBJaXdpWVhWa0lqb2lXMXdpYUhSMGNITTZMeTl4WVMxMFpYTjBMbUZ6YzNWeVpYTnBaMjR1Ym1WMFhDSXNYQ0pvZEhSd2N6b3ZMM0ZoTFdGalkyOTFiblF1WVhOemRYSmxjMmxuYmk1dVpYUmNJbDBpZlEuZVBhdTNOaXYwdFV0N3lGa190NTBWNE1vVWJaeFJPdzUzNldkR19KN2MwS3pRcm5lUTFpSms5UkJLdzREbEo3alllWHFORFFfUm9BNFVxclVYMEhqRWNDVkxSczE1UThZWmRBZFk0dURfd0o4TTduX29Oa1FWTllBTEQ0eUNxNXJ3V21pSk40ZzExaThfc2VhUy1Pbm1rWDNPMEdvcFBVdFM0aExqWFA5WTlEV0h2RnJZWXk5N2FxbTlQaWcyOE90azZrVUpyNjNWSWMyekU5cGlITWk3THBGZDhxZXlJWWxLVks3d3ZLdGF6cDRFZnF1b2JHNFFLS3JGRmYwTzE0N3RZa1Awb2laM1ZJcXEtdWxaUUdBSjFnWnp0dDlOWVhKOXhsZ0I1YS1JaExvcUNDOWs1clFSNUdOOEpkbDdaR3RGcXFrRjNhYjBmTHdxc1N6YlJPcDlRIiwibmV2ZXJFeHBpcmUiOmZhbHNlLCJ1c2VySWQiOiJmZDdiMzdiNC1iNzZkLTQwNWQtODY4My1hYzdlMDExNzBiODQiLCJ1c2VybmFtZSI6Im12YWRnYXZlKEFkbWluKUBhc3N1cmVzaWduLmNvbSIsInR5cGUiOiJVc2VyU2Vzc2lvblRva2VuIiwic2lnbmF0dXJlIjoiUGFlb3VfaldJcDA4MF81T2RmaXVTa1FvbWx6dW1HS2Y1WG5lRGY0bVBTbyJ9",
        "tags": [
            
        ],
        "user": {
            "userId": "fd7b37b4-b76d-405d-8683-ac7e01170b84",
            "firstName": "Manali",
            "lastName": "Nonroot Admin",
            "email": "mvadgave(Admin)@assuresign.com",
            "active": true,
            "requirePasswordChange": false
        }
    }
}</td>
																</tr>
														</tbody>
													</table>
													<ul class='collapsible node-list' data-collapsible='accordion'>
													</ul>
												</div>
											</div>
										</li>
										<li class='collection-item test displayed active fail ' extentid='159b969f-5b35-4c3d-ba70-c6a1b1f0c463'>
											<div class='test-head'>
												<span class='test-name'>submitHybridCallDeprecated </span>
												<span class='test-status label right outline capitalize fail'>fail</span>
												<span class='category-assigned hide '></span>
											</div>
											<div class='test-body'>
												<div class='test-info'>
													<span title='Test started time' alt='Test started time' class='test-started-time label green lighten-1 text-white'>2021-04-08 16:18:58</span>
													<span title='Test ended time' alt='Test ended time' class='test-ended-time label red lighten-1 text-white'>2021-04-08 16:19:03</span>
													<span title='Time taken to finish' alt='Time taken to finish' class='test-time-taken label blue-grey lighten-3 text-white'>0h 0m 5s+445ms</span>
												</div>
												<div class='test-desc'></div>
												<div class='test-attributes'>
												</div>
												<div class='test-steps'>
													<table class='bordered table-results'>
														<thead>
															<tr>
																<th>Status</th>
																<th>Timestamp</th>
																<th>Details</th>
															</tr>
														</thead>
														<tbody>
																<tr>
																	<td class='status pass' title='pass' alt='pass'><i class='mdi-action-check-circle'></i></td>
																	<td class='timestamp'>16:18:58</td>
																	<td class='step-details'>Test Description : Scenario_3_8 : Test submit hybrid call for deprecated.</td>
																</tr>
																<tr>
																	<td class='status pass' title='pass' alt='pass'><i class='mdi-action-check-circle'></i></td>
																	<td class='timestamp'>16:18:58</td>
																	<td class='step-details'>API URI :  https://qa-test.assuresign.net/api/documentnow/v3.2/submit/</td>
																</tr>
																<tr>
																	<td class='status pass' title='pass' alt='pass'><i class='mdi-action-check-circle'></i></td>
																	<td class='timestamp'>16:19:03</td>
																	<td class='step-details'>Response Time : 3290 milliseconds</td>
																</tr>
																<tr>
																	<td class='status fail' title='fail' alt='fail'><i class='mdi-navigation-cancel'></i></td>
																	<td class='timestamp'>16:19:03</td>
																	<td class='step-details'>TEST CASE FAILED IS submitHybridCallDeprecated</td>
																</tr>
																<tr>
																	<td class='status fail' title='fail' alt='fail'><i class='mdi-navigation-cancel'></i></td>
																	<td class='timestamp'>16:19:03</td>
																	<td class='step-details'>TEST CASE FAILED IS java.lang.AssertionError: 1 expectation failed.
Expected status code <200> but was <500>.</td>
																</tr>
														</tbody>
													</table>
													<ul class='collapsible node-list' data-collapsible='accordion'>
													</ul>
												</div>
											</div>
										</li>
										<li class='collection-item test displayed active fail ' extentid='b2e0a609-3831-4764-89c1-6152560cb4e0'>
											<div class='test-head'>
												<span class='test-name'>submit_Doc128Char </span>
												<span class='test-status label right outline capitalize fail'>fail</span>
												<span class='category-assigned hide '></span>
											</div>
											<div class='test-body'>
												<div class='test-info'>
													<span title='Test started time' alt='Test started time' class='test-started-time label green lighten-1 text-white'>2021-04-08 16:19:03</span>
													<span title='Test ended time' alt='Test ended time' class='test-ended-time label red lighten-1 text-white'>2021-04-08 16:19:10</span>
													<span title='Time taken to finish' alt='Time taken to finish' class='test-time-taken label blue-grey lighten-3 text-white'>0h 0m 7s+210ms</span>
												</div>
												<div class='test-desc'></div>
												<div class='test-attributes'>
												</div>
												<div class='test-steps'>
													<table class='bordered table-results'>
														<thead>
															<tr>
																<th>Status</th>
																<th>Timestamp</th>
																<th>Details</th>
															</tr>
														</thead>
														<tbody>
																<tr>
																	<td class='status pass' title='pass' alt='pass'><i class='mdi-action-check-circle'></i></td>
																	<td class='timestamp'>16:19:03</td>
																	<td class='step-details'>Test Description : Scenario_3_9 : Test for submit with Document more then 128 Characters.</td>
																</tr>
																<tr>
																	<td class='status pass' title='pass' alt='pass'><i class='mdi-action-check-circle'></i></td>
																	<td class='timestamp'>16:19:05</td>
																	<td class='step-details'>API URI : https://qa-test.assuresign.net/api/documentnow/v3.2/submit</td>
																</tr>
																<tr>
																	<td class='status pass' title='pass' alt='pass'><i class='mdi-action-check-circle'></i></td>
																	<td class='timestamp'>16:19:10</td>
																	<td class='step-details'>Response Time : 5173 milliseconds</td>
																</tr>
																<tr>
																	<td class='status fail' title='fail' alt='fail'><i class='mdi-navigation-cancel'></i></td>
																	<td class='timestamp'>16:19:10</td>
																	<td class='step-details'>TEST CASE FAILED IS submit_Doc128Char</td>
																</tr>
																<tr>
																	<td class='status fail' title='fail' alt='fail'><i class='mdi-navigation-cancel'></i></td>
																	<td class='timestamp'>16:19:10</td>
																	<td class='step-details'>TEST CASE FAILED IS java.lang.AssertionError: 1 expectation failed.
Expected status code <400> but was <500>.</td>
																</tr>
														</tbody>
													</table>
													<ul class='collapsible node-list' data-collapsible='accordion'>
													</ul>
												</div>
											</div>
										</li>
										<li class='collection-item test displayed active pass ' extentid='9941ae3d-cb61-43ed-808c-310053d48051'>
											<div class='test-head'>
												<span class='test-name'>submit_SSTemplate128Char </span>
												<span class='test-status label right outline capitalize pass'>pass</span>
												<span class='category-assigned hide '></span>
											</div>
											<div class='test-body'>
												<div class='test-info'>
													<span title='Test started time' alt='Test started time' class='test-started-time label green lighten-1 text-white'>2021-04-08 16:19:10</span>
													<span title='Test ended time' alt='Test ended time' class='test-ended-time label red lighten-1 text-white'>2021-04-08 16:19:17</span>
													<span title='Time taken to finish' alt='Time taken to finish' class='test-time-taken label blue-grey lighten-3 text-white'>0h 0m 6s+74ms</span>
												</div>
												<div class='test-desc'></div>
												<div class='test-attributes'>
												</div>
												<div class='test-steps'>
													<table class='bordered table-results'>
														<thead>
															<tr>
																<th>Status</th>
																<th>Timestamp</th>
																<th>Details</th>
															</tr>
														</thead>
														<tbody>
																<tr>
																	<td class='status pass' title='pass' alt='pass'><i class='mdi-action-check-circle'></i></td>
																	<td class='timestamp'>16:19:10</td>
																	<td class='step-details'>Test Description : Scenario_3_9 : Test for submit SS Template with more then 128 Characters.</td>
																</tr>
																<tr>
																	<td class='status pass' title='pass' alt='pass'><i class='mdi-action-check-circle'></i></td>
																	<td class='timestamp'>16:19:13</td>
																	<td class='step-details'>API URI : https://qa-test.assuresign.net/api/documentnow/v3.2/submit</td>
																</tr>
																<tr>
																	<td class='status pass' title='pass' alt='pass'><i class='mdi-action-check-circle'></i></td>
																	<td class='timestamp'>16:19:16</td>
																	<td class='step-details'>Response Time : 3550 milliseconds</td>
																</tr>
																<tr>
																	<td class='status pass' title='pass' alt='pass'><i class='mdi-action-check-circle'></i></td>
																	<td class='timestamp'>16:19:17</td>
																	<td class='step-details'>Test Case PASSED IS : submit_SSTemplate128Char</td>
																</tr>
																<tr>
																	<td class='status pass' title='pass' alt='pass'><i class='mdi-action-check-circle'></i></td>
																	<td class='timestamp'>16:19:17</td>
																	<td class='step-details'>API Version : 3.2</td>
																</tr>
																<tr>
																	<td class='status pass' title='pass' alt='pass'><i class='mdi-action-check-circle'></i></td>
																	<td class='timestamp'>16:19:17</td>
																	<td class='step-details'>Response : {
    "errorCode": "VALIDATION_FAILED",
    "summary": "Unable to submit due to the following error(s)",
    "details": [
        "Documents[0].Documents.Name: Document Name '01-doc_file-sample_1MBsadfbdfdjkgfkjg fdfjkgdkfg jfdkjgdfklgdflkg fskfdkgjdfkgdf sfddgffdgdfg gfgfghfghggjhgj sdsfsfsadad fgddcsdzfsdfd' must not exceed 128 characters."
    ]
}</td>
																</tr>
														</tbody>
													</table>
													<ul class='collapsible node-list' data-collapsible='accordion'>
													</ul>
												</div>
											</div>
										</li>
										<li class='collection-item test displayed active pass ' extentid='1df10cdc-eabe-4079-9446-d37a2b2f59e0'>
											<div class='test-head'>
												<span class='test-name'>submitSSTemplate_EmptyDocName </span>
												<span class='test-status label right outline capitalize pass'>pass</span>
												<span class='category-assigned hide '></span>
											</div>
											<div class='test-body'>
												<div class='test-info'>
													<span title='Test started time' alt='Test started time' class='test-started-time label green lighten-1 text-white'>2021-04-08 16:19:17</span>
													<span title='Test ended time' alt='Test ended time' class='test-ended-time label red lighten-1 text-white'>2021-04-08 16:19:22</span>
													<span title='Time taken to finish' alt='Time taken to finish' class='test-time-taken label blue-grey lighten-3 text-white'>0h 0m 5s+84ms</span>
												</div>
												<div class='test-desc'></div>
												<div class='test-attributes'>
												</div>
												<div class='test-steps'>
													<table class='bordered table-results'>
														<thead>
															<tr>
																<th>Status</th>
																<th>Timestamp</th>
																<th>Details</th>
															</tr>
														</thead>
														<tbody>
																<tr>
																	<td class='status pass' title='pass' alt='pass'><i class='mdi-action-check-circle'></i></td>
																	<td class='timestamp'>16:19:17</td>
																	<td class='step-details'>Test Description : Scenario_3_10 : Test for submit SS Template with Empty Document Name.</td>
																</tr>
																<tr>
																	<td class='status pass' title='pass' alt='pass'><i class='mdi-action-check-circle'></i></td>
																	<td class='timestamp'>16:19:19</td>
																	<td class='step-details'>API URI : https://qa-test.assuresign.net/api/documentnow/v3.2/submit</td>
																</tr>
																<tr>
																	<td class='status pass' title='pass' alt='pass'><i class='mdi-action-check-circle'></i></td>
																	<td class='timestamp'>16:19:22</td>
																	<td class='step-details'>Response Time : 2994 milliseconds</td>
																</tr>
																<tr>
																	<td class='status pass' title='pass' alt='pass'><i class='mdi-action-check-circle'></i></td>
																	<td class='timestamp'>16:19:22</td>
																	<td class='step-details'>Test Case PASSED IS : submitSSTemplate_EmptyDocName</td>
																</tr>
																<tr>
																	<td class='status pass' title='pass' alt='pass'><i class='mdi-action-check-circle'></i></td>
																	<td class='timestamp'>16:19:22</td>
																	<td class='step-details'>API Version : 3.2</td>
																</tr>
																<tr>
																	<td class='status pass' title='pass' alt='pass'><i class='mdi-action-check-circle'></i></td>
																	<td class='timestamp'>16:19:22</td>
																	<td class='step-details'>Response : {
    "errorCode": "INTERNAL_SERVER_ERROR",
    "summary": "Placeholder 'Name' must not be empty."
}</td>
																</tr>
														</tbody>
													</table>
													<ul class='collapsible node-list' data-collapsible='accordion'>
													</ul>
												</div>
											</div>
										</li>
										<li class='collection-item test displayed active fail ' extentid='eb773db6-960d-4097-920e-21a3a01c42c5'>
											<div class='test-head'>
												<span class='test-name'>submit_HybridCallMissingDocName </span>
												<span class='test-status label right outline capitalize fail'>fail</span>
												<span class='category-assigned hide '></span>
											</div>
											<div class='test-body'>
												<div class='test-info'>
													<span title='Test started time' alt='Test started time' class='test-started-time label green lighten-1 text-white'>2021-04-08 16:19:22</span>
													<span title='Test ended time' alt='Test ended time' class='test-ended-time label red lighten-1 text-white'>2021-04-08 16:19:27</span>
													<span title='Time taken to finish' alt='Time taken to finish' class='test-time-taken label blue-grey lighten-3 text-white'>0h 0m 5s+468ms</span>
												</div>
												<div class='test-desc'></div>
												<div class='test-attributes'>
												</div>
												<div class='test-steps'>
													<table class='bordered table-results'>
														<thead>
															<tr>
																<th>Status</th>
																<th>Timestamp</th>
																<th>Details</th>
															</tr>
														</thead>
														<tbody>
																<tr>
																	<td class='status pass' title='pass' alt='pass'><i class='mdi-action-check-circle'></i></td>
																	<td class='timestamp'>16:19:22</td>
																	<td class='step-details'>Test Description : Scenario_3_10 : Test for submit  Hybrid Call with Missing Document Name.</td>
																</tr>
																<tr>
																	<td class='status pass' title='pass' alt='pass'><i class='mdi-action-check-circle'></i></td>
																	<td class='timestamp'>16:19:24</td>
																	<td class='step-details'>API URI : https://qa-test.assuresign.net/api/documentnow/v3.2/submit</td>
																</tr>
																<tr>
																	<td class='status pass' title='pass' alt='pass'><i class='mdi-action-check-circle'></i></td>
																	<td class='timestamp'>16:19:27</td>
																	<td class='step-details'>Response Time : 3421 milliseconds</td>
																</tr>
																<tr>
																	<td class='status fail' title='fail' alt='fail'><i class='mdi-navigation-cancel'></i></td>
																	<td class='timestamp'>16:19:27</td>
																	<td class='step-details'>TEST CASE FAILED IS submit_HybridCallMissingDocName</td>
																</tr>
																<tr>
																	<td class='status fail' title='fail' alt='fail'><i class='mdi-navigation-cancel'></i></td>
																	<td class='timestamp'>16:19:27</td>
																	<td class='step-details'>TEST CASE FAILED IS java.lang.AssertionError: 1 expectation failed.
Expected status code <400> but was <500>.</td>
																</tr>
														</tbody>
													</table>
													<ul class='collapsible node-list' data-collapsible='accordion'>
													</ul>
												</div>
											</div>
										</li>
										<li class='collection-item test displayed active pass ' extentid='f27720cb-b3f6-4f95-823f-2b7e54f0c44f'>
											<div class='test-head'>
												<span class='test-name'>submit_missingDocName </span>
												<span class='test-status label right outline capitalize pass'>pass</span>
												<span class='category-assigned hide '></span>
											</div>
											<div class='test-body'>
												<div class='test-info'>
													<span title='Test started time' alt='Test started time' class='test-started-time label green lighten-1 text-white'>2021-04-08 16:19:27</span>
													<span title='Test ended time' alt='Test ended time' class='test-ended-time label red lighten-1 text-white'>2021-04-08 16:19:33</span>
													<span title='Time taken to finish' alt='Time taken to finish' class='test-time-taken label blue-grey lighten-3 text-white'>0h 0m 5s+950ms</span>
												</div>
												<div class='test-desc'></div>
												<div class='test-attributes'>
												</div>
												<div class='test-steps'>
													<table class='bordered table-results'>
														<thead>
															<tr>
																<th>Status</th>
																<th>Timestamp</th>
																<th>Details</th>
															</tr>
														</thead>
														<tbody>
																<tr>
																	<td class='status pass' title='pass' alt='pass'><i class='mdi-action-check-circle'></i></td>
																	<td class='timestamp'>16:19:27</td>
																	<td class='step-details'>Test Description : Scenario_3_10 : Test for submit with missing Document Name.</td>
																</tr>
																<tr>
																	<td class='status pass' title='pass' alt='pass'><i class='mdi-action-check-circle'></i></td>
																	<td class='timestamp'>16:19:29</td>
																	<td class='step-details'>API URI : https://qa-test.assuresign.net/api/documentnow/v3.2/submit</td>
																</tr>
																<tr>
																	<td class='status pass' title='pass' alt='pass'><i class='mdi-action-check-circle'></i></td>
																	<td class='timestamp'>16:19:33</td>
																	<td class='step-details'>Response Time : 3786 milliseconds</td>
																</tr>
																<tr>
																	<td class='status pass' title='pass' alt='pass'><i class='mdi-action-check-circle'></i></td>
																	<td class='timestamp'>16:19:33</td>
																	<td class='step-details'>Test Case PASSED IS : submit_missingDocName</td>
																</tr>
																<tr>
																	<td class='status pass' title='pass' alt='pass'><i class='mdi-action-check-circle'></i></td>
																	<td class='timestamp'>16:19:33</td>
																	<td class='step-details'>API Version : 3.2</td>
																</tr>
																<tr>
																	<td class='status pass' title='pass' alt='pass'><i class='mdi-action-check-circle'></i></td>
																	<td class='timestamp'>16:19:33</td>
																	<td class='step-details'>Response : {
    "errorCode": "BAD_REQUEST",
    "summary": "Document[0] 'Name' is missing"
}</td>
																</tr>
														</tbody>
													</table>
													<ul class='collapsible node-list' data-collapsible='accordion'>
													</ul>
												</div>
											</div>
										</li>
										<li class='collection-item test displayed active fail ' extentid='ba4faa41-e890-4dc6-a8f5-1af579f66dad'>
											<div class='test-head'>
												<span class='test-name'>submit_withPwdToEditFile </span>
												<span class='test-status label right outline capitalize fail'>fail</span>
												<span class='category-assigned hide '></span>
											</div>
											<div class='test-body'>
												<div class='test-info'>
													<span title='Test started time' alt='Test started time' class='test-started-time label green lighten-1 text-white'>2021-04-08 16:19:33</span>
													<span title='Test ended time' alt='Test ended time' class='test-ended-time label red lighten-1 text-white'>2021-04-08 16:19:43</span>
													<span title='Time taken to finish' alt='Time taken to finish' class='test-time-taken label blue-grey lighten-3 text-white'>0h 0m 9s+577ms</span>
												</div>
												<div class='test-desc'></div>
												<div class='test-attributes'>
												</div>
												<div class='test-steps'>
													<table class='bordered table-results'>
														<thead>
															<tr>
																<th>Status</th>
																<th>Timestamp</th>
																<th>Details</th>
															</tr>
														</thead>
														<tbody>
																<tr>
																	<td class='status pass' title='pass' alt='pass'><i class='mdi-action-check-circle'></i></td>
																	<td class='timestamp'>16:19:33</td>
																	<td class='step-details'>Test Description : Scenario_3_11 : Test for submit with Password to edit file.</td>
																</tr>
																<tr>
																	<td class='status pass' title='pass' alt='pass'><i class='mdi-action-check-circle'></i></td>
																	<td class='timestamp'>16:19:35</td>
																	<td class='step-details'>API URI : https://qa-test.assuresign.net/api/documentnow/v3.2/submit</td>
																</tr>
																<tr>
																	<td class='status pass' title='pass' alt='pass'><i class='mdi-action-check-circle'></i></td>
																	<td class='timestamp'>16:19:43</td>
																	<td class='step-details'>Response Time : 7330 milliseconds</td>
																</tr>
																<tr>
																	<td class='status fail' title='fail' alt='fail'><i class='mdi-navigation-cancel'></i></td>
																	<td class='timestamp'>16:19:43</td>
																	<td class='step-details'>TEST CASE FAILED IS submit_withPwdToEditFile</td>
																</tr>
																<tr>
																	<td class='status fail' title='fail' alt='fail'><i class='mdi-navigation-cancel'></i></td>
																	<td class='timestamp'>16:19:43</td>
																	<td class='step-details'>TEST CASE FAILED IS java.lang.AssertionError: 1 expectation failed.
Expected status code <400> but was <500>.</td>
																</tr>
														</tbody>
													</table>
													<ul class='collapsible node-list' data-collapsible='accordion'>
													</ul>
												</div>
											</div>
										</li>
										<li class='collection-item test displayed active fail ' extentid='b3d6cc9f-5432-4b1b-a0b7-a082c8450eda'>
											<div class='test-head'>
												<span class='test-name'>submit_withPwdToOpenFile </span>
												<span class='test-status label right outline capitalize fail'>fail</span>
												<span class='category-assigned hide '></span>
											</div>
											<div class='test-body'>
												<div class='test-info'>
													<span title='Test started time' alt='Test started time' class='test-started-time label green lighten-1 text-white'>2021-04-08 16:19:43</span>
													<span title='Test ended time' alt='Test ended time' class='test-ended-time label red lighten-1 text-white'>2021-04-08 16:19:53</span>
													<span title='Time taken to finish' alt='Time taken to finish' class='test-time-taken label blue-grey lighten-3 text-white'>0h 0m 10s+269ms</span>
												</div>
												<div class='test-desc'></div>
												<div class='test-attributes'>
												</div>
												<div class='test-steps'>
													<table class='bordered table-results'>
														<thead>
															<tr>
																<th>Status</th>
																<th>Timestamp</th>
																<th>Details</th>
															</tr>
														</thead>
														<tbody>
																<tr>
																	<td class='status pass' title='pass' alt='pass'><i class='mdi-action-check-circle'></i></td>
																	<td class='timestamp'>16:19:43</td>
																	<td class='step-details'>Test Description : Scenario_3_11 : Test for submit with Password to open file.</td>
																</tr>
																<tr>
																	<td class='status pass' title='pass' alt='pass'><i class='mdi-action-check-circle'></i></td>
																	<td class='timestamp'>16:19:45</td>
																	<td class='step-details'>API URI : https://qa-test.assuresign.net/api/documentnow/v3.2/submit</td>
																</tr>
																<tr>
																	<td class='status pass' title='pass' alt='pass'><i class='mdi-action-check-circle'></i></td>
																	<td class='timestamp'>16:19:53</td>
																	<td class='step-details'>Response Time : 7822 milliseconds</td>
																</tr>
																<tr>
																	<td class='status fail' title='fail' alt='fail'><i class='mdi-navigation-cancel'></i></td>
																	<td class='timestamp'>16:19:53</td>
																	<td class='step-details'>TEST CASE FAILED IS submit_withPwdToOpenFile</td>
																</tr>
																<tr>
																	<td class='status fail' title='fail' alt='fail'><i class='mdi-navigation-cancel'></i></td>
																	<td class='timestamp'>16:19:53</td>
																	<td class='step-details'>TEST CASE FAILED IS java.lang.AssertionError: 1 expectation failed.
Expected status code <400> but was <500>.</td>
																</tr>
														</tbody>
													</table>
													<ul class='collapsible node-list' data-collapsible='accordion'>
													</ul>
												</div>
											</div>
										</li>
										<li class='collection-item test displayed active fail ' extentid='ebb2f252-3d08-4400-8024-1859e292344f'>
											<div class='test-head'>
												<span class='test-name'>submitSSTemplate_delayedStep </span>
												<span class='test-status label right outline capitalize fail'>fail</span>
												<span class='category-assigned hide '></span>
											</div>
											<div class='test-body'>
												<div class='test-info'>
													<span title='Test started time' alt='Test started time' class='test-started-time label green lighten-1 text-white'>2021-04-08 16:19:53</span>
													<span title='Test ended time' alt='Test ended time' class='test-ended-time label red lighten-1 text-white'>2021-04-08 16:19:59</span>
													<span title='Time taken to finish' alt='Time taken to finish' class='test-time-taken label blue-grey lighten-3 text-white'>0h 0m 5s+804ms</span>
												</div>
												<div class='test-desc'></div>
												<div class='test-attributes'>
												</div>
												<div class='test-steps'>
													<table class='bordered table-results'>
														<thead>
															<tr>
																<th>Status</th>
																<th>Timestamp</th>
																<th>Details</th>
															</tr>
														</thead>
														<tbody>
																<tr>
																	<td class='status pass' title='pass' alt='pass'><i class='mdi-action-check-circle'></i></td>
																	<td class='timestamp'>16:19:53</td>
																	<td class='step-details'>Test Description : Scenario_3_12 : Test for submit SS Template with delayed step.</td>
																</tr>
																<tr>
																	<td class='status pass' title='pass' alt='pass'><i class='mdi-action-check-circle'></i></td>
																	<td class='timestamp'>16:19:55</td>
																	<td class='step-details'>API URI : https://qa-test.assuresign.net/api/documentnow/v3.2/submit</td>
																</tr>
																<tr>
																	<td class='status pass' title='pass' alt='pass'><i class='mdi-action-check-circle'></i></td>
																	<td class='timestamp'>16:19:59</td>
																	<td class='step-details'>Response Time : 3679 milliseconds</td>
																</tr>
																<tr>
																	<td class='status fail' title='fail' alt='fail'><i class='mdi-navigation-cancel'></i></td>
																	<td class='timestamp'>16:19:59</td>
																	<td class='step-details'>TEST CASE FAILED IS submitSSTemplate_delayedStep</td>
																</tr>
																<tr>
																	<td class='status fail' title='fail' alt='fail'><i class='mdi-navigation-cancel'></i></td>
																	<td class='timestamp'>16:19:59</td>
																	<td class='step-details'>TEST CASE FAILED IS java.lang.AssertionError: 1 expectation failed.
Expected status code <200> but was <500>.</td>
																</tr>
														</tbody>
													</table>
													<ul class='collapsible node-list' data-collapsible='accordion'>
													</ul>
												</div>
											</div>
										</li>
										<li class='collection-item test displayed active fail ' extentid='d9003338-0e57-461a-be5f-a325972e31de'>
											<div class='test-head'>
												<span class='test-name'>submitSSTemplate_invalidID </span>
												<span class='test-status label right outline capitalize fail'>fail</span>
												<span class='category-assigned hide '></span>
											</div>
											<div class='test-body'>
												<div class='test-info'>
													<span title='Test started time' alt='Test started time' class='test-started-time label green lighten-1 text-white'>2021-04-08 16:19:59</span>
													<span title='Test ended time' alt='Test ended time' class='test-ended-time label red lighten-1 text-white'>2021-04-08 16:20:04</span>
													<span title='Time taken to finish' alt='Time taken to finish' class='test-time-taken label blue-grey lighten-3 text-white'>0h 0m 5s+542ms</span>
												</div>
												<div class='test-desc'></div>
												<div class='test-attributes'>
												</div>
												<div class='test-steps'>
													<table class='bordered table-results'>
														<thead>
															<tr>
																<th>Status</th>
																<th>Timestamp</th>
																<th>Details</th>
															</tr>
														</thead>
														<tbody>
																<tr>
																	<td class='status pass' title='pass' alt='pass'><i class='mdi-action-check-circle'></i></td>
																	<td class='timestamp'>16:19:59</td>
																	<td class='step-details'>Test Description : Scenario_3_12 : Test for submit SS Template with password to open file.</td>
																</tr>
																<tr>
																	<td class='status pass' title='pass' alt='pass'><i class='mdi-action-check-circle'></i></td>
																	<td class='timestamp'>16:20:01</td>
																	<td class='step-details'>API URI : https://qa-test.assuresign.net/api/documentnow/v3.2/submit</td>
																</tr>
																<tr>
																	<td class='status pass' title='pass' alt='pass'><i class='mdi-action-check-circle'></i></td>
																	<td class='timestamp'>16:20:04</td>
																	<td class='step-details'>Response Time : 3450 milliseconds</td>
																</tr>
																<tr>
																	<td class='status fail' title='fail' alt='fail'><i class='mdi-navigation-cancel'></i></td>
																	<td class='timestamp'>16:20:04</td>
																	<td class='step-details'>TEST CASE FAILED IS submitSSTemplate_invalidID</td>
																</tr>
																<tr>
																	<td class='status fail' title='fail' alt='fail'><i class='mdi-navigation-cancel'></i></td>
																	<td class='timestamp'>16:20:04</td>
																	<td class='step-details'>TEST CASE FAILED IS java.lang.AssertionError: 1 expectation failed.
Expected status code <404> but was <500>.</td>
																</tr>
														</tbody>
													</table>
													<ul class='collapsible node-list' data-collapsible='accordion'>
													</ul>
												</div>
											</div>
										</li>
										<li class='collection-item test displayed active pass ' extentid='e71346ca-c9be-49b7-9dcd-09ec25a64fb6'>
											<div class='test-head'>
												<span class='test-name'>submitSSTemplate_pwdOpenFile </span>
												<span class='test-status label right outline capitalize pass'>pass</span>
												<span class='category-assigned hide '></span>
											</div>
											<div class='test-body'>
												<div class='test-info'>
													<span title='Test started time' alt='Test started time' class='test-started-time label green lighten-1 text-white'>2021-04-08 16:20:04</span>
													<span title='Test ended time' alt='Test ended time' class='test-ended-time label red lighten-1 text-white'>2021-04-08 16:20:09</span>
													<span title='Time taken to finish' alt='Time taken to finish' class='test-time-taken label blue-grey lighten-3 text-white'>0h 0m 4s+524ms</span>
												</div>
												<div class='test-desc'></div>
												<div class='test-attributes'>
												</div>
												<div class='test-steps'>
													<table class='bordered table-results'>
														<thead>
															<tr>
																<th>Status</th>
																<th>Timestamp</th>
																<th>Details</th>
															</tr>
														</thead>
														<tbody>
																<tr>
																	<td class='status pass' title='pass' alt='pass'><i class='mdi-action-check-circle'></i></td>
																	<td class='timestamp'>16:20:04</td>
																	<td class='step-details'>Test Description : Scenario_3_12 : Test for submit SS Template with password to open file.</td>
																</tr>
																<tr>
																	<td class='status pass' title='pass' alt='pass'><i class='mdi-action-check-circle'></i></td>
																	<td class='timestamp'>16:20:06</td>
																	<td class='step-details'>API URI : https://qa-test.assuresign.net/api/documentnow/v3.2/submit</td>
																</tr>
																<tr>
																	<td class='status pass' title='pass' alt='pass'><i class='mdi-action-check-circle'></i></td>
																	<td class='timestamp'>16:20:09</td>
																	<td class='step-details'>Response Time : 2450 milliseconds</td>
																</tr>
																<tr>
																	<td class='status pass' title='pass' alt='pass'><i class='mdi-action-check-circle'></i></td>
																	<td class='timestamp'>16:20:09</td>
																	<td class='step-details'>Test Case PASSED IS : submitSSTemplate_pwdOpenFile</td>
																</tr>
																<tr>
																	<td class='status pass' title='pass' alt='pass'><i class='mdi-action-check-circle'></i></td>
																	<td class='timestamp'>16:20:09</td>
																	<td class='step-details'>API Version : 3.2</td>
																</tr>
																<tr>
																	<td class='status pass' title='pass' alt='pass'><i class='mdi-action-check-circle'></i></td>
																	<td class='timestamp'>16:20:09</td>
																	<td class='step-details'>Response : {
    "errorCode": "BAD_REQUEST",
    "summary": "The document 'password protect pdf_1toopen_2to edit.pdf' you are attempting to load is password protected.  To proceed further, please remove document password."
}</td>
																</tr>
														</tbody>
													</table>
													<ul class='collapsible node-list' data-collapsible='accordion'>
													</ul>
												</div>
											</div>
										</li>
										<li class='collection-item test displayed active fail ' extentid='4565d6a4-72f3-4383-ad2f-d247d114fd77'>
											<div class='test-head'>
												<span class='test-name'>submitSSTemplate_signerPassword </span>
												<span class='test-status label right outline capitalize fail'>fail</span>
												<span class='category-assigned hide '></span>
											</div>
											<div class='test-body'>
												<div class='test-info'>
													<span title='Test started time' alt='Test started time' class='test-started-time label green lighten-1 text-white'>2021-04-08 16:20:09</span>
													<span title='Test ended time' alt='Test ended time' class='test-ended-time label red lighten-1 text-white'>2021-04-08 16:20:14</span>
													<span title='Time taken to finish' alt='Time taken to finish' class='test-time-taken label blue-grey lighten-3 text-white'>0h 0m 5s+649ms</span>
												</div>
												<div class='test-desc'></div>
												<div class='test-attributes'>
												</div>
												<div class='test-steps'>
													<table class='bordered table-results'>
														<thead>
															<tr>
																<th>Status</th>
																<th>Timestamp</th>
																<th>Details</th>
															</tr>
														</thead>
														<tbody>
																<tr>
																	<td class='status pass' title='pass' alt='pass'><i class='mdi-action-check-circle'></i></td>
																	<td class='timestamp'>16:20:09</td>
																	<td class='step-details'>Test Description : Scenario_3_12 : Test for submit SS Template with signer password.</td>
																</tr>
																<tr>
																	<td class='status pass' title='pass' alt='pass'><i class='mdi-action-check-circle'></i></td>
																	<td class='timestamp'>16:20:11</td>
																	<td class='step-details'>API URI : https://qa-test.assuresign.net/api/documentnow/v3.2/submit</td>
																</tr>
																<tr>
																	<td class='status pass' title='pass' alt='pass'><i class='mdi-action-check-circle'></i></td>
																	<td class='timestamp'>16:20:14</td>
																	<td class='step-details'>Response Time : 3534 milliseconds</td>
																</tr>
																<tr>
																	<td class='status fail' title='fail' alt='fail'><i class='mdi-navigation-cancel'></i></td>
																	<td class='timestamp'>16:20:14</td>
																	<td class='step-details'>TEST CASE FAILED IS submitSSTemplate_signerPassword</td>
																</tr>
																<tr>
																	<td class='status fail' title='fail' alt='fail'><i class='mdi-navigation-cancel'></i></td>
																	<td class='timestamp'>16:20:14</td>
																	<td class='step-details'>TEST CASE FAILED IS java.lang.AssertionError: 1 expectation failed.
Expected status code <400> but was <500>.</td>
																</tr>
														</tbody>
													</table>
													<ul class='collapsible node-list' data-collapsible='accordion'>
													</ul>
												</div>
											</div>
										</li>
										<li class='collection-item test displayed active pass ' extentid='086f4780-dacb-465c-96d2-017d4290d6cb'>
											<div class='test-head'>
												<span class='test-name'>submitPlaceholderTemplate_oneDoc </span>
												<span class='test-status label right outline capitalize pass'>pass</span>
												<span class='category-assigned hide '></span>
											</div>
											<div class='test-body'>
												<div class='test-info'>
													<span title='Test started time' alt='Test started time' class='test-started-time label green lighten-1 text-white'>2021-04-08 16:20:14</span>
													<span title='Test ended time' alt='Test ended time' class='test-ended-time label red lighten-1 text-white'>2021-04-08 16:20:23</span>
													<span title='Time taken to finish' alt='Time taken to finish' class='test-time-taken label blue-grey lighten-3 text-white'>0h 0m 9s+58ms</span>
												</div>
												<div class='test-desc'></div>
												<div class='test-attributes'>
												</div>
												<div class='test-steps'>
													<table class='bordered table-results'>
														<thead>
															<tr>
																<th>Status</th>
																<th>Timestamp</th>
																<th>Details</th>
															</tr>
														</thead>
														<tbody>
																<tr>
																	<td class='status pass' title='pass' alt='pass'><i class='mdi-action-check-circle'></i></td>
																	<td class='timestamp'>16:20:14</td>
																	<td class='step-details'>Test Description : Scenario_3_13 : Test submit paceholder template- 46212- template with one document add other document to it.</td>
																</tr>
																<tr>
																	<td class='status pass' title='pass' alt='pass'><i class='mdi-action-check-circle'></i></td>
																	<td class='timestamp'>16:20:17</td>
																	<td class='step-details'>API URI : https://qa-test.assuresign.net/api/documentnow/v3.2/submit</td>
																</tr>
																<tr>
																	<td class='status pass' title='pass' alt='pass'><i class='mdi-action-check-circle'></i></td>
																	<td class='timestamp'>16:20:23</td>
																	<td class='step-details'>Response Time : 6748 milliseconds</td>
																</tr>
																<tr>
																	<td class='status pass' title='pass' alt='pass'><i class='mdi-action-check-circle'></i></td>
																	<td class='timestamp'>16:20:23</td>
																	<td class='step-details'>Test Case PASSED IS : submitPlaceholderTemplate_oneDoc</td>
																</tr>
																<tr>
																	<td class='status pass' title='pass' alt='pass'><i class='mdi-action-check-circle'></i></td>
																	<td class='timestamp'>16:20:23</td>
																	<td class='step-details'>API Version : 3.2</td>
																</tr>
																<tr>
																	<td class='status pass' title='pass' alt='pass'><i class='mdi-action-check-circle'></i></td>
																	<td class='timestamp'>16:20:23</td>
																	<td class='step-details'>Response : {
    "messages": [
        
    ],
    "result": {
        "envelopeID": "b8eb2c7b-5435-4a99-90d9-ad0400b29f56",
        "authToken": "7dc2ae57-c3ae-4678-a9b6-189d1b4d230d"
    }
}</td>
																</tr>
														</tbody>
													</table>
													<ul class='collapsible node-list' data-collapsible='accordion'>
													</ul>
												</div>
											</div>
										</li>
										<li class='collection-item test displayed active pass ' extentid='efefe426-434a-4877-9d41-187df8c162fb'>
											<div class='test-head'>
												<span class='test-name'>submitPlaceholderTemplate_twoDoc </span>
												<span class='test-status label right outline capitalize pass'>pass</span>
												<span class='category-assigned hide '></span>
											</div>
											<div class='test-body'>
												<div class='test-info'>
													<span title='Test started time' alt='Test started time' class='test-started-time label green lighten-1 text-white'>2021-04-08 16:20:23</span>
													<span title='Test ended time' alt='Test ended time' class='test-ended-time label red lighten-1 text-white'>2021-04-08 16:20:36</span>
													<span title='Time taken to finish' alt='Time taken to finish' class='test-time-taken label blue-grey lighten-3 text-white'>0h 0m 12s+938ms</span>
												</div>
												<div class='test-desc'></div>
												<div class='test-attributes'>
												</div>
												<div class='test-steps'>
													<table class='bordered table-results'>
														<thead>
															<tr>
																<th>Status</th>
																<th>Timestamp</th>
																<th>Details</th>
															</tr>
														</thead>
														<tbody>
																<tr>
																	<td class='status pass' title='pass' alt='pass'><i class='mdi-action-check-circle'></i></td>
																	<td class='timestamp'>16:20:23</td>
																	<td class='step-details'>Test Description : Scenario_3_13 : Test for submit paceholder template- 46212-relace 3page document1 with two new documents and keep second document in template unchanged.</td>
																</tr>
																<tr>
																	<td class='status pass' title='pass' alt='pass'><i class='mdi-action-check-circle'></i></td>
																	<td class='timestamp'>16:20:25</td>
																	<td class='step-details'>API URI : https://qa-test.assuresign.net/api/documentnow/v3.2/submit</td>
																</tr>
																<tr>
																	<td class='status pass' title='pass' alt='pass'><i class='mdi-action-check-circle'></i></td>
																	<td class='timestamp'>16:20:36</td>
																	<td class='step-details'>Response Time : 10989 milliseconds</td>
																</tr>
																<tr>
																	<td class='status pass' title='pass' alt='pass'><i class='mdi-action-check-circle'></i></td>
																	<td class='timestamp'>16:20:36</td>
																	<td class='step-details'>Test Case PASSED IS : submitPlaceholderTemplate_twoDoc</td>
																</tr>
																<tr>
																	<td class='status pass' title='pass' alt='pass'><i class='mdi-action-check-circle'></i></td>
																	<td class='timestamp'>16:20:36</td>
																	<td class='step-details'>API Version : 3.2</td>
																</tr>
																<tr>
																	<td class='status pass' title='pass' alt='pass'><i class='mdi-action-check-circle'></i></td>
																	<td class='timestamp'>16:20:36</td>
																	<td class='step-details'>Response : {
    "messages": [
        
    ],
    "result": {
        "envelopeID": "01f4d990-7dd9-4dec-9033-ad0400b2abc4",
        "authToken": "44eb0fbe-7b36-4d7c-8351-8e4984d2707c"
    }
}</td>
																</tr>
														</tbody>
													</table>
													<ul class='collapsible node-list' data-collapsible='accordion'>
													</ul>
												</div>
											</div>
										</li>
										<li class='collection-item test displayed active fail ' extentid='8f6a1ffd-b07c-4843-b961-272a8d925599'>
											<div class='test-head'>
												<span class='test-name'>submit_WrongConditionalLogic </span>
												<span class='test-status label right outline capitalize fail'>fail</span>
												<span class='category-assigned hide '></span>
											</div>
											<div class='test-body'>
												<div class='test-info'>
													<span title='Test started time' alt='Test started time' class='test-started-time label green lighten-1 text-white'>2021-04-08 16:20:36</span>
													<span title='Test ended time' alt='Test ended time' class='test-ended-time label red lighten-1 text-white'>2021-04-08 16:20:46</span>
													<span title='Time taken to finish' alt='Time taken to finish' class='test-time-taken label blue-grey lighten-3 text-white'>0h 0m 9s+267ms</span>
												</div>
												<div class='test-desc'></div>
												<div class='test-attributes'>
												</div>
												<div class='test-steps'>
													<table class='bordered table-results'>
														<thead>
															<tr>
																<th>Status</th>
																<th>Timestamp</th>
																<th>Details</th>
															</tr>
														</thead>
														<tbody>
																<tr>
																	<td class='status pass' title='pass' alt='pass'><i class='mdi-action-check-circle'></i></td>
																	<td class='timestamp'>16:20:36</td>
																	<td class='step-details'>Test Description : Scenario_3_18 : Test for submit -wrong conditional logic.</td>
																</tr>
																<tr>
																	<td class='status pass' title='pass' alt='pass'><i class='mdi-action-check-circle'></i></td>
																	<td class='timestamp'>16:20:38</td>
																	<td class='step-details'>API URI : https://qa-test.assuresign.net/api/documentnow/v3.2/submit</td>
																</tr>
																<tr>
																	<td class='status pass' title='pass' alt='pass'><i class='mdi-action-check-circle'></i></td>
																	<td class='timestamp'>16:20:46</td>
																	<td class='step-details'>Response Time : 7059 milliseconds</td>
																</tr>
																<tr>
																	<td class='status fail' title='fail' alt='fail'><i class='mdi-navigation-cancel'></i></td>
																	<td class='timestamp'>16:20:46</td>
																	<td class='step-details'>TEST CASE FAILED IS submit_WrongConditionalLogic</td>
																</tr>
																<tr>
																	<td class='status fail' title='fail' alt='fail'><i class='mdi-navigation-cancel'></i></td>
																	<td class='timestamp'>16:20:46</td>
																	<td class='step-details'>TEST CASE FAILED IS java.lang.AssertionError: 1 expectation failed.
Expected status code <400> but was <500>.</td>
																</tr>
														</tbody>
													</table>
													<ul class='collapsible node-list' data-collapsible='accordion'>
													</ul>
												</div>
											</div>
										</li>
								</ul>
							</div>
						</div>
					</div>
				</div>
				<div id='test-details-wrapper' class='col _addedCell2'>
					<div class='contents'>
						<div class='card-panel details-view'>
							<h5 class='details-name'></h5>
							<div class='step-filters right'>
								<span class='btn-floating btn-small waves-effect waves-light blue' status='info' alt='info' title='info'><i class='mdi-action-info-outline'></i></span>
								<span class='btn-floating btn-small waves-effect waves-light green' status='pass' alt='pass' title='pass'><i class='mdi-action-check-circle'></i></span>
								<span class='btn-floating btn-small waves-effect waves-light red' status='fail' alt='fail' title='fail'><i class='mdi-navigation-cancel'></i></span>
								<span class='btn-floating btn-small waves-effect waves-light red darken-4' status='fatal' alt='fatal' title='fatal'><i class='mdi-navigation-cancel'></i></span>
								<span class='btn-floating btn-small waves-effect waves-light red lighten-2' status='error' alt='error' title='error'><i class='mdi-alert-error'></i></span>
								<span class='btn-floating btn-small waves-effect waves-light orange' alt='warning' status='warning' title='warning'><i class='mdi-alert-warning'></i></span>
								<span class='btn-floating btn-small waves-effect waves-light cyan' status='skip' alt='skip' title='skip'><i class='mdi-content-redo'></i></span>
								<span class='btn-floating btn-small waves-effect waves-light grey darken-2' status='clear-step-filter' alt='Clear filters' title='Clear filters'><i class='mdi-content-clear'></i></span>
							</div>
							<div class='details-container'>
							</div>
						</div>
					</div>
				</div>
			</div>
			<!-- /tests -->
			
			<!-- categories -->
			<!-- /categories -->
			
			<!-- exceptions -->
			<!-- /exceptions -->
			
			<!-- testrunner logs -->
			<!-- /testrunner logs -->
			
		</div>
		<!-- /container -->
		
		<!-- test dashboard counts setting -->
		<div id='test-count-setting' class='modal bottom-sheet'> 
			<div class='modal-content'> 
				<h5>Configure Tests Count Setting</h5> 
				<input name='test-count-setting' type='radio' id='parentWithoutNodes' class='with-gap'> 
				<label for='parentWithoutNodes'>Parent Tests Only (Does not include child nodes in counts)</label> 
				<br> 
				<input name='test-count-setting' type='radio' id='parentWithoutNodesAndNodes' class='with-gap'> 
				<label for='parentWithoutNodesAndNodes'>Parent Tests Without Child Tests + Child Tests</label> 
				<br> 
				<input name='test-count-setting' type='radio' id='childNodes' class='with-gap'> 
				<label for='childNodes'>Child Tests Only</label> 
			</div> 
			<div class='modal-footer'> 
				<a href='#!' class='modal-action modal-close waves-effect waves-green btn'>Save</a> 
			</div> 
		</div>
		<!-- /test dashboard counts setting -->
		
		<!-- filter for step status -->
		<div id='step-status-filter' class='modal bottom-sheet'> 
			<div class='modal-content'> 
				<h5>Select status</h5> 
				<input checked class='filled-in' type='checkbox' id='step-dashboard-filter-pass'> 
				<label for='step-dashboard-filter-pass'>Pass</label> 
				<br> 
				<input checked class='filled-in' type='checkbox' id='step-dashboard-filter-fail'> 
				<label for='step-dashboard-filter-fail'>Fail</label> 
				<br> 
				<input checked class='filled-in' type='checkbox' id='step-dashboard-filter-fatal'> 
				<label for='step-dashboard-filter-fatal'>Fatal</label> 
				<br> 
				<input checked class='filled-in' type='checkbox' id='step-dashboard-filter-error'> 
				<label for='step-dashboard-filter-error'>Error</label> 
				<br> 
				<input checked class='filled-in' type='checkbox' id='step-dashboard-filter-warning'> 
				<label for='step-dashboard-filter-warning'>Warning</label> 
				<br> 
				<input checked class='filled-in' type='checkbox' id='step-dashboard-filter-skip'> 
				<label for='step-dashboard-filter-skip'>Skipped</label> 
				<br> 
				<input checked class='filled-in' type='checkbox' id='step-dashboard-filter-info'> 
				<label for='step-dashboard-filter-info'>Info</label> 
				<br> 
				<input checked class='filled-in' type='checkbox' id='step-dashboard-filter-unknown'> 
				<label for='step-dashboard-filter-unknown'>Unknown</label> 
			</div>
			<div class='modal-footer'> 
				<a href='#!' class='modal-action modal-close waves-effect waves-green btn'>Save</a> 
			</div> 
		</div>
		<!-- /filter for step status -->
		
		<script src='https://cdn.rawgit.com/anshooarora/extentreports/6032d73243ba4fe4fb8769eb9c315d4fdf16fe68/cdn/extent.js' type='text/javascript'></script>

		<script>$(document).ready(function() { $('.logo span').html('ExtentReports'); });</script>
		<script>
				
            
                $(document).ready(function() {
                    
                });
            
        
		</script>
	</body>
</html>
