<!DOCTYPE html>

<html>
  <head>
  <meta charset='utf-8'>
  <title>TestNG reports</title>

    <link type="text/css" href="testng-reports1.css" rel="stylesheet" id="ultra" />
    <link type="text/css" href="testng-reports.css" rel="stylesheet" id="retro" disabled="false"/>
    <script type="text/javascript" src="jquery.min.js"></script>
    <script type="text/javascript" src="testng-reports.js"></script>
    <script type="text/javascript" src="https://www.google.com/jsapi"></script>
    <script type='text/javascript'>
      google.load('visualization', '1', {packages:['table']});
      google.setOnLoadCallback(drawTable);
      var suiteTableInitFunctions = new Array();
      var suiteTableData = new Array();
    </script>
    <!--
      <script type="text/javascript" src="jquery-ui/js/jquery-ui-1.8.16.custom.min.js"></script>
     -->
  </head>

  <body>
    <div class="top-banner-root">
      <span class="top-banner-title-font">Test results</span>
      <button id="button" class="button">Switch Retro Theme</button> <!-- button -->
      <br/>
      <span class="top-banner-font-1">1 suite, 13 failed tests</span>
    </div> <!-- top-banner-root -->
    <div class="navigator-root">
      <div class="navigator-suite-header">
        <span>All suites</span>
        <a href="#" title="Collapse/expand all the suites" class="collapse-all-link">
          <img src="collapseall.gif" class="collapse-all-icon">
          </img> <!-- collapse-all-icon -->
        </a> <!-- collapse-all-link -->
      </div> <!-- navigator-suite-header -->
      <div class="suite">
        <div class="rounded-window">
          <div class="suite-header light-rounded-window-top">
            <a href="#" panel-name="suite-Suite" class="navigator-link">
              <span class="suite-name border-failed">Suite</span>
            </a> <!-- navigator-link -->
          </div> <!-- suite-header light-rounded-window-top -->
          <div class="navigator-suite-content">
            <div class="suite-section-title">
              <span>Info</span>
            </div> <!-- suite-section-title -->
            <div class="suite-section-content">
              <ul>
                <li>
                  <a href="#" panel-name="test-xml-Suite" class="navigator-link ">
                    <span>E:\WorkplaceEclips\API Automation\testng2.xml</span>
                  </a> <!-- navigator-link  -->
                </li>
                <li>
                  <a href="#" panel-name="testlist-Suite" class="navigator-link ">
                    <span class="test-stats">1 test</span>
                  </a> <!-- navigator-link  -->
                </li>
                <li>
                  <a href="#" panel-name="group-Suite" class="navigator-link ">
                    <span>0 groups</span>
                  </a> <!-- navigator-link  -->
                </li>
                <li>
                  <a href="#" panel-name="times-Suite" class="navigator-link ">
                    <span>Times</span>
                  </a> <!-- navigator-link  -->
                </li>
                <li>
                  <a href="#" panel-name="reporter-Suite" class="navigator-link ">
                    <span>Reporter output</span>
                  </a> <!-- navigator-link  -->
                </li>
                <li>
                  <a href="#" panel-name="ignored-methods-Suite" class="navigator-link ">
                    <span>Ignored methods</span>
                  </a> <!-- navigator-link  -->
                </li>
                <li>
                  <a href="#" panel-name="chronological-Suite" class="navigator-link ">
                    <span>Chronological view</span>
                  </a> <!-- navigator-link  -->
                </li>
              </ul>
            </div> <!-- suite-section-content -->
            <div class="result-section">
              <div class="suite-section-title">
                <span>Results</span>
              </div> <!-- suite-section-title -->
              <div class="suite-section-content">
                <ul>
                  <li>
                    <span class="method-stats">25 methods, 13 failed,   12 passed</span>
                  </li>
                  <li>
                    <span class="method-list-title failed">Failed methods</span>
                    <span class="show-or-hide-methods failed">
                      <a href="#" panel-name="suite-Suite" class="hide-methods failed suite-Suite"> (hide)</a> <!-- hide-methods failed suite-Suite -->
                      <a href="#" panel-name="suite-Suite" class="show-methods failed suite-Suite"> (show)</a> <!-- show-methods failed suite-Suite -->
                    </span>
                    <div class="method-list-content failed suite-Suite">
                      <span>
                        <img src="failed.png" width="3%"/>
                        <a href="#" panel-name="suite-Suite" title="net.assuresign.scenario_3.Scenario_3_8" class="method navigator-link" hash-for-method="submitHybridCallDeprecated(3.2)">submitHybridCallDeprecated(3.2)</a> <!-- method navigator-link -->
                      </span>
                      <br/>
                      <span>
                        <img src="failed.png" width="3%"/>
                        <a href="#" panel-name="suite-Suite" title="net.assuresign.scenario_3.Scenario_3_1" class="method navigator-link" hash-for-method="submitHybridCall_InvalidDocName(3.2)">submitHybridCall_InvalidDocName(3.2)</a> <!-- method navigator-link -->
                      </span>
                      <br/>
                      <span>
                        <img src="failed.png" width="3%"/>
                        <a href="#" panel-name="suite-Suite" title="net.assuresign.scenario_3.Scenario_3_12" class="method navigator-link" hash-for-method="submitSSTemplate_delayedStep(3.2)">submitSSTemplate_delayedStep(3.2)</a> <!-- method navigator-link -->
                      </span>
                      <br/>
                      <span>
                        <img src="failed.png" width="3%"/>
                        <a href="#" panel-name="suite-Suite" title="net.assuresign.scenario_3.Scenario_3_12" class="method navigator-link" hash-for-method="submitSSTemplate_invalidID(3.2)">submitSSTemplate_invalidID(3.2)</a> <!-- method navigator-link -->
                      </span>
                      <br/>
                      <span>
                        <img src="failed.png" width="3%"/>
                        <a href="#" panel-name="suite-Suite" title="net.assuresign.scenario_3.Scenario_3_12" class="method navigator-link" hash-for-method="submitSSTemplate_signerPassword(3.2)">submitSSTemplate_signerPassword(3.2)</a> <!-- method navigator-link -->
                      </span>
                      <br/>
                      <span>
                        <img src="failed.png" width="3%"/>
                        <a href="#" panel-name="suite-Suite" title="net.assuresign.scenario_3.Scenario_3_4" class="method navigator-link" hash-for-method="submit_DifferentFileType(3.2)">submit_DifferentFileType(3.2)</a> <!-- method navigator-link -->
                      </span>
                      <br/>
                      <span>
                        <img src="failed.png" width="3%"/>
                        <a href="#" panel-name="suite-Suite" title="net.assuresign.scenario_3.Scenario_3_9" class="method navigator-link" hash-for-method="submit_Doc128Char(3.2)">submit_Doc128Char(3.2)</a> <!-- method navigator-link -->
                      </span>
                      <br/>
                      <span>
                        <img src="failed.png" width="3%"/>
                        <a href="#" panel-name="suite-Suite" title="net.assuresign.scenario_3.Scenario_3_4" class="method navigator-link" hash-for-method="submit_HybridCallDifferentFileType(3.2)">submit_HybridCallDifferentFileType(3.2)</a> <!-- method navigator-link -->
                      </span>
                      <br/>
                      <span>
                        <img src="failed.png" width="3%"/>
                        <a href="#" panel-name="suite-Suite" title="net.assuresign.scenario_3.Scenario_3_10" class="method navigator-link" hash-for-method="submit_HybridCallMissingDocName(3.2)">submit_HybridCallMissingDocName(3.2)</a> <!-- method navigator-link -->
                      </span>
                      <br/>
                      <span>
                        <img src="failed.png" width="3%"/>
                        <a href="#" panel-name="suite-Suite" title="net.assuresign.scenario_3.Scenario_3_3" class="method navigator-link" hash-for-method="submit_LargeFile(3.2)">submit_LargeFile(3.2)</a> <!-- method navigator-link -->
                      </span>
                      <br/>
                      <span>
                        <img src="failed.png" width="3%"/>
                        <a href="#" panel-name="suite-Suite" title="net.assuresign.scenario_3.Scenario_3_18" class="method navigator-link" hash-for-method="submit_WrongConditionalLogic(3.2)">submit_WrongConditionalLogic(3.2)</a> <!-- method navigator-link -->
                      </span>
                      <br/>
                      <span>
                        <img src="failed.png" width="3%"/>
                        <a href="#" panel-name="suite-Suite" title="net.assuresign.scenario_3.Scenario_3_11" class="method navigator-link" hash-for-method="submit_withPwdToEditFile(3.2)">submit_withPwdToEditFile(3.2)</a> <!-- method navigator-link -->
                      </span>
                      <br/>
                      <span>
                        <img src="failed.png" width="3%"/>
                        <a href="#" panel-name="suite-Suite" title="net.assuresign.scenario_3.Scenario_3_11" class="method navigator-link" hash-for-method="submit_withPwdToOpenFile(3.2)">submit_withPwdToOpenFile(3.2)</a> <!-- method navigator-link -->
                      </span>
                      <br/>
                    </div> <!-- method-list-content failed suite-Suite -->
                  </li>
                  <li>
                    <span class="method-list-title passed">Passed methods</span>
                    <span class="show-or-hide-methods passed">
                      <a href="#" panel-name="suite-Suite" class="hide-methods passed suite-Suite"> (hide)</a> <!-- hide-methods passed suite-Suite -->
                      <a href="#" panel-name="suite-Suite" class="show-methods passed suite-Suite"> (show)</a> <!-- show-methods passed suite-Suite -->
                    </span>
                    <div class="method-list-content passed suite-Suite">
                      <span>
                        <img src="passed.png" width="3%"/>
                        <a href="#" panel-name="suite-Suite" title="net.assuresign.scenario_3.Scenario_3_8" class="method navigator-link" hash-for-method="sessionTokenDeprecated_44009(3.2)">sessionTokenDeprecated_44009(3.2)</a> <!-- method navigator-link -->
                      </span>
                      <br/>
                      <span>
                        <img src="passed.png" width="3%"/>
                        <a href="#" panel-name="suite-Suite" title="net.assuresign.scenario_3.Scenario_3_1" class="method navigator-link" hash-for-method="submitHybridCall(3.2)">submitHybridCall(3.2)</a> <!-- method navigator-link -->
                      </span>
                      <br/>
                      <span>
                        <img src="passed.png" width="3%"/>
                        <a href="#" panel-name="suite-Suite" title="net.assuresign.scenario_3.Scenario_3_13" class="method navigator-link" hash-for-method="submitPlaceholderTemplate_oneDoc(3.2)">submitPlaceholderTemplate_oneDoc(3.2)</a> <!-- method navigator-link -->
                      </span>
                      <br/>
                      <span>
                        <img src="passed.png" width="3%"/>
                        <a href="#" panel-name="suite-Suite" title="net.assuresign.scenario_3.Scenario_3_13" class="method navigator-link" hash-for-method="submitPlaceholderTemplate_twoDoc(3.2)">submitPlaceholderTemplate_twoDoc(3.2)</a> <!-- method navigator-link -->
                      </span>
                      <br/>
                      <span>
                        <img src="passed.png" width="3%"/>
                        <a href="#" panel-name="suite-Suite" title="net.assuresign.scenario_3.Scenario_3_10" class="method navigator-link" hash-for-method="submitSSTemplate_EmptyDocName(3.2)">submitSSTemplate_EmptyDocName(3.2)</a> <!-- method navigator-link -->
                      </span>
                      <br/>
                      <span>
                        <img src="passed.png" width="3%"/>
                        <a href="#" panel-name="suite-Suite" title="net.assuresign.scenario_3.Scenario_3_12" class="method navigator-link" hash-for-method="submitSSTemplate_pwdOpenFile(3.2)">submitSSTemplate_pwdOpenFile(3.2)</a> <!-- method navigator-link -->
                      </span>
                      <br/>
                      <span>
                        <img src="passed.png" width="3%"/>
                        <a href="#" panel-name="suite-Suite" title="net.assuresign.scenario_3.Scenario_3_4" class="method navigator-link" hash-for-method="submit_HybridCallDifferentFileTypeIncorrect(3.2)">submit_HybridCallDifferentFileTypeIncorrect(3.2)</a> <!-- method navigator-link -->
                      </span>
                      <br/>
                      <span>
                        <img src="passed.png" width="3%"/>
                        <a href="#" panel-name="suite-Suite" title="net.assuresign.scenario_3.Scenario_3_2" class="method navigator-link" hash-for-method="submit_InvalidTemplateID(3.2)">submit_InvalidTemplateID(3.2)</a> <!-- method navigator-link -->
                      </span>
                      <br/>
                      <span>
                        <img src="passed.png" width="3%"/>
                        <a href="#" panel-name="suite-Suite" title="net.assuresign.scenario_3.Scenario_3_9" class="method navigator-link" hash-for-method="submit_SSTemplate128Char(3.2)">submit_SSTemplate128Char(3.2)</a> <!-- method navigator-link -->
                      </span>
                      <br/>
                      <span>
                        <img src="passed.png" width="3%"/>
                        <a href="#" panel-name="suite-Suite" title="net.assuresign.scenario_3.Scenario_3_3" class="method navigator-link" hash-for-method="submit_SSTemplateLargeFile(3.2)">submit_SSTemplateLargeFile(3.2)</a> <!-- method navigator-link -->
                      </span>
                      <br/>
                      <span>
                        <img src="passed.png" width="3%"/>
                        <a href="#" panel-name="suite-Suite" title="net.assuresign.scenario_3.Scenario_3_2" class="method navigator-link" hash-for-method="submit_ValidTemplateID(3.2)">submit_ValidTemplateID(3.2)</a> <!-- method navigator-link -->
                      </span>
                      <br/>
                      <span>
                        <img src="passed.png" width="3%"/>
                        <a href="#" panel-name="suite-Suite" title="net.assuresign.scenario_3.Scenario_3_10" class="method navigator-link" hash-for-method="submit_missingDocName(3.2)">submit_missingDocName(3.2)</a> <!-- method navigator-link -->
                      </span>
                      <br/>
                    </div> <!-- method-list-content passed suite-Suite -->
                  </li>
                </ul>
              </div> <!-- suite-section-content -->
            </div> <!-- result-section -->
          </div> <!-- navigator-suite-content -->
        </div> <!-- rounded-window -->
      </div> <!-- suite -->
    </div> <!-- navigator-root -->
    <div class="wrapper">
      <div class="main-panel-root">
        <div panel-name="suite-Suite" class="panel Suite">
          <div class="suite-Suite-class-failed">
            <div class="main-panel-header rounded-window-top">
              <img src="failed.png"/>
              <span class="class-name">net.assuresign.scenario_3.Scenario_3_18</span>
            </div> <!-- main-panel-header rounded-window-top -->
            <div class="main-panel-content rounded-window-bottom">
              <div class="method">
                <div class="method-content">
                  <a name="submit_WrongConditionalLogic(3.2)">
                  </a> <!-- submit_WrongConditionalLogic(3.2) -->
                  <span class="method-name">submit_WrongConditionalLogic</span>
                  <span class="parameters">(3.2)</span>
                  <div class="stack-trace">java.lang.AssertionError: 1 expectation failed.
Expected status code &lt;400&gt; but was &lt;500&gt;.

	at org.codehaus.groovy.runtime.callsite.ConstructorSite$ConstructorSiteNoUnwrap.callConstructor(ConstructorSite.java:84)
	at org.codehaus.groovy.runtime.callsite.AbstractCallSite.callConstructor(AbstractCallSite.java:277)
	at io.restassured.internal.ResponseSpecificationImpl$HamcrestAssertionClosure.validate(ResponseSpecificationImpl.groovy:493)
	at io.restassured.internal.ResponseSpecificationImpl$HamcrestAssertionClosure$validate$1.call(Unknown Source)
	at io.restassured.internal.ResponseSpecificationImpl.validateResponseIfRequired(ResponseSpecificationImpl.groovy:674)
	at org.codehaus.groovy.runtime.callsite.PlainObjectMetaMethodSite.doInvoke(PlainObjectMetaMethodSite.java:43)
	at org.codehaus.groovy.runtime.callsite.PogoMetaMethodSite$PogoCachedMethodSiteNoUnwrapNoCoerce.invoke(PogoMetaMethodSite.java:193)
	at org.codehaus.groovy.runtime.callsite.PogoMetaMethodSite.callCurrent(PogoMetaMethodSite.java:61)
	at org.codehaus.groovy.runtime.callsite.AbstractCallSite.callCurrent(AbstractCallSite.java:185)
	at io.restassured.internal.ResponseSpecificationImpl.statusCode(ResponseSpecificationImpl.groovy:126)
	at io.restassured.internal.ValidatableResponseOptionsImpl.statusCode(ValidatableResponseOptionsImpl.java:84)
	at io.restassured.internal.ValidatableResponseImpl.super$2$statusCode(ValidatableResponseImpl.groovy)
	at groovy.lang.MetaMethod.doMethodInvoke(MetaMethod.java:323)
	at groovy.lang.MetaClassImpl.invokeMethod(MetaClassImpl.java:1268)
	at org.codehaus.groovy.runtime.ScriptBytecodeAdapter.invokeMethodOnSuperN(ScriptBytecodeAdapter.java:144)
	at io.restassured.internal.ValidatableResponseImpl.statusCode(ValidatableResponseImpl.groovy:136)
	at io.restassured.internal.ValidatableResponseImpl.statusCode(ValidatableResponseImpl.groovy)
	at net.assuresign.scenario_3.Scenario_3_18.submit_WrongConditionalLogic(Scenario_3_18.java:37)
	at java.base/java.util.ArrayList.forEach(ArrayList.java:1540)
... Removed 40 stack frames
</div> <!-- stack-trace -->
                </div> <!-- method-content -->
              </div> <!-- method -->
            </div> <!-- main-panel-content rounded-window-bottom -->
          </div> <!-- suite-Suite-class-failed -->
          <div class="suite-Suite-class-failed">
            <div class="main-panel-header rounded-window-top">
              <img src="failed.png"/>
              <span class="class-name">net.assuresign.scenario_3.Scenario_3_11</span>
            </div> <!-- main-panel-header rounded-window-top -->
            <div class="main-panel-content rounded-window-bottom">
              <div class="method">
                <div class="method-content">
                  <a name="submit_withPwdToEditFile(3.2)">
                  </a> <!-- submit_withPwdToEditFile(3.2) -->
                  <span class="method-name">submit_withPwdToEditFile</span>
                  <span class="parameters">(3.2)</span>
                  <div class="stack-trace">java.lang.AssertionError: 1 expectation failed.
Expected status code &lt;400&gt; but was &lt;500&gt;.

	at org.codehaus.groovy.runtime.callsite.ConstructorSite$ConstructorSiteNoUnwrap.callConstructor(ConstructorSite.java:84)
	at org.codehaus.groovy.runtime.callsite.AbstractCallSite.callConstructor(AbstractCallSite.java:277)
	at io.restassured.internal.ResponseSpecificationImpl$HamcrestAssertionClosure.validate(ResponseSpecificationImpl.groovy:493)
	at io.restassured.internal.ResponseSpecificationImpl$HamcrestAssertionClosure$validate$1.call(Unknown Source)
	at io.restassured.internal.ResponseSpecificationImpl.validateResponseIfRequired(ResponseSpecificationImpl.groovy:674)
	at org.codehaus.groovy.runtime.callsite.PlainObjectMetaMethodSite.doInvoke(PlainObjectMetaMethodSite.java:43)
	at org.codehaus.groovy.runtime.callsite.PogoMetaMethodSite$PogoCachedMethodSiteNoUnwrapNoCoerce.invoke(PogoMetaMethodSite.java:193)
	at org.codehaus.groovy.runtime.callsite.PogoMetaMethodSite.callCurrent(PogoMetaMethodSite.java:61)
	at org.codehaus.groovy.runtime.callsite.AbstractCallSite.callCurrent(AbstractCallSite.java:185)
	at io.restassured.internal.ResponseSpecificationImpl.statusCode(ResponseSpecificationImpl.groovy:126)
	at io.restassured.internal.ValidatableResponseOptionsImpl.statusCode(ValidatableResponseOptionsImpl.java:84)
	at io.restassured.internal.ValidatableResponseImpl.super$2$statusCode(ValidatableResponseImpl.groovy)
	at groovy.lang.MetaMethod.doMethodInvoke(MetaMethod.java:323)
	at groovy.lang.MetaClassImpl.invokeMethod(MetaClassImpl.java:1268)
	at org.codehaus.groovy.runtime.ScriptBytecodeAdapter.invokeMethodOnSuperN(ScriptBytecodeAdapter.java:144)
	at io.restassured.internal.ValidatableResponseImpl.statusCode(ValidatableResponseImpl.groovy:136)
	at io.restassured.internal.ValidatableResponseImpl.statusCode(ValidatableResponseImpl.groovy)
	at net.assuresign.scenario_3.Scenario_3_11.submit_withPwdToEditFile(Scenario_3_11.java:57)
	at java.base/java.util.ArrayList.forEach(ArrayList.java:1540)
... Removed 40 stack frames
</div> <!-- stack-trace -->
                </div> <!-- method-content -->
              </div> <!-- method -->
              <div class="method">
                <div class="method-content">
                  <a name="submit_withPwdToOpenFile(3.2)">
                  </a> <!-- submit_withPwdToOpenFile(3.2) -->
                  <span class="method-name">submit_withPwdToOpenFile</span>
                  <span class="parameters">(3.2)</span>
                  <div class="stack-trace">java.lang.AssertionError: 1 expectation failed.
Expected status code &lt;400&gt; but was &lt;500&gt;.

	at org.codehaus.groovy.runtime.callsite.ConstructorSite$ConstructorSiteNoUnwrap.callConstructor(ConstructorSite.java:84)
	at org.codehaus.groovy.runtime.callsite.AbstractCallSite.callConstructor(AbstractCallSite.java:277)
	at io.restassured.internal.ResponseSpecificationImpl$HamcrestAssertionClosure.validate(ResponseSpecificationImpl.groovy:493)
	at io.restassured.internal.ResponseSpecificationImpl$HamcrestAssertionClosure$validate$1.call(Unknown Source)
	at io.restassured.internal.ResponseSpecificationImpl.validateResponseIfRequired(ResponseSpecificationImpl.groovy:674)
	at org.codehaus.groovy.runtime.callsite.PlainObjectMetaMethodSite.doInvoke(PlainObjectMetaMethodSite.java:43)
	at org.codehaus.groovy.runtime.callsite.PogoMetaMethodSite$PogoCachedMethodSiteNoUnwrapNoCoerce.invoke(PogoMetaMethodSite.java:193)
	at org.codehaus.groovy.runtime.callsite.PogoMetaMethodSite.callCurrent(PogoMetaMethodSite.java:61)
	at org.codehaus.groovy.runtime.callsite.AbstractCallSite.callCurrent(AbstractCallSite.java:185)
	at io.restassured.internal.ResponseSpecificationImpl.statusCode(ResponseSpecificationImpl.groovy:126)
	at io.restassured.internal.ValidatableResponseOptionsImpl.statusCode(ValidatableResponseOptionsImpl.java:84)
	at io.restassured.internal.ValidatableResponseImpl.super$2$statusCode(ValidatableResponseImpl.groovy)
	at groovy.lang.MetaMethod.doMethodInvoke(MetaMethod.java:323)
	at groovy.lang.MetaClassImpl.invokeMethod(MetaClassImpl.java:1268)
	at org.codehaus.groovy.runtime.ScriptBytecodeAdapter.invokeMethodOnSuperN(ScriptBytecodeAdapter.java:144)
	at io.restassured.internal.ValidatableResponseImpl.statusCode(ValidatableResponseImpl.groovy:136)
	at io.restassured.internal.ValidatableResponseImpl.statusCode(ValidatableResponseImpl.groovy)
	at net.assuresign.scenario_3.Scenario_3_11.submit_withPwdToOpenFile(Scenario_3_11.java:36)
	at java.base/java.util.ArrayList.forEach(ArrayList.java:1540)
... Removed 40 stack frames
</div> <!-- stack-trace -->
                </div> <!-- method-content -->
              </div> <!-- method -->
            </div> <!-- main-panel-content rounded-window-bottom -->
          </div> <!-- suite-Suite-class-failed -->
          <div class="suite-Suite-class-failed">
            <div class="main-panel-header rounded-window-top">
              <img src="failed.png"/>
              <span class="class-name">net.assuresign.scenario_3.Scenario_3_1</span>
            </div> <!-- main-panel-header rounded-window-top -->
            <div class="main-panel-content rounded-window-bottom">
              <div class="method">
                <div class="method-content">
                  <a name="submitHybridCall_InvalidDocName(3.2)">
                  </a> <!-- submitHybridCall_InvalidDocName(3.2) -->
                  <span class="method-name">submitHybridCall_InvalidDocName</span>
                  <span class="parameters">(3.2)</span>
                  <div class="stack-trace">java.lang.AssertionError: 1 expectation failed.
Expected status code &lt;400&gt; but was &lt;500&gt;.

	at org.codehaus.groovy.runtime.callsite.ConstructorSite$ConstructorSiteNoUnwrap.callConstructor(ConstructorSite.java:84)
	at org.codehaus.groovy.runtime.callsite.CallSiteArray.defaultCallConstructor(CallSiteArray.java:59)
	at org.codehaus.groovy.runtime.callsite.AbstractCallSite.callConstructor(AbstractCallSite.java:263)
	at org.codehaus.groovy.runtime.callsite.AbstractCallSite.callConstructor(AbstractCallSite.java:277)
	at io.restassured.internal.ResponseSpecificationImpl$HamcrestAssertionClosure.validate(ResponseSpecificationImpl.groovy:493)
	at io.restassured.internal.ResponseSpecificationImpl$HamcrestAssertionClosure$validate$1.call(Unknown Source)
	at io.restassured.internal.ResponseSpecificationImpl.validateResponseIfRequired(ResponseSpecificationImpl.groovy:674)
	at org.codehaus.groovy.runtime.callsite.PlainObjectMetaMethodSite.doInvoke(PlainObjectMetaMethodSite.java:43)
	at org.codehaus.groovy.runtime.callsite.PogoMetaMethodSite$PogoCachedMethodSiteNoUnwrapNoCoerce.invoke(PogoMetaMethodSite.java:193)
	at org.codehaus.groovy.runtime.callsite.PogoMetaMethodSite.callCurrent(PogoMetaMethodSite.java:61)
	at org.codehaus.groovy.runtime.callsite.AbstractCallSite.callCurrent(AbstractCallSite.java:185)
	at io.restassured.internal.ResponseSpecificationImpl.statusCode(ResponseSpecificationImpl.groovy:126)
	at io.restassured.internal.ValidatableResponseOptionsImpl.statusCode(ValidatableResponseOptionsImpl.java:84)
	at io.restassured.internal.ValidatableResponseImpl.super$2$statusCode(ValidatableResponseImpl.groovy)
	at groovy.lang.MetaMethod.doMethodInvoke(MetaMethod.java:323)
	at groovy.lang.MetaClassImpl.invokeMethod(MetaClassImpl.java:1268)
	at org.codehaus.groovy.runtime.ScriptBytecodeAdapter.invokeMethodOnSuperN(ScriptBytecodeAdapter.java:144)
	at io.restassured.internal.ValidatableResponseImpl.statusCode(ValidatableResponseImpl.groovy:136)
	at io.restassured.internal.ValidatableResponseImpl.statusCode(ValidatableResponseImpl.groovy)
	at net.assuresign.scenario_3.Scenario_3_1.submitHybridCall_InvalidDocName(Scenario_3_1.java:64)
	at java.base/java.util.ArrayList.forEach(ArrayList.java:1540)
... Removed 42 stack frames
</div> <!-- stack-trace -->
                </div> <!-- method-content -->
              </div> <!-- method -->
            </div> <!-- main-panel-content rounded-window-bottom -->
          </div> <!-- suite-Suite-class-failed -->
          <div class="suite-Suite-class-failed">
            <div class="main-panel-header rounded-window-top">
              <img src="failed.png"/>
              <span class="class-name">net.assuresign.scenario_3.Scenario_3_4</span>
            </div> <!-- main-panel-header rounded-window-top -->
            <div class="main-panel-content rounded-window-bottom">
              <div class="method">
                <div class="method-content">
                  <a name="submit_DifferentFileType(3.2)">
                  </a> <!-- submit_DifferentFileType(3.2) -->
                  <span class="method-name">submit_DifferentFileType</span>
                  <span class="parameters">(3.2)</span>
                  <div class="stack-trace">java.lang.AssertionError: 1 expectation failed.
Expected status code &lt;200&gt; but was &lt;500&gt;.

	at org.codehaus.groovy.runtime.callsite.ConstructorSite$ConstructorSiteNoUnwrap.callConstructor(ConstructorSite.java:84)
	at org.codehaus.groovy.runtime.callsite.AbstractCallSite.callConstructor(AbstractCallSite.java:277)
	at io.restassured.internal.ResponseSpecificationImpl$HamcrestAssertionClosure.validate(ResponseSpecificationImpl.groovy:493)
	at io.restassured.internal.ResponseSpecificationImpl$HamcrestAssertionClosure$validate$1.call(Unknown Source)
	at io.restassured.internal.ResponseSpecificationImpl.validateResponseIfRequired(ResponseSpecificationImpl.groovy:674)
	at org.codehaus.groovy.runtime.callsite.PlainObjectMetaMethodSite.doInvoke(PlainObjectMetaMethodSite.java:43)
	at org.codehaus.groovy.runtime.callsite.PogoMetaMethodSite$PogoCachedMethodSiteNoUnwrapNoCoerce.invoke(PogoMetaMethodSite.java:193)
	at org.codehaus.groovy.runtime.callsite.PogoMetaMethodSite.callCurrent(PogoMetaMethodSite.java:61)
	at org.codehaus.groovy.runtime.callsite.AbstractCallSite.callCurrent(AbstractCallSite.java:185)
	at io.restassured.internal.ResponseSpecificationImpl.statusCode(ResponseSpecificationImpl.groovy:126)
	at io.restassured.internal.ValidatableResponseOptionsImpl.statusCode(ValidatableResponseOptionsImpl.java:84)
	at io.restassured.internal.ValidatableResponseImpl.super$2$statusCode(ValidatableResponseImpl.groovy)
	at groovy.lang.MetaMethod.doMethodInvoke(MetaMethod.java:323)
	at groovy.lang.MetaClassImpl.invokeMethod(MetaClassImpl.java:1268)
	at org.codehaus.groovy.runtime.ScriptBytecodeAdapter.invokeMethodOnSuperN(ScriptBytecodeAdapter.java:144)
	at io.restassured.internal.ValidatableResponseImpl.statusCode(ValidatableResponseImpl.groovy:136)
	at io.restassured.internal.ValidatableResponseImpl.statusCode(ValidatableResponseImpl.groovy)
	at net.assuresign.scenario_3.Scenario_3_4.submit_DifferentFileType(Scenario_3_4.java:36)
	at java.base/java.util.ArrayList.forEach(ArrayList.java:1540)
... Removed 41 stack frames
</div> <!-- stack-trace -->
                </div> <!-- method-content -->
              </div> <!-- method -->
              <div class="method">
                <div class="method-content">
                  <a name="submit_HybridCallDifferentFileType(3.2)">
                  </a> <!-- submit_HybridCallDifferentFileType(3.2) -->
                  <span class="method-name">submit_HybridCallDifferentFileType</span>
                  <span class="parameters">(3.2)</span>
                  <div class="stack-trace">java.lang.AssertionError: 1 expectation failed.
Expected status code &lt;200&gt; but was &lt;500&gt;.

	at org.codehaus.groovy.runtime.callsite.ConstructorSite$ConstructorSiteNoUnwrap.callConstructor(ConstructorSite.java:84)
	at org.codehaus.groovy.runtime.callsite.AbstractCallSite.callConstructor(AbstractCallSite.java:277)
	at io.restassured.internal.ResponseSpecificationImpl$HamcrestAssertionClosure.validate(ResponseSpecificationImpl.groovy:493)
	at io.restassured.internal.ResponseSpecificationImpl$HamcrestAssertionClosure$validate$1.call(Unknown Source)
	at io.restassured.internal.ResponseSpecificationImpl.validateResponseIfRequired(ResponseSpecificationImpl.groovy:674)
	at org.codehaus.groovy.runtime.callsite.PlainObjectMetaMethodSite.doInvoke(PlainObjectMetaMethodSite.java:43)
	at org.codehaus.groovy.runtime.callsite.PogoMetaMethodSite$PogoCachedMethodSiteNoUnwrapNoCoerce.invoke(PogoMetaMethodSite.java:193)
	at org.codehaus.groovy.runtime.callsite.PogoMetaMethodSite.callCurrent(PogoMetaMethodSite.java:61)
	at org.codehaus.groovy.runtime.callsite.AbstractCallSite.callCurrent(AbstractCallSite.java:185)
	at io.restassured.internal.ResponseSpecificationImpl.statusCode(ResponseSpecificationImpl.groovy:126)
	at io.restassured.internal.ValidatableResponseOptionsImpl.statusCode(ValidatableResponseOptionsImpl.java:84)
	at io.restassured.internal.ValidatableResponseImpl.super$2$statusCode(ValidatableResponseImpl.groovy)
	at groovy.lang.MetaMethod.doMethodInvoke(MetaMethod.java:323)
	at groovy.lang.MetaClassImpl.invokeMethod(MetaClassImpl.java:1268)
	at org.codehaus.groovy.runtime.ScriptBytecodeAdapter.invokeMethodOnSuperN(ScriptBytecodeAdapter.java:144)
	at io.restassured.internal.ValidatableResponseImpl.statusCode(ValidatableResponseImpl.groovy:136)
	at io.restassured.internal.ValidatableResponseImpl.statusCode(ValidatableResponseImpl.groovy)
	at net.assuresign.scenario_3.Scenario_3_4.submit_HybridCallDifferentFileType(Scenario_3_4.java:57)
	at java.base/java.util.ArrayList.forEach(ArrayList.java:1540)
... Removed 41 stack frames
</div> <!-- stack-trace -->
                </div> <!-- method-content -->
              </div> <!-- method -->
            </div> <!-- main-panel-content rounded-window-bottom -->
          </div> <!-- suite-Suite-class-failed -->
          <div class="suite-Suite-class-failed">
            <div class="main-panel-header rounded-window-top">
              <img src="failed.png"/>
              <span class="class-name">net.assuresign.scenario_3.Scenario_3_12</span>
            </div> <!-- main-panel-header rounded-window-top -->
            <div class="main-panel-content rounded-window-bottom">
              <div class="method">
                <div class="method-content">
                  <a name="submitSSTemplate_delayedStep(3.2)">
                  </a> <!-- submitSSTemplate_delayedStep(3.2) -->
                  <span class="method-name">submitSSTemplate_delayedStep</span>
                  <span class="parameters">(3.2)</span>
                  <div class="stack-trace">java.lang.AssertionError: 1 expectation failed.
Expected status code &lt;200&gt; but was &lt;500&gt;.

	at org.codehaus.groovy.runtime.callsite.ConstructorSite$ConstructorSiteNoUnwrap.callConstructor(ConstructorSite.java:84)
	at org.codehaus.groovy.runtime.callsite.AbstractCallSite.callConstructor(AbstractCallSite.java:277)
	at io.restassured.internal.ResponseSpecificationImpl$HamcrestAssertionClosure.validate(ResponseSpecificationImpl.groovy:493)
	at io.restassured.internal.ResponseSpecificationImpl$HamcrestAssertionClosure$validate$1.call(Unknown Source)
	at io.restassured.internal.ResponseSpecificationImpl.validateResponseIfRequired(ResponseSpecificationImpl.groovy:674)
	at org.codehaus.groovy.runtime.callsite.PlainObjectMetaMethodSite.doInvoke(PlainObjectMetaMethodSite.java:43)
	at org.codehaus.groovy.runtime.callsite.PogoMetaMethodSite$PogoCachedMethodSiteNoUnwrapNoCoerce.invoke(PogoMetaMethodSite.java:193)
	at org.codehaus.groovy.runtime.callsite.PogoMetaMethodSite.callCurrent(PogoMetaMethodSite.java:61)
	at org.codehaus.groovy.runtime.callsite.AbstractCallSite.callCurrent(AbstractCallSite.java:185)
	at io.restassured.internal.ResponseSpecificationImpl.statusCode(ResponseSpecificationImpl.groovy:126)
	at io.restassured.internal.ValidatableResponseOptionsImpl.statusCode(ValidatableResponseOptionsImpl.java:84)
	at io.restassured.internal.ValidatableResponseImpl.super$2$statusCode(ValidatableResponseImpl.groovy)
	at groovy.lang.MetaMethod.doMethodInvoke(MetaMethod.java:323)
	at groovy.lang.MetaClassImpl.invokeMethod(MetaClassImpl.java:1268)
	at org.codehaus.groovy.runtime.ScriptBytecodeAdapter.invokeMethodOnSuperN(ScriptBytecodeAdapter.java:144)
	at io.restassured.internal.ValidatableResponseImpl.statusCode(ValidatableResponseImpl.groovy:136)
	at io.restassured.internal.ValidatableResponseImpl.statusCode(ValidatableResponseImpl.groovy)
	at net.assuresign.scenario_3.Scenario_3_12.submitSSTemplate_delayedStep(Scenario_3_12.java:54)
	at java.base/java.util.ArrayList.forEach(ArrayList.java:1540)
... Removed 40 stack frames
</div> <!-- stack-trace -->
                </div> <!-- method-content -->
              </div> <!-- method -->
              <div class="method">
                <div class="method-content">
                  <a name="submitSSTemplate_invalidID(3.2)">
                  </a> <!-- submitSSTemplate_invalidID(3.2) -->
                  <span class="method-name">submitSSTemplate_invalidID</span>
                  <span class="parameters">(3.2)</span>
                  <div class="stack-trace">java.lang.AssertionError: 1 expectation failed.
Expected status code &lt;404&gt; but was &lt;500&gt;.

	at org.codehaus.groovy.runtime.callsite.ConstructorSite$ConstructorSiteNoUnwrap.callConstructor(ConstructorSite.java:84)
	at org.codehaus.groovy.runtime.callsite.AbstractCallSite.callConstructor(AbstractCallSite.java:277)
	at io.restassured.internal.ResponseSpecificationImpl$HamcrestAssertionClosure.validate(ResponseSpecificationImpl.groovy:493)
	at io.restassured.internal.ResponseSpecificationImpl$HamcrestAssertionClosure$validate$1.call(Unknown Source)
	at io.restassured.internal.ResponseSpecificationImpl.validateResponseIfRequired(ResponseSpecificationImpl.groovy:674)
	at org.codehaus.groovy.runtime.callsite.PlainObjectMetaMethodSite.doInvoke(PlainObjectMetaMethodSite.java:43)
	at org.codehaus.groovy.runtime.callsite.PogoMetaMethodSite$PogoCachedMethodSiteNoUnwrapNoCoerce.invoke(PogoMetaMethodSite.java:193)
	at org.codehaus.groovy.runtime.callsite.PogoMetaMethodSite.callCurrent(PogoMetaMethodSite.java:61)
	at org.codehaus.groovy.runtime.callsite.AbstractCallSite.callCurrent(AbstractCallSite.java:185)
	at io.restassured.internal.ResponseSpecificationImpl.statusCode(ResponseSpecificationImpl.groovy:126)
	at io.restassured.internal.ValidatableResponseOptionsImpl.statusCode(ValidatableResponseOptionsImpl.java:84)
	at io.restassured.internal.ValidatableResponseImpl.super$2$statusCode(ValidatableResponseImpl.groovy)
	at groovy.lang.MetaMethod.doMethodInvoke(MetaMethod.java:323)
	at groovy.lang.MetaClassImpl.invokeMethod(MetaClassImpl.java:1268)
	at org.codehaus.groovy.runtime.ScriptBytecodeAdapter.invokeMethodOnSuperN(ScriptBytecodeAdapter.java:144)
	at io.restassured.internal.ValidatableResponseImpl.statusCode(ValidatableResponseImpl.groovy:136)
	at io.restassured.internal.ValidatableResponseImpl.statusCode(ValidatableResponseImpl.groovy)
	at net.assuresign.scenario_3.Scenario_3_12.submitSSTemplate_invalidID(Scenario_3_12.java:94)
	at java.base/java.util.ArrayList.forEach(ArrayList.java:1540)
... Removed 40 stack frames
</div> <!-- stack-trace -->
                </div> <!-- method-content -->
              </div> <!-- method -->
              <div class="method">
                <div class="method-content">
                  <a name="submitSSTemplate_signerPassword(3.2)">
                  </a> <!-- submitSSTemplate_signerPassword(3.2) -->
                  <span class="method-name">submitSSTemplate_signerPassword</span>
                  <span class="parameters">(3.2)</span>
                  <div class="stack-trace">java.lang.AssertionError: 1 expectation failed.
Expected status code &lt;400&gt; but was &lt;500&gt;.

	at org.codehaus.groovy.runtime.callsite.ConstructorSite$ConstructorSiteNoUnwrap.callConstructor(ConstructorSite.java:84)
	at org.codehaus.groovy.runtime.callsite.AbstractCallSite.callConstructor(AbstractCallSite.java:277)
	at io.restassured.internal.ResponseSpecificationImpl$HamcrestAssertionClosure.validate(ResponseSpecificationImpl.groovy:493)
	at io.restassured.internal.ResponseSpecificationImpl$HamcrestAssertionClosure$validate$1.call(Unknown Source)
	at io.restassured.internal.ResponseSpecificationImpl.validateResponseIfRequired(ResponseSpecificationImpl.groovy:674)
	at org.codehaus.groovy.runtime.callsite.PlainObjectMetaMethodSite.doInvoke(PlainObjectMetaMethodSite.java:43)
	at org.codehaus.groovy.runtime.callsite.PogoMetaMethodSite$PogoCachedMethodSiteNoUnwrapNoCoerce.invoke(PogoMetaMethodSite.java:193)
	at org.codehaus.groovy.runtime.callsite.PogoMetaMethodSite.callCurrent(PogoMetaMethodSite.java:61)
	at org.codehaus.groovy.runtime.callsite.AbstractCallSite.callCurrent(AbstractCallSite.java:185)
	at io.restassured.internal.ResponseSpecificationImpl.statusCode(ResponseSpecificationImpl.groovy:126)
	at io.restassured.internal.ValidatableResponseOptionsImpl.statusCode(ValidatableResponseOptionsImpl.java:84)
	at io.restassured.internal.ValidatableResponseImpl.super$2$statusCode(ValidatableResponseImpl.groovy)
	at groovy.lang.MetaMethod.doMethodInvoke(MetaMethod.java:323)
	at groovy.lang.MetaClassImpl.invokeMethod(MetaClassImpl.java:1268)
	at org.codehaus.groovy.runtime.ScriptBytecodeAdapter.invokeMethodOnSuperN(ScriptBytecodeAdapter.java:144)
	at io.restassured.internal.ValidatableResponseImpl.statusCode(ValidatableResponseImpl.groovy:136)
	at io.restassured.internal.ValidatableResponseImpl.statusCode(ValidatableResponseImpl.groovy)
	at net.assuresign.scenario_3.Scenario_3_12.submitSSTemplate_signerPassword(Scenario_3_12.java:35)
	at java.base/java.util.ArrayList.forEach(ArrayList.java:1540)
... Removed 40 stack frames
</div> <!-- stack-trace -->
                </div> <!-- method-content -->
              </div> <!-- method -->
            </div> <!-- main-panel-content rounded-window-bottom -->
          </div> <!-- suite-Suite-class-failed -->
          <div class="suite-Suite-class-failed">
            <div class="main-panel-header rounded-window-top">
              <img src="failed.png"/>
              <span class="class-name">net.assuresign.scenario_3.Scenario_3_3</span>
            </div> <!-- main-panel-header rounded-window-top -->
            <div class="main-panel-content rounded-window-bottom">
              <div class="method">
                <div class="method-content">
                  <a name="submit_LargeFile(3.2)">
                  </a> <!-- submit_LargeFile(3.2) -->
                  <span class="method-name">submit_LargeFile</span>
                  <span class="parameters">(3.2)</span>
                  <div class="stack-trace">java.lang.AssertionError: 1 expectation failed.
Expected status code &lt;200&gt; but was &lt;500&gt;.

	at org.codehaus.groovy.runtime.callsite.ConstructorSite$ConstructorSiteNoUnwrap.callConstructor(ConstructorSite.java:84)
	at org.codehaus.groovy.runtime.callsite.AbstractCallSite.callConstructor(AbstractCallSite.java:277)
	at io.restassured.internal.ResponseSpecificationImpl$HamcrestAssertionClosure.validate(ResponseSpecificationImpl.groovy:493)
	at io.restassured.internal.ResponseSpecificationImpl$HamcrestAssertionClosure$validate$1.call(Unknown Source)
	at io.restassured.internal.ResponseSpecificationImpl.validateResponseIfRequired(ResponseSpecificationImpl.groovy:674)
	at org.codehaus.groovy.runtime.callsite.PlainObjectMetaMethodSite.doInvoke(PlainObjectMetaMethodSite.java:43)
	at org.codehaus.groovy.runtime.callsite.PogoMetaMethodSite$PogoCachedMethodSiteNoUnwrapNoCoerce.invoke(PogoMetaMethodSite.java:193)
	at org.codehaus.groovy.runtime.callsite.PogoMetaMethodSite.callCurrent(PogoMetaMethodSite.java:61)
	at org.codehaus.groovy.runtime.callsite.AbstractCallSite.callCurrent(AbstractCallSite.java:185)
	at io.restassured.internal.ResponseSpecificationImpl.statusCode(ResponseSpecificationImpl.groovy:126)
	at io.restassured.internal.ValidatableResponseOptionsImpl.statusCode(ValidatableResponseOptionsImpl.java:84)
	at io.restassured.internal.ValidatableResponseImpl.super$2$statusCode(ValidatableResponseImpl.groovy)
	at groovy.lang.MetaMethod.doMethodInvoke(MetaMethod.java:323)
	at groovy.lang.MetaClassImpl.invokeMethod(MetaClassImpl.java:1268)
	at org.codehaus.groovy.runtime.ScriptBytecodeAdapter.invokeMethodOnSuperN(ScriptBytecodeAdapter.java:144)
	at io.restassured.internal.ValidatableResponseImpl.statusCode(ValidatableResponseImpl.groovy:136)
	at io.restassured.internal.ValidatableResponseImpl.statusCode(ValidatableResponseImpl.groovy)
	at net.assuresign.scenario_3.Scenario_3_3.submit_LargeFile(Scenario_3_3.java:38)
	at java.base/java.util.ArrayList.forEach(ArrayList.java:1540)
... Removed 42 stack frames
</div> <!-- stack-trace -->
                </div> <!-- method-content -->
              </div> <!-- method -->
            </div> <!-- main-panel-content rounded-window-bottom -->
          </div> <!-- suite-Suite-class-failed -->
          <div class="suite-Suite-class-failed">
            <div class="main-panel-header rounded-window-top">
              <img src="failed.png"/>
              <span class="class-name">net.assuresign.scenario_3.Scenario_3_10</span>
            </div> <!-- main-panel-header rounded-window-top -->
            <div class="main-panel-content rounded-window-bottom">
              <div class="method">
                <div class="method-content">
                  <a name="submit_HybridCallMissingDocName(3.2)">
                  </a> <!-- submit_HybridCallMissingDocName(3.2) -->
                  <span class="method-name">submit_HybridCallMissingDocName</span>
                  <span class="parameters">(3.2)</span>
                  <div class="stack-trace">java.lang.AssertionError: 1 expectation failed.
Expected status code &lt;400&gt; but was &lt;500&gt;.

	at org.codehaus.groovy.runtime.callsite.ConstructorSite$ConstructorSiteNoUnwrap.callConstructor(ConstructorSite.java:84)
	at org.codehaus.groovy.runtime.callsite.AbstractCallSite.callConstructor(AbstractCallSite.java:277)
	at io.restassured.internal.ResponseSpecificationImpl$HamcrestAssertionClosure.validate(ResponseSpecificationImpl.groovy:493)
	at io.restassured.internal.ResponseSpecificationImpl$HamcrestAssertionClosure$validate$1.call(Unknown Source)
	at io.restassured.internal.ResponseSpecificationImpl.validateResponseIfRequired(ResponseSpecificationImpl.groovy:674)
	at org.codehaus.groovy.runtime.callsite.PlainObjectMetaMethodSite.doInvoke(PlainObjectMetaMethodSite.java:43)
	at org.codehaus.groovy.runtime.callsite.PogoMetaMethodSite$PogoCachedMethodSiteNoUnwrapNoCoerce.invoke(PogoMetaMethodSite.java:193)
	at org.codehaus.groovy.runtime.callsite.PogoMetaMethodSite.callCurrent(PogoMetaMethodSite.java:61)
	at org.codehaus.groovy.runtime.callsite.AbstractCallSite.callCurrent(AbstractCallSite.java:185)
	at io.restassured.internal.ResponseSpecificationImpl.statusCode(ResponseSpecificationImpl.groovy:126)
	at io.restassured.internal.ValidatableResponseOptionsImpl.statusCode(ValidatableResponseOptionsImpl.java:84)
	at io.restassured.internal.ValidatableResponseImpl.super$2$statusCode(ValidatableResponseImpl.groovy)
	at groovy.lang.MetaMethod.doMethodInvoke(MetaMethod.java:323)
	at groovy.lang.MetaClassImpl.invokeMethod(MetaClassImpl.java:1268)
	at org.codehaus.groovy.runtime.ScriptBytecodeAdapter.invokeMethodOnSuperN(ScriptBytecodeAdapter.java:144)
	at io.restassured.internal.ValidatableResponseImpl.statusCode(ValidatableResponseImpl.groovy:136)
	at io.restassured.internal.ValidatableResponseImpl.statusCode(ValidatableResponseImpl.groovy)
	at net.assuresign.scenario_3.Scenario_3_10.submit_HybridCallMissingDocName(Scenario_3_10.java:56)
	at java.base/java.util.ArrayList.forEach(ArrayList.java:1540)
... Removed 41 stack frames
</div> <!-- stack-trace -->
                </div> <!-- method-content -->
              </div> <!-- method -->
            </div> <!-- main-panel-content rounded-window-bottom -->
          </div> <!-- suite-Suite-class-failed -->
          <div class="suite-Suite-class-failed">
            <div class="main-panel-header rounded-window-top">
              <img src="failed.png"/>
              <span class="class-name">net.assuresign.scenario_3.Scenario_3_9</span>
            </div> <!-- main-panel-header rounded-window-top -->
            <div class="main-panel-content rounded-window-bottom">
              <div class="method">
                <div class="method-content">
                  <a name="submit_Doc128Char(3.2)">
                  </a> <!-- submit_Doc128Char(3.2) -->
                  <span class="method-name">submit_Doc128Char</span>
                  <span class="parameters">(3.2)</span>
                  <div class="stack-trace">java.lang.AssertionError: 1 expectation failed.
Expected status code &lt;400&gt; but was &lt;500&gt;.

	at org.codehaus.groovy.runtime.callsite.ConstructorSite$ConstructorSiteNoUnwrap.callConstructor(ConstructorSite.java:84)
	at org.codehaus.groovy.runtime.callsite.AbstractCallSite.callConstructor(AbstractCallSite.java:277)
	at io.restassured.internal.ResponseSpecificationImpl$HamcrestAssertionClosure.validate(ResponseSpecificationImpl.groovy:493)
	at io.restassured.internal.ResponseSpecificationImpl$HamcrestAssertionClosure$validate$1.call(Unknown Source)
	at io.restassured.internal.ResponseSpecificationImpl.validateResponseIfRequired(ResponseSpecificationImpl.groovy:674)
	at org.codehaus.groovy.runtime.callsite.PlainObjectMetaMethodSite.doInvoke(PlainObjectMetaMethodSite.java:43)
	at org.codehaus.groovy.runtime.callsite.PogoMetaMethodSite$PogoCachedMethodSiteNoUnwrapNoCoerce.invoke(PogoMetaMethodSite.java:193)
	at org.codehaus.groovy.runtime.callsite.PogoMetaMethodSite.callCurrent(PogoMetaMethodSite.java:61)
	at org.codehaus.groovy.runtime.callsite.AbstractCallSite.callCurrent(AbstractCallSite.java:185)
	at io.restassured.internal.ResponseSpecificationImpl.statusCode(ResponseSpecificationImpl.groovy:126)
	at io.restassured.internal.ValidatableResponseOptionsImpl.statusCode(ValidatableResponseOptionsImpl.java:84)
	at io.restassured.internal.ValidatableResponseImpl.super$2$statusCode(ValidatableResponseImpl.groovy)
	at groovy.lang.MetaMethod.doMethodInvoke(MetaMethod.java:323)
	at groovy.lang.MetaClassImpl.invokeMethod(MetaClassImpl.java:1268)
	at org.codehaus.groovy.runtime.ScriptBytecodeAdapter.invokeMethodOnSuperN(ScriptBytecodeAdapter.java:144)
	at io.restassured.internal.ValidatableResponseImpl.statusCode(ValidatableResponseImpl.groovy:136)
	at io.restassured.internal.ValidatableResponseImpl.statusCode(ValidatableResponseImpl.groovy)
	at net.assuresign.scenario_3.Scenario_3_9.submit_Doc128Char(Scenario_3_9.java:37)
	at java.base/java.util.ArrayList.forEach(ArrayList.java:1540)
... Removed 41 stack frames
</div> <!-- stack-trace -->
                </div> <!-- method-content -->
              </div> <!-- method -->
            </div> <!-- main-panel-content rounded-window-bottom -->
          </div> <!-- suite-Suite-class-failed -->
          <div class="suite-Suite-class-failed">
            <div class="main-panel-header rounded-window-top">
              <img src="failed.png"/>
              <span class="class-name">net.assuresign.scenario_3.Scenario_3_8</span>
            </div> <!-- main-panel-header rounded-window-top -->
            <div class="main-panel-content rounded-window-bottom">
              <div class="method">
                <div class="method-content">
                  <a name="submitHybridCallDeprecated(3.2)">
                  </a> <!-- submitHybridCallDeprecated(3.2) -->
                  <span class="method-name">submitHybridCallDeprecated</span>
                  <span class="parameters">(3.2)</span>
                  <div class="stack-trace">java.lang.AssertionError: 1 expectation failed.
Expected status code &lt;200&gt; but was &lt;500&gt;.

	at org.codehaus.groovy.runtime.callsite.ConstructorSite$ConstructorSiteNoUnwrap.callConstructor(ConstructorSite.java:84)
	at org.codehaus.groovy.runtime.callsite.AbstractCallSite.callConstructor(AbstractCallSite.java:277)
	at io.restassured.internal.ResponseSpecificationImpl$HamcrestAssertionClosure.validate(ResponseSpecificationImpl.groovy:493)
	at io.restassured.internal.ResponseSpecificationImpl$HamcrestAssertionClosure$validate$1.call(Unknown Source)
	at io.restassured.internal.ResponseSpecificationImpl.validateResponseIfRequired(ResponseSpecificationImpl.groovy:674)
	at org.codehaus.groovy.runtime.callsite.PlainObjectMetaMethodSite.doInvoke(PlainObjectMetaMethodSite.java:43)
	at org.codehaus.groovy.runtime.callsite.PogoMetaMethodSite$PogoCachedMethodSiteNoUnwrapNoCoerce.invoke(PogoMetaMethodSite.java:193)
	at org.codehaus.groovy.runtime.callsite.PogoMetaMethodSite.callCurrent(PogoMetaMethodSite.java:61)
	at org.codehaus.groovy.runtime.callsite.AbstractCallSite.callCurrent(AbstractCallSite.java:185)
	at io.restassured.internal.ResponseSpecificationImpl.statusCode(ResponseSpecificationImpl.groovy:126)
	at io.restassured.internal.ValidatableResponseOptionsImpl.statusCode(ValidatableResponseOptionsImpl.java:84)
	at io.restassured.internal.ValidatableResponseImpl.super$2$statusCode(ValidatableResponseImpl.groovy)
	at groovy.lang.MetaMethod.doMethodInvoke(MetaMethod.java:323)
	at groovy.lang.MetaClassImpl.invokeMethod(MetaClassImpl.java:1268)
	at org.codehaus.groovy.runtime.ScriptBytecodeAdapter.invokeMethodOnSuperN(ScriptBytecodeAdapter.java:144)
	at io.restassured.internal.ValidatableResponseImpl.statusCode(ValidatableResponseImpl.groovy:136)
	at io.restassured.internal.ValidatableResponseImpl.statusCode(ValidatableResponseImpl.groovy)
	at net.assuresign.scenario_3.Scenario_3_8.submitHybridCallDeprecated(Scenario_3_8.java:54)
	at java.base/java.util.ArrayList.forEach(ArrayList.java:1540)
... Removed 41 stack frames
</div> <!-- stack-trace -->
                </div> <!-- method-content -->
              </div> <!-- method -->
            </div> <!-- main-panel-content rounded-window-bottom -->
          </div> <!-- suite-Suite-class-failed -->
          <div class="suite-Suite-class-passed">
            <div class="main-panel-header rounded-window-top">
              <img src="passed.png"/>
              <span class="class-name">net.assuresign.scenario_3.Scenario_3_2</span>
            </div> <!-- main-panel-header rounded-window-top -->
            <div class="main-panel-content rounded-window-bottom">
              <div class="method">
                <div class="method-content">
                  <a name="submit_InvalidTemplateID(3.2)">
                  </a> <!-- submit_InvalidTemplateID(3.2) -->
                  <span class="method-name">submit_InvalidTemplateID</span>
                  <span class="parameters">(3.2)</span>
                </div> <!-- method-content -->
              </div> <!-- method -->
              <div class="method">
                <div class="method-content">
                  <a name="submit_ValidTemplateID(3.2)">
                  </a> <!-- submit_ValidTemplateID(3.2) -->
                  <span class="method-name">submit_ValidTemplateID</span>
                  <span class="parameters">(3.2)</span>
                </div> <!-- method-content -->
              </div> <!-- method -->
            </div> <!-- main-panel-content rounded-window-bottom -->
          </div> <!-- suite-Suite-class-passed -->
          <div class="suite-Suite-class-passed">
            <div class="main-panel-header rounded-window-top">
              <img src="passed.png"/>
              <span class="class-name">net.assuresign.scenario_3.Scenario_3_1</span>
            </div> <!-- main-panel-header rounded-window-top -->
            <div class="main-panel-content rounded-window-bottom">
              <div class="method">
                <div class="method-content">
                  <a name="submitHybridCall(3.2)">
                  </a> <!-- submitHybridCall(3.2) -->
                  <span class="method-name">submitHybridCall</span>
                  <span class="parameters">(3.2)</span>
                </div> <!-- method-content -->
              </div> <!-- method -->
            </div> <!-- main-panel-content rounded-window-bottom -->
          </div> <!-- suite-Suite-class-passed -->
          <div class="suite-Suite-class-passed">
            <div class="main-panel-header rounded-window-top">
              <img src="passed.png"/>
              <span class="class-name">net.assuresign.scenario_3.Scenario_3_13</span>
            </div> <!-- main-panel-header rounded-window-top -->
            <div class="main-panel-content rounded-window-bottom">
              <div class="method">
                <div class="method-content">
                  <a name="submitPlaceholderTemplate_oneDoc(3.2)">
                  </a> <!-- submitPlaceholderTemplate_oneDoc(3.2) -->
                  <span class="method-name">submitPlaceholderTemplate_oneDoc</span>
                  <span class="parameters">(3.2)</span>
                </div> <!-- method-content -->
              </div> <!-- method -->
              <div class="method">
                <div class="method-content">
                  <a name="submitPlaceholderTemplate_twoDoc(3.2)">
                  </a> <!-- submitPlaceholderTemplate_twoDoc(3.2) -->
                  <span class="method-name">submitPlaceholderTemplate_twoDoc</span>
                  <span class="parameters">(3.2)</span>
                </div> <!-- method-content -->
              </div> <!-- method -->
            </div> <!-- main-panel-content rounded-window-bottom -->
          </div> <!-- suite-Suite-class-passed -->
          <div class="suite-Suite-class-passed">
            <div class="main-panel-header rounded-window-top">
              <img src="passed.png"/>
              <span class="class-name">net.assuresign.scenario_3.Scenario_3_4</span>
            </div> <!-- main-panel-header rounded-window-top -->
            <div class="main-panel-content rounded-window-bottom">
              <div class="method">
                <div class="method-content">
                  <a name="submit_HybridCallDifferentFileTypeIncorrect(3.2)">
                  </a> <!-- submit_HybridCallDifferentFileTypeIncorrect(3.2) -->
                  <span class="method-name">submit_HybridCallDifferentFileTypeIncorrect</span>
                  <span class="parameters">(3.2)</span>
                </div> <!-- method-content -->
              </div> <!-- method -->
            </div> <!-- main-panel-content rounded-window-bottom -->
          </div> <!-- suite-Suite-class-passed -->
          <div class="suite-Suite-class-passed">
            <div class="main-panel-header rounded-window-top">
              <img src="passed.png"/>
              <span class="class-name">net.assuresign.scenario_3.Scenario_3_12</span>
            </div> <!-- main-panel-header rounded-window-top -->
            <div class="main-panel-content rounded-window-bottom">
              <div class="method">
                <div class="method-content">
                  <a name="submitSSTemplate_pwdOpenFile(3.2)">
                  </a> <!-- submitSSTemplate_pwdOpenFile(3.2) -->
                  <span class="method-name">submitSSTemplate_pwdOpenFile</span>
                  <span class="parameters">(3.2)</span>
                </div> <!-- method-content -->
              </div> <!-- method -->
            </div> <!-- main-panel-content rounded-window-bottom -->
          </div> <!-- suite-Suite-class-passed -->
          <div class="suite-Suite-class-passed">
            <div class="main-panel-header rounded-window-top">
              <img src="passed.png"/>
              <span class="class-name">net.assuresign.scenario_3.Scenario_3_3</span>
            </div> <!-- main-panel-header rounded-window-top -->
            <div class="main-panel-content rounded-window-bottom">
              <div class="method">
                <div class="method-content">
                  <a name="submit_SSTemplateLargeFile(3.2)">
                  </a> <!-- submit_SSTemplateLargeFile(3.2) -->
                  <span class="method-name">submit_SSTemplateLargeFile</span>
                  <span class="parameters">(3.2)</span>
                </div> <!-- method-content -->
              </div> <!-- method -->
            </div> <!-- main-panel-content rounded-window-bottom -->
          </div> <!-- suite-Suite-class-passed -->
          <div class="suite-Suite-class-passed">
            <div class="main-panel-header rounded-window-top">
              <img src="passed.png"/>
              <span class="class-name">net.assuresign.scenario_3.Scenario_3_9</span>
            </div> <!-- main-panel-header rounded-window-top -->
            <div class="main-panel-content rounded-window-bottom">
              <div class="method">
                <div class="method-content">
                  <a name="submit_SSTemplate128Char(3.2)">
                  </a> <!-- submit_SSTemplate128Char(3.2) -->
                  <span class="method-name">submit_SSTemplate128Char</span>
                  <span class="parameters">(3.2)</span>
                </div> <!-- method-content -->
              </div> <!-- method -->
            </div> <!-- main-panel-content rounded-window-bottom -->
          </div> <!-- suite-Suite-class-passed -->
          <div class="suite-Suite-class-passed">
            <div class="main-panel-header rounded-window-top">
              <img src="passed.png"/>
              <span class="class-name">net.assuresign.scenario_3.Scenario_3_10</span>
            </div> <!-- main-panel-header rounded-window-top -->
            <div class="main-panel-content rounded-window-bottom">
              <div class="method">
                <div class="method-content">
                  <a name="submitSSTemplate_EmptyDocName(3.2)">
                  </a> <!-- submitSSTemplate_EmptyDocName(3.2) -->
                  <span class="method-name">submitSSTemplate_EmptyDocName</span>
                  <span class="parameters">(3.2)</span>
                </div> <!-- method-content -->
              </div> <!-- method -->
              <div class="method">
                <div class="method-content">
                  <a name="submit_missingDocName(3.2)">
                  </a> <!-- submit_missingDocName(3.2) -->
                  <span class="method-name">submit_missingDocName</span>
                  <span class="parameters">(3.2)</span>
                </div> <!-- method-content -->
              </div> <!-- method -->
            </div> <!-- main-panel-content rounded-window-bottom -->
          </div> <!-- suite-Suite-class-passed -->
          <div class="suite-Suite-class-passed">
            <div class="main-panel-header rounded-window-top">
              <img src="passed.png"/>
              <span class="class-name">net.assuresign.scenario_3.Scenario_3_8</span>
            </div> <!-- main-panel-header rounded-window-top -->
            <div class="main-panel-content rounded-window-bottom">
              <div class="method">
                <div class="method-content">
                  <a name="sessionTokenDeprecated_44009(3.2)">
                  </a> <!-- sessionTokenDeprecated_44009(3.2) -->
                  <span class="method-name">sessionTokenDeprecated_44009</span>
                  <span class="parameters">(3.2)</span>
                </div> <!-- method-content -->
              </div> <!-- method -->
            </div> <!-- main-panel-content rounded-window-bottom -->
          </div> <!-- suite-Suite-class-passed -->
        </div> <!-- panel Suite -->
        <div panel-name="test-xml-Suite" class="panel">
          <div class="main-panel-header rounded-window-top">
            <span class="header-content">E:\WorkplaceEclips\API Automation\testng2.xml</span>
          </div> <!-- main-panel-header rounded-window-top -->
          <div class="main-panel-content rounded-window-bottom">
            <pre>
&lt;?xml version=&quot;1.0&quot; encoding=&quot;UTF-8&quot;?&gt;
&lt;!DOCTYPE suite SYSTEM &quot;https://testng.org/testng-1.0.dtd&quot;&gt;
&lt;suite name=&quot;Suite&quot; guice-stage=&quot;DEVELOPMENT&quot;&gt;
  &lt;listeners&gt;
    &lt;listener class-name=&quot;net.assuresign.utils.ListenersTestNG&quot;/&gt;
  &lt;/listeners&gt;
  &lt;test thread-count=&quot;5&quot; name=&quot;Test&quot;&gt;
    &lt;classes&gt;
      &lt;class name=&quot;net.assuresign.scenario_3.Scenario_3_1&quot;/&gt;
      &lt;class name=&quot;net.assuresign.scenario_3.Scenario_3_2&quot;/&gt;
      &lt;class name=&quot;net.assuresign.scenario_3.Scenario_3_3&quot;/&gt;
      &lt;class name=&quot;net.assuresign.scenario_3.Scenario_3_4&quot;/&gt;
      &lt;class name=&quot;net.assuresign.scenario_3.Scenario_3_8&quot;/&gt;
      &lt;class name=&quot;net.assuresign.scenario_3.Scenario_3_9&quot;/&gt;
      &lt;class name=&quot;net.assuresign.scenario_3.Scenario_3_10&quot;/&gt;
      &lt;class name=&quot;net.assuresign.scenario_3.Scenario_3_11&quot;/&gt;
      &lt;class name=&quot;net.assuresign.scenario_3.Scenario_3_12&quot;/&gt;
      &lt;class name=&quot;net.assuresign.scenario_3.Scenario_3_13&quot;/&gt;
      &lt;class name=&quot;net.assuresign.scenario_3.Scenario_3_18&quot;/&gt;
    &lt;/classes&gt;
  &lt;/test&gt; &lt;!-- Test --&gt;
&lt;/suite&gt; &lt;!-- Suite --&gt;
            </pre>
          </div> <!-- main-panel-content rounded-window-bottom -->
        </div> <!-- panel -->
        <div panel-name="testlist-Suite" class="panel">
          <div class="main-panel-header rounded-window-top">
            <span class="header-content">Tests for Suite</span>
          </div> <!-- main-panel-header rounded-window-top -->
          <div class="main-panel-content rounded-window-bottom">
            <ul>
              <li>
                <span class="test-name">Test (11 classes)</span>
              </li>
            </ul>
          </div> <!-- main-panel-content rounded-window-bottom -->
        </div> <!-- panel -->
        <div panel-name="group-Suite" class="panel">
          <div class="main-panel-header rounded-window-top">
            <span class="header-content">Groups for Suite</span>
          </div> <!-- main-panel-header rounded-window-top -->
          <div class="main-panel-content rounded-window-bottom">
          </div> <!-- main-panel-content rounded-window-bottom -->
        </div> <!-- panel -->
        <div panel-name="times-Suite" class="panel">
          <div class="main-panel-header rounded-window-top">
            <span class="header-content">Times for Suite</span>
          </div> <!-- main-panel-header rounded-window-top -->
          <div class="main-panel-content rounded-window-bottom">
            <div class="times-div">
              <script type="text/javascript">
suiteTableInitFunctions.push('tableData_Suite');
function tableData_Suite() {
var data = new google.visualization.DataTable();
data.addColumn('number', 'Number');
data.addColumn('string', 'Method');
data.addColumn('string', 'Class');
data.addColumn('number', 'Time (ms)');
data.addRows(25);
data.setCell(0, 0, 0)
data.setCell(0, 1, 'submit_LargeFile')
data.setCell(0, 2, 'net.assuresign.scenario_3.Scenario_3_3')
data.setCell(0, 3, 33670);
data.setCell(1, 0, 1)
data.setCell(1, 1, 'submitHybridCall')
data.setCell(1, 2, 'net.assuresign.scenario_3.Scenario_3_1')
data.setCell(1, 3, 21433);
data.setCell(2, 0, 2)
data.setCell(2, 1, 'submit_DifferentFileType')
data.setCell(2, 2, 'net.assuresign.scenario_3.Scenario_3_4')
data.setCell(2, 3, 15396);
data.setCell(3, 0, 3)
data.setCell(3, 1, 'submit_SSTemplateLargeFile')
data.setCell(3, 2, 'net.assuresign.scenario_3.Scenario_3_3')
data.setCell(3, 3, 14905);
data.setCell(4, 0, 4)
data.setCell(4, 1, 'submit_HybridCallDifferentFileType')
data.setCell(4, 2, 'net.assuresign.scenario_3.Scenario_3_4')
data.setCell(4, 3, 13275);
data.setCell(5, 0, 5)
data.setCell(5, 1, 'submitPlaceholderTemplate_twoDoc')
data.setCell(5, 2, 'net.assuresign.scenario_3.Scenario_3_13')
data.setCell(5, 3, 12936);
data.setCell(6, 0, 6)
data.setCell(6, 1, 'submit_withPwdToOpenFile')
data.setCell(6, 2, 'net.assuresign.scenario_3.Scenario_3_11')
data.setCell(6, 3, 10262);
data.setCell(7, 0, 7)
data.setCell(7, 1, 'submit_withPwdToEditFile')
data.setCell(7, 2, 'net.assuresign.scenario_3.Scenario_3_11')
data.setCell(7, 3, 9573);
data.setCell(8, 0, 8)
data.setCell(8, 1, 'submit_ValidTemplateID')
data.setCell(8, 2, 'net.assuresign.scenario_3.Scenario_3_2')
data.setCell(8, 3, 9472);
data.setCell(9, 0, 9)
data.setCell(9, 1, 'submit_WrongConditionalLogic')
data.setCell(9, 2, 'net.assuresign.scenario_3.Scenario_3_18')
data.setCell(9, 3, 9264);
data.setCell(10, 0, 10)
data.setCell(10, 1, 'submitPlaceholderTemplate_oneDoc')
data.setCell(10, 2, 'net.assuresign.scenario_3.Scenario_3_13')
data.setCell(10, 3, 9055);
data.setCell(11, 0, 11)
data.setCell(11, 1, 'submit_InvalidTemplateID')
data.setCell(11, 2, 'net.assuresign.scenario_3.Scenario_3_2')
data.setCell(11, 3, 7917);
data.setCell(12, 0, 12)
data.setCell(12, 1, 'submitHybridCall_InvalidDocName')
data.setCell(12, 2, 'net.assuresign.scenario_3.Scenario_3_1')
data.setCell(12, 3, 7627);
data.setCell(13, 0, 13)
data.setCell(13, 1, 'submit_Doc128Char')
data.setCell(13, 2, 'net.assuresign.scenario_3.Scenario_3_9')
data.setCell(13, 3, 7198);
data.setCell(14, 0, 14)
data.setCell(14, 1, 'submit_SSTemplate128Char')
data.setCell(14, 2, 'net.assuresign.scenario_3.Scenario_3_9')
data.setCell(14, 3, 6070);
data.setCell(15, 0, 15)
data.setCell(15, 1, 'submit_missingDocName')
data.setCell(15, 2, 'net.assuresign.scenario_3.Scenario_3_10')
data.setCell(15, 3, 5947);
data.setCell(16, 0, 16)
data.setCell(16, 1, 'submitSSTemplate_delayedStep')
data.setCell(16, 2, 'net.assuresign.scenario_3.Scenario_3_12')
data.setCell(16, 3, 5799);
data.setCell(17, 0, 17)
data.setCell(17, 1, 'submitSSTemplate_signerPassword')
data.setCell(17, 2, 'net.assuresign.scenario_3.Scenario_3_12')
data.setCell(17, 3, 5645);
data.setCell(18, 0, 18)
data.setCell(18, 1, 'submitSSTemplate_invalidID')
data.setCell(18, 2, 'net.assuresign.scenario_3.Scenario_3_12')
data.setCell(18, 3, 5538);
data.setCell(19, 0, 19)
data.setCell(19, 1, 'submit_HybridCallMissingDocName')
data.setCell(19, 2, 'net.assuresign.scenario_3.Scenario_3_10')
data.setCell(19, 3, 5464);
data.setCell(20, 0, 20)
data.setCell(20, 1, 'submitHybridCallDeprecated')
data.setCell(20, 2, 'net.assuresign.scenario_3.Scenario_3_8')
data.setCell(20, 3, 5440);
data.setCell(21, 0, 21)
data.setCell(21, 1, 'submit_HybridCallDifferentFileTypeIncorrect')
data.setCell(21, 2, 'net.assuresign.scenario_3.Scenario_3_4')
data.setCell(21, 3, 5099);
data.setCell(22, 0, 22)
data.setCell(22, 1, 'submitSSTemplate_EmptyDocName')
data.setCell(22, 2, 'net.assuresign.scenario_3.Scenario_3_10')
data.setCell(22, 3, 5082);
data.setCell(23, 0, 23)
data.setCell(23, 1, 'submitSSTemplate_pwdOpenFile')
data.setCell(23, 2, 'net.assuresign.scenario_3.Scenario_3_12')
data.setCell(23, 3, 4523);
data.setCell(24, 0, 24)
data.setCell(24, 1, 'sessionTokenDeprecated_44009')
data.setCell(24, 2, 'net.assuresign.scenario_3.Scenario_3_8')
data.setCell(24, 3, 2120);
window.suiteTableData['Suite']= { tableData: data, tableDiv: 'times-div-Suite'}
return data;
}
              </script>
              <span class="suite-total-time">Total running time: 3 minutes</span>
              <div id="times-div-Suite">
              </div> <!-- times-div-Suite -->
            </div> <!-- times-div -->
          </div> <!-- main-panel-content rounded-window-bottom -->
        </div> <!-- panel -->
        <div panel-name="reporter-Suite" class="panel">
          <div class="main-panel-header rounded-window-top">
            <span class="header-content">Reporter output for Suite</span>
          </div> <!-- main-panel-header rounded-window-top -->
          <div class="main-panel-content rounded-window-bottom">
          </div> <!-- main-panel-content rounded-window-bottom -->
        </div> <!-- panel -->
        <div panel-name="ignored-methods-Suite" class="panel">
          <div class="main-panel-header rounded-window-top">
            <span class="header-content">0 ignored methods</span>
          </div> <!-- main-panel-header rounded-window-top -->
          <div class="main-panel-content rounded-window-bottom">
          </div> <!-- main-panel-content rounded-window-bottom -->
        </div> <!-- panel -->
        <div panel-name="chronological-Suite" class="panel">
          <div class="main-panel-header rounded-window-top">
            <span class="header-content">Methods in chronological order</span>
          </div> <!-- main-panel-header rounded-window-top -->
          <div class="main-panel-content rounded-window-bottom">
            <div class="chronological-class">
              <div class="chronological-class-name">net.assuresign.scenario_3.Scenario_3_1</div> <!-- chronological-class-name -->
              <div class="configuration-method before">
                <span class="method-name">reportUp([TestResult name={null} status=CREATED method=Scenario_3_1.submitHybridCall(java.lang.String)[pri:0,...)</span>
                <span class="method-start">0 ms</span>
              </div> <!-- configuration-method before -->
              <div class="test-method">
                <span class="method-name">submitHybridCall(3.2)</span>
                <span class="method-start">7 ms</span>
              </div> <!-- test-method -->
              <div class="configuration-method after">
                <span class="method-name">tearDown([TestResult name=submitHybridCall status=SUCCESS method=Scenario_3_1.submitHybridCall(java.lang.Stri...)</span>
                <span class="method-start">21451 ms</span>
              </div> <!-- configuration-method after -->
              <div class="configuration-method before">
                <span class="method-name">reportUp([TestResult name={null} status=CREATED method=Scenario_3_1.submitHybridCall_InvalidDocName(java.lang...)</span>
                <span class="method-start">21456 ms</span>
              </div> <!-- configuration-method before -->
              <div class="test-method">
                <img src="failed.png">
                </img>
                <span class="method-name">submitHybridCall_InvalidDocName(3.2)</span>
                <span class="method-start">21457 ms</span>
              </div> <!-- test-method -->
              <div class="configuration-method after">
                <span class="method-name">tearDown([TestResult name=submitHybridCall_InvalidDocName status=FAILURE method=Scenario_3_1.submitHybridCall...)</span>
                <span class="method-start">29090 ms</span>
              </div> <!-- configuration-method after -->
            </div> <!-- chronological-class -->
            <div class="chronological-class">
              <div class="chronological-class-name">net.assuresign.scenario_3.Scenario_3_2</div> <!-- chronological-class-name -->
              <div class="configuration-method before">
                <span class="method-name">reportUp([TestResult name={null} status=CREATED method=Scenario_3_2.submit_InvalidTemplateID(java.lang.String...)</span>
                <span class="method-start">29094 ms</span>
              </div> <!-- configuration-method before -->
              <div class="test-method">
                <span class="method-name">submit_InvalidTemplateID(3.2)</span>
                <span class="method-start">29094 ms</span>
              </div> <!-- test-method -->
              <div class="configuration-method after">
                <span class="method-name">tearDown([TestResult name=submit_InvalidTemplateID status=SUCCESS method=Scenario_3_2.submit_InvalidTemplateI...)</span>
                <span class="method-start">37013 ms</span>
              </div> <!-- configuration-method after -->
              <div class="configuration-method before">
                <span class="method-name">reportUp([TestResult name={null} status=CREATED method=Scenario_3_2.submit_ValidTemplateID(java.lang.String)[...)</span>
                <span class="method-start">37015 ms</span>
              </div> <!-- configuration-method before -->
              <div class="test-method">
                <span class="method-name">submit_ValidTemplateID(3.2)</span>
                <span class="method-start">37018 ms</span>
              </div> <!-- test-method -->
              <div class="configuration-method after">
                <span class="method-name">tearDown([TestResult name=submit_ValidTemplateID status=SUCCESS method=Scenario_3_2.submit_ValidTemplateID(ja...)</span>
                <span class="method-start">46491 ms</span>
              </div> <!-- configuration-method after -->
            </div> <!-- chronological-class -->
            <div class="chronological-class">
              <div class="chronological-class-name">net.assuresign.scenario_3.Scenario_3_3</div> <!-- chronological-class-name -->
              <div class="test-method">
                <img src="failed.png">
                </img>
                <span class="method-name">submit_LargeFile(3.2)</span>
                <span class="method-start">46492 ms</span>
              </div> <!-- test-method -->
              <div class="configuration-method before">
                <span class="method-name">reportUp([TestResult name={null} status=CREATED method=Scenario_3_3.submit_LargeFile(java.lang.String)[pri:0,...)</span>
                <span class="method-start">46492 ms</span>
              </div> <!-- configuration-method before -->
              <div class="configuration-method after">
                <span class="method-name">tearDown([TestResult name=submit_LargeFile status=FAILURE method=Scenario_3_3.submit_LargeFile(java.lang.Stri...)</span>
                <span class="method-start">80168 ms</span>
              </div> <!-- configuration-method after -->
              <div class="test-method">
                <span class="method-name">submit_SSTemplateLargeFile(3.2)</span>
                <span class="method-start">80169 ms</span>
              </div> <!-- test-method -->
              <div class="configuration-method before">
                <span class="method-name">reportUp([TestResult name={null} status=CREATED method=Scenario_3_3.submit_SSTemplateLargeFile(java.lang.Stri...)</span>
                <span class="method-start">80169 ms</span>
              </div> <!-- configuration-method before -->
              <div class="configuration-method after">
                <span class="method-name">tearDown([TestResult name=submit_SSTemplateLargeFile status=SUCCESS method=Scenario_3_3.submit_SSTemplateLarg...)</span>
                <span class="method-start">95075 ms</span>
              </div> <!-- configuration-method after -->
            </div> <!-- chronological-class -->
            <div class="chronological-class">
              <div class="chronological-class-name">net.assuresign.scenario_3.Scenario_3_4</div> <!-- chronological-class-name -->
              <div class="configuration-method before">
                <span class="method-name">reportUp([TestResult name={null} status=CREATED method=Scenario_3_4.submit_DifferentFileType(java.lang.String...)</span>
                <span class="method-start">95077 ms</span>
              </div> <!-- configuration-method before -->
              <div class="test-method">
                <img src="failed.png">
                </img>
                <span class="method-name">submit_DifferentFileType(3.2)</span>
                <span class="method-start">95077 ms</span>
              </div> <!-- test-method -->
              <div class="configuration-method after">
                <span class="method-name">tearDown([TestResult name=submit_DifferentFileType status=FAILURE method=Scenario_3_4.submit_DifferentFileTyp...)</span>
                <span class="method-start">110477 ms</span>
              </div> <!-- configuration-method after -->
              <div class="configuration-method before">
                <span class="method-name">reportUp([TestResult name={null} status=CREATED method=Scenario_3_4.submit_HybridCallDifferentFileType(java.l...)</span>
                <span class="method-start">110478 ms</span>
              </div> <!-- configuration-method before -->
              <div class="test-method">
                <img src="failed.png">
                </img>
                <span class="method-name">submit_HybridCallDifferentFileType(3.2)</span>
                <span class="method-start">110479 ms</span>
              </div> <!-- test-method -->
              <div class="configuration-method after">
                <span class="method-name">tearDown([TestResult name=submit_HybridCallDifferentFileType status=FAILURE method=Scenario_3_4.submit_Hybrid...)</span>
                <span class="method-start">123759 ms</span>
              </div> <!-- configuration-method after -->
              <div class="configuration-method before">
                <span class="method-name">reportUp([TestResult name={null} status=CREATED method=Scenario_3_4.submit_HybridCallDifferentFileTypeIncorre...)</span>
                <span class="method-start">123760 ms</span>
              </div> <!-- configuration-method before -->
              <div class="test-method">
                <span class="method-name">submit_HybridCallDifferentFileTypeIncorrect(3.2)</span>
                <span class="method-start">123768 ms</span>
              </div> <!-- test-method -->
              <div class="configuration-method after">
                <span class="method-name">tearDown([TestResult name=submit_HybridCallDifferentFileTypeIncorrect status=SUCCESS method=Scenario_3_4.subm...)</span>
                <span class="method-start">128868 ms</span>
              </div> <!-- configuration-method after -->
            </div> <!-- chronological-class -->
            <div class="chronological-class">
              <div class="chronological-class-name">net.assuresign.scenario_3.Scenario_3_8</div> <!-- chronological-class-name -->
              <div class="configuration-method before">
                <span class="method-name">reportUp([TestResult name={null} status=CREATED method=Scenario_3_8.sessionTokenDeprecated_44009(java.lang.St...)</span>
                <span class="method-start">128870 ms</span>
              </div> <!-- configuration-method before -->
              <div class="test-method">
                <span class="method-name">sessionTokenDeprecated_44009(3.2)</span>
                <span class="method-start">128871 ms</span>
              </div> <!-- test-method -->
              <div class="configuration-method after">
                <span class="method-name">tearDown([TestResult name=sessionTokenDeprecated_44009 status=SUCCESS method=Scenario_3_8.sessionTokenDepreca...)</span>
                <span class="method-start">130992 ms</span>
              </div> <!-- configuration-method after -->
              <div class="test-method">
                <img src="failed.png">
                </img>
                <span class="method-name">submitHybridCallDeprecated(3.2)</span>
                <span class="method-start">130994 ms</span>
              </div> <!-- test-method -->
              <div class="configuration-method before">
                <span class="method-name">reportUp([TestResult name={null} status=CREATED method=Scenario_3_8.submitHybridCallDeprecated(java.lang.Stri...)</span>
                <span class="method-start">130994 ms</span>
              </div> <!-- configuration-method before -->
              <div class="configuration-method after">
                <span class="method-name">tearDown([TestResult name=submitHybridCallDeprecated status=FAILURE method=Scenario_3_8.submitHybridCallDepre...)</span>
                <span class="method-start">136438 ms</span>
              </div> <!-- configuration-method after -->
            </div> <!-- chronological-class -->
            <div class="chronological-class">
              <div class="chronological-class-name">net.assuresign.scenario_3.Scenario_3_9</div> <!-- chronological-class-name -->
              <div class="configuration-method before">
                <span class="method-name">reportUp([TestResult name={null} status=CREATED method=Scenario_3_9.submit_Doc128Char(java.lang.String)[pri:0...)</span>
                <span class="method-start">136440 ms</span>
              </div> <!-- configuration-method before -->
              <div class="test-method">
                <img src="failed.png">
                </img>
                <span class="method-name">submit_Doc128Char(3.2)</span>
                <span class="method-start">136441 ms</span>
              </div> <!-- test-method -->
              <div class="configuration-method after">
                <span class="method-name">tearDown([TestResult name=submit_Doc128Char status=FAILURE method=Scenario_3_9.submit_Doc128Char(java.lang.St...)</span>
                <span class="method-start">143643 ms</span>
              </div> <!-- configuration-method after -->
              <div class="configuration-method before">
                <span class="method-name">reportUp([TestResult name={null} status=CREATED method=Scenario_3_9.submit_SSTemplate128Char(java.lang.String...)</span>
                <span class="method-start">143651 ms</span>
              </div> <!-- configuration-method before -->
              <div class="test-method">
                <span class="method-name">submit_SSTemplate128Char(3.2)</span>
                <span class="method-start">143652 ms</span>
              </div> <!-- test-method -->
              <div class="configuration-method after">
                <span class="method-name">tearDown([TestResult name=submit_SSTemplate128Char status=SUCCESS method=Scenario_3_9.submit_SSTemplate128Cha...)</span>
                <span class="method-start">149726 ms</span>
              </div> <!-- configuration-method after -->
            </div> <!-- chronological-class -->
            <div class="chronological-class">
              <div class="chronological-class-name">net.assuresign.scenario_3.Scenario_3_10</div> <!-- chronological-class-name -->
              <div class="configuration-method before">
                <span class="method-name">reportUp([TestResult name={null} status=CREATED method=Scenario_3_10.submitSSTemplate_EmptyDocName(java.lang....)</span>
                <span class="method-start">149729 ms</span>
              </div> <!-- configuration-method before -->
              <div class="test-method">
                <span class="method-name">submitSSTemplate_EmptyDocName(3.2)</span>
                <span class="method-start">149731 ms</span>
              </div> <!-- test-method -->
              <div class="configuration-method after">
                <span class="method-name">tearDown([TestResult name=submitSSTemplate_EmptyDocName status=SUCCESS method=Scenario_3_10.submitSSTemplate_...)</span>
                <span class="method-start">154814 ms</span>
              </div> <!-- configuration-method after -->
              <div class="test-method">
                <img src="failed.png">
                </img>
                <span class="method-name">submit_HybridCallMissingDocName(3.2)</span>
                <span class="method-start">154815 ms</span>
              </div> <!-- test-method -->
              <div class="configuration-method before">
                <span class="method-name">reportUp([TestResult name={null} status=CREATED method=Scenario_3_10.submit_HybridCallMissingDocName(java.lan...)</span>
                <span class="method-start">154815 ms</span>
              </div> <!-- configuration-method before -->
              <div class="configuration-method after">
                <span class="method-name">tearDown([TestResult name=submit_HybridCallMissingDocName status=FAILURE method=Scenario_3_10.submit_HybridCa...)</span>
                <span class="method-start">160283 ms</span>
              </div> <!-- configuration-method after -->
              <div class="configuration-method before">
                <span class="method-name">reportUp([TestResult name={null} status=CREATED method=Scenario_3_10.submit_missingDocName(java.lang.String)[...)</span>
                <span class="method-start">160284 ms</span>
              </div> <!-- configuration-method before -->
              <div class="test-method">
                <span class="method-name">submit_missingDocName(3.2)</span>
                <span class="method-start">160286 ms</span>
              </div> <!-- test-method -->
              <div class="configuration-method after">
                <span class="method-name">tearDown([TestResult name=submit_missingDocName status=SUCCESS method=Scenario_3_10.submit_missingDocName(jav...)</span>
                <span class="method-start">166234 ms</span>
              </div> <!-- configuration-method after -->
            </div> <!-- chronological-class -->
            <div class="chronological-class">
              <div class="chronological-class-name">net.assuresign.scenario_3.Scenario_3_11</div> <!-- chronological-class-name -->
              <div class="test-method">
                <img src="failed.png">
                </img>
                <span class="method-name">submit_withPwdToEditFile(3.2)</span>
                <span class="method-start">166236 ms</span>
              </div> <!-- test-method -->
              <div class="configuration-method before">
                <span class="method-name">reportUp([TestResult name={null} status=CREATED method=Scenario_3_11.submit_withPwdToEditFile(java.lang.Strin...)</span>
                <span class="method-start">166236 ms</span>
              </div> <!-- configuration-method before -->
              <div class="configuration-method after">
                <span class="method-name">tearDown([TestResult name=submit_withPwdToEditFile status=FAILURE method=Scenario_3_11.submit_withPwdToEditFi...)</span>
                <span class="method-start">175812 ms</span>
              </div> <!-- configuration-method after -->
              <div class="configuration-method before">
                <span class="method-name">reportUp([TestResult name={null} status=CREATED method=Scenario_3_11.submit_withPwdToOpenFile(java.lang.Strin...)</span>
                <span class="method-start">175814 ms</span>
              </div> <!-- configuration-method before -->
              <div class="test-method">
                <img src="failed.png">
                </img>
                <span class="method-name">submit_withPwdToOpenFile(3.2)</span>
                <span class="method-start">175815 ms</span>
              </div> <!-- test-method -->
              <div class="configuration-method after">
                <span class="method-name">tearDown([TestResult name=submit_withPwdToOpenFile status=FAILURE method=Scenario_3_11.submit_withPwdToOpenFi...)</span>
                <span class="method-start">186082 ms</span>
              </div> <!-- configuration-method after -->
            </div> <!-- chronological-class -->
            <div class="chronological-class">
              <div class="chronological-class-name">net.assuresign.scenario_3.Scenario_3_12</div> <!-- chronological-class-name -->
              <div class="configuration-method before">
                <span class="method-name">reportUp([TestResult name={null} status=CREATED method=Scenario_3_12.submitSSTemplate_delayedStep(java.lang.S...)</span>
                <span class="method-start">186085 ms</span>
              </div> <!-- configuration-method before -->
              <div class="test-method">
                <img src="failed.png">
                </img>
                <span class="method-name">submitSSTemplate_delayedStep(3.2)</span>
                <span class="method-start">186086 ms</span>
              </div> <!-- test-method -->
              <div class="configuration-method after">
                <span class="method-name">tearDown([TestResult name=submitSSTemplate_delayedStep status=FAILURE method=Scenario_3_12.submitSSTemplate_d...)</span>
                <span class="method-start">191888 ms</span>
              </div> <!-- configuration-method after -->
              <div class="configuration-method before">
                <span class="method-name">reportUp([TestResult name={null} status=CREATED method=Scenario_3_12.submitSSTemplate_invalidID(java.lang.Str...)</span>
                <span class="method-start">191890 ms</span>
              </div> <!-- configuration-method before -->
              <div class="test-method">
                <img src="failed.png">
                </img>
                <span class="method-name">submitSSTemplate_invalidID(3.2)</span>
                <span class="method-start">191890 ms</span>
              </div> <!-- test-method -->
              <div class="configuration-method after">
                <span class="method-name">tearDown([TestResult name=submitSSTemplate_invalidID status=FAILURE method=Scenario_3_12.submitSSTemplate_inv...)</span>
                <span class="method-start">197431 ms</span>
              </div> <!-- configuration-method after -->
              <div class="configuration-method before">
                <span class="method-name">reportUp([TestResult name={null} status=CREATED method=Scenario_3_12.submitSSTemplate_pwdOpenFile(java.lang.S...)</span>
                <span class="method-start">197432 ms</span>
              </div> <!-- configuration-method before -->
              <div class="test-method">
                <span class="method-name">submitSSTemplate_pwdOpenFile(3.2)</span>
                <span class="method-start">197433 ms</span>
              </div> <!-- test-method -->
              <div class="configuration-method after">
                <span class="method-name">tearDown([TestResult name=submitSSTemplate_pwdOpenFile status=SUCCESS method=Scenario_3_12.submitSSTemplate_p...)</span>
                <span class="method-start">201957 ms</span>
              </div> <!-- configuration-method after -->
              <div class="configuration-method before">
                <span class="method-name">reportUp([TestResult name={null} status=CREATED method=Scenario_3_12.submitSSTemplate_signerPassword(java.lan...)</span>
                <span class="method-start">201957 ms</span>
              </div> <!-- configuration-method before -->
              <div class="test-method">
                <img src="failed.png">
                </img>
                <span class="method-name">submitSSTemplate_signerPassword(3.2)</span>
                <span class="method-start">201958 ms</span>
              </div> <!-- test-method -->
              <div class="configuration-method after">
                <span class="method-name">tearDown([TestResult name=submitSSTemplate_signerPassword status=FAILURE method=Scenario_3_12.submitSSTemplat...)</span>
                <span class="method-start">207606 ms</span>
              </div> <!-- configuration-method after -->
            </div> <!-- chronological-class -->
            <div class="chronological-class">
              <div class="chronological-class-name">net.assuresign.scenario_3.Scenario_3_13</div> <!-- chronological-class-name -->
              <div class="configuration-method before">
                <span class="method-name">reportUp([TestResult name={null} status=CREATED method=Scenario_3_13.submitPlaceholderTemplate_oneDoc(java.la...)</span>
                <span class="method-start">207608 ms</span>
              </div> <!-- configuration-method before -->
              <div class="test-method">
                <span class="method-name">submitPlaceholderTemplate_oneDoc(3.2)</span>
                <span class="method-start">207609 ms</span>
              </div> <!-- test-method -->
              <div class="configuration-method after">
                <span class="method-name">tearDown([TestResult name=submitPlaceholderTemplate_oneDoc status=SUCCESS method=Scenario_3_13.submitPlacehol...)</span>
                <span class="method-start">216665 ms</span>
              </div> <!-- configuration-method after -->
              <div class="test-method">
                <span class="method-name">submitPlaceholderTemplate_twoDoc(3.2)</span>
                <span class="method-start">216667 ms</span>
              </div> <!-- test-method -->
              <div class="configuration-method before">
                <span class="method-name">reportUp([TestResult name={null} status=CREATED method=Scenario_3_13.submitPlaceholderTemplate_twoDoc(java.la...)</span>
                <span class="method-start">216667 ms</span>
              </div> <!-- configuration-method before -->
              <div class="configuration-method after">
                <span class="method-name">tearDown([TestResult name=submitPlaceholderTemplate_twoDoc status=SUCCESS method=Scenario_3_13.submitPlacehol...)</span>
                <span class="method-start">229604 ms</span>
              </div> <!-- configuration-method after -->
            </div> <!-- chronological-class -->
            <div class="chronological-class">
              <div class="chronological-class-name">net.assuresign.scenario_3.Scenario_3_18</div> <!-- chronological-class-name -->
              <div class="test-method">
                <img src="failed.png">
                </img>
                <span class="method-name">submit_WrongConditionalLogic(3.2)</span>
                <span class="method-start">229606 ms</span>
              </div> <!-- test-method -->
              <div class="configuration-method before">
                <span class="method-name">reportUp([TestResult name={null} status=CREATED method=Scenario_3_18.submit_WrongConditionalLogic(java.lang.S...)</span>
                <span class="method-start">229606 ms</span>
              </div> <!-- configuration-method before -->
              <div class="configuration-method after">
                <span class="method-name">tearDown([TestResult name=submit_WrongConditionalLogic status=FAILURE method=Scenario_3_18.submit_WrongCondit...)</span>
                <span class="method-start">238873 ms</span>
              </div> <!-- configuration-method after -->
          </div> <!-- main-panel-content rounded-window-bottom -->
        </div> <!-- panel -->
      </div> <!-- main-panel-root -->
    </div> <!-- wrapper -->
  </body>
<script type="text/javascript" src="testng-reports2.js"></script>
</html>
