<?xml version="1.0" encoding="UTF-8"?>
<!-- Generated by org.testng.reporters.JUnitReportReporter -->
<<<<<<< HEAD
<testsuite hostname="tussar-PC" failures="0" tests="13" name="net.assuresign.scenario_8.Scenario_8" time="81.071" errors="3" timestamp="2021-05-26T04:35:38 IST" skipped="0">
  <testcase classname="net.assuresign.scenario_8.Scenario_8" name="getEnvelopesAnyFilter" time="10.616"/>
  <system-out/>
  <testcase classname="net.assuresign.scenario_8.Scenario_8" name="getEnvelope_ForInvalidEnvelopes" time="4.799">
=======
<testsuite hostname="tussar-PC" failures="0" tests="13" name="net.assuresign.scenario_8.Scenario_8" time="83.881" errors="3" timestamp="2021-05-26T04:57:30 IST" skipped="0">
  <testcase classname="net.assuresign.scenario_8.Scenario_8" name="getEnvelope_EmptyEnvelopID" time="8.318"/>
  <system-out/>
  <testcase classname="net.assuresign.scenario_8.Scenario_8" name="getEnvelopesAnyFilter" time="13.789"/>
  <system-out/>
  <testcase classname="net.assuresign.scenario_8.Scenario_8" name="getEnvelope_ForInvalidEnvelopes" time="4.841">
>>>>>>> master
    <error message="org.hamcrest.core.AnyOf.anyOf([Lorg/hamcrest/Matcher;)Lorg/hamcrest/core/AnyOf;" type="java.lang.NoSuchMethodError">
      <![CDATA[java.lang.NoSuchMethodError: org.hamcrest.core.AnyOf.anyOf([Lorg/hamcrest/Matcher;)Lorg/hamcrest/core/AnyOf;
at org.hamcrest.Matchers.anyOf(Matchers.java:102)
at net.assuresign.scenario_8.Scenario_8.getEnvelope_ForInvalidEnvelopes(Scenario_8.java:160)
at java.base/jdk.internal.reflect.NativeMethodAccessorImpl.invoke0(Native Method)
at java.base/jdk.internal.reflect.NativeMethodAccessorImpl.invoke(NativeMethodAccessorImpl.java:62)
at java.base/jdk.internal.reflect.DelegatingMethodAccessorImpl.invoke(DelegatingMethodAccessorImpl.java:43)
at java.base/java.lang.reflect.Method.invoke(Method.java:566)
at org.testng.internal.MethodInvocationHelper.invokeMethod(MethodInvocationHelper.java:133)
at org.testng.internal.TestInvoker.invokeMethod(TestInvoker.java:598)
at org.testng.internal.TestInvoker.invokeTestMethod(TestInvoker.java:173)
at org.testng.internal.MethodRunner.runInSequence(MethodRunner.java:46)
at org.testng.internal.TestInvoker$MethodInvocationAgent.invoke(TestInvoker.java:824)
at org.testng.internal.TestInvoker.invokeTestMethods(TestInvoker.java:146)
at org.testng.internal.TestMethodWorker.invokeTestMethods(TestMethodWorker.java:146)
at org.testng.internal.TestMethodWorker.run(TestMethodWorker.java:128)
at java.base/java.util.ArrayList.forEach(ArrayList.java:1540)
at org.testng.TestRunner.privateRun(TestRunner.java:794)
at org.testng.TestRunner.run(TestRunner.java:596)
at org.testng.SuiteRunner.runTest(SuiteRunner.java:377)
at org.testng.SuiteRunner.runSequentially(SuiteRunner.java:371)
at org.testng.SuiteRunner.privateRun(SuiteRunner.java:332)
at org.testng.SuiteRunner.run(SuiteRunner.java:276)
at org.testng.SuiteRunnerWorker.runSuite(SuiteRunnerWorker.java:53)
at org.testng.SuiteRunnerWorker.run(SuiteRunnerWorker.java:96)
at org.testng.TestNG.runSuitesSequentially(TestNG.java:1212)
at org.testng.TestNG.runSuitesLocally(TestNG.java:1134)
at org.testng.TestNG.runSuites(TestNG.java:1063)
at org.testng.TestNG.run(TestNG.java:1031)
at org.testng.remote.AbstractRemoteTestNG.run(AbstractRemoteTestNG.java:115)
at org.testng.remote.RemoteTestNG.initAndRun(RemoteTestNG.java:251)
at org.testng.remote.RemoteTestNG.main(RemoteTestNG.java:77)
]]>
    </error>
  </testcase> <!-- getEnvelope_ForInvalidEnvelopes -->
  <system-out/>
<<<<<<< HEAD
  <testcase classname="net.assuresign.scenario_8.Scenario_8" name="getEnvelope_ForEmptyEnvelopes" time="4.802">
=======
  <testcase classname="net.assuresign.scenario_8.Scenario_8" name="getEnvelope_InvalidDocType" time="5.164"/>
  <system-out/>
  <testcase classname="net.assuresign.scenario_8.Scenario_8" name="getEnvelope_WrongDocType" time="6.287"/>
  <system-out/>
  <testcase classname="net.assuresign.scenario_8.Scenario_8" name="getEnvelopes_InvalidEnvelopID" time="5.962"/>
  <system-out/>
  <testcase classname="net.assuresign.scenario_8.Scenario_8" name="getEnvelopes_ClosedWithFromDateLaterTodate" time="4.878"/>
  <system-out/>
  <testcase classname="net.assuresign.scenario_8.Scenario_8" name="getEnvelopes_EmptyEnvelopID" time="11.324">
>>>>>>> master
    <error message="org.hamcrest.core.AnyOf.anyOf([Lorg/hamcrest/Matcher;)Lorg/hamcrest/core/AnyOf;" type="java.lang.NoSuchMethodError">
      <![CDATA[java.lang.NoSuchMethodError: org.hamcrest.core.AnyOf.anyOf([Lorg/hamcrest/Matcher;)Lorg/hamcrest/core/AnyOf;
at org.hamcrest.Matchers.anyOf(Matchers.java:102)
at net.assuresign.scenario_8.Scenario_8.getEnvelope_ForEmptyEnvelopes(Scenario_8.java:179)
at java.base/jdk.internal.reflect.NativeMethodAccessorImpl.invoke0(Native Method)
at java.base/jdk.internal.reflect.NativeMethodAccessorImpl.invoke(NativeMethodAccessorImpl.java:62)
at java.base/jdk.internal.reflect.DelegatingMethodAccessorImpl.invoke(DelegatingMethodAccessorImpl.java:43)
at java.base/java.lang.reflect.Method.invoke(Method.java:566)
at org.testng.internal.MethodInvocationHelper.invokeMethod(MethodInvocationHelper.java:133)
at org.testng.internal.TestInvoker.invokeMethod(TestInvoker.java:598)
at org.testng.internal.TestInvoker.invokeTestMethod(TestInvoker.java:173)
at org.testng.internal.MethodRunner.runInSequence(MethodRunner.java:46)
at org.testng.internal.TestInvoker$MethodInvocationAgent.invoke(TestInvoker.java:824)
at org.testng.internal.TestInvoker.invokeTestMethods(TestInvoker.java:146)
at org.testng.internal.TestMethodWorker.invokeTestMethods(TestMethodWorker.java:146)
at org.testng.internal.TestMethodWorker.run(TestMethodWorker.java:128)
at java.base/java.util.ArrayList.forEach(ArrayList.java:1540)
at org.testng.TestRunner.privateRun(TestRunner.java:794)
at org.testng.TestRunner.run(TestRunner.java:596)
at org.testng.SuiteRunner.runTest(SuiteRunner.java:377)
at org.testng.SuiteRunner.runSequentially(SuiteRunner.java:371)
at org.testng.SuiteRunner.privateRun(SuiteRunner.java:332)
at org.testng.SuiteRunner.run(SuiteRunner.java:276)
at org.testng.SuiteRunnerWorker.runSuite(SuiteRunnerWorker.java:53)
at org.testng.SuiteRunnerWorker.run(SuiteRunnerWorker.java:96)
at org.testng.TestNG.runSuitesSequentially(TestNG.java:1212)
at org.testng.TestNG.runSuitesLocally(TestNG.java:1134)
at org.testng.TestNG.runSuites(TestNG.java:1063)
at org.testng.TestNG.run(TestNG.java:1031)
at org.testng.remote.AbstractRemoteTestNG.run(AbstractRemoteTestNG.java:115)
at org.testng.remote.RemoteTestNG.initAndRun(RemoteTestNG.java:251)
at org.testng.remote.RemoteTestNG.main(RemoteTestNG.java:77)
]]>
    </error>
  </testcase> <!-- getEnvelope_ForEmptyEnvelopes -->
  <system-out/>
<<<<<<< HEAD
  <testcase classname="net.assuresign.scenario_8.Scenario_8" name="getEnvelope_InvalidDocType" time="7.404"/>
  <system-out/>
  <testcase classname="net.assuresign.scenario_8.Scenario_8" name="getEnvelope_WrongDocType" time="4.791"/>
  <system-out/>
  <testcase classname="net.assuresign.scenario_8.Scenario_8" name="getEnvelopes_InvalidEnvelopID" time="6.065"/>
  <system-out/>
  <testcase classname="net.assuresign.scenario_8.Scenario_8" name="getEnvelopes_ClosedWithFromDateLaterTodate" time="5.026"/>
  <system-out/>
  <testcase classname="net.assuresign.scenario_8.Scenario_8" name="getEnvelope_EmptyEnvelopID" time="9.924"/>
  <system-out/>
  <testcase classname="net.assuresign.scenario_8.Scenario_8" name="getEnvelopes_EmptyEnvelopID" time="9.005">
=======
  <testcase classname="net.assuresign.scenario_8.Scenario_8" name="getEnvelope_WithoutDocType" time="4.538"/>
  <system-out/>
  <testcase classname="net.assuresign.scenario_8.Scenario_8" name="getEnvelope_InvalidEnvelopID" time="4.776"/>
  <system-out/>
  <testcase classname="net.assuresign.scenario_8.Scenario_8" name="getEnvelopes_ClosedWithInvalidFormData" time="4.648"/>
  <system-out/>
  <testcase classname="net.assuresign.scenario_8.Scenario_8" name="getEnvelopes_ClosedWithNoFormData" time="4.837"/>
  <system-out/>
  <testcase classname="net.assuresign.scenario_8.Scenario_8" name="getEnvelope_ForEmptyEnvelopes" time="4.519">
>>>>>>> master
    <error message="org.hamcrest.core.AnyOf.anyOf([Lorg/hamcrest/Matcher;)Lorg/hamcrest/core/AnyOf;" type="java.lang.NoSuchMethodError">
      <![CDATA[java.lang.NoSuchMethodError: org.hamcrest.core.AnyOf.anyOf([Lorg/hamcrest/Matcher;)Lorg/hamcrest/core/AnyOf;
at org.hamcrest.Matchers.anyOf(Matchers.java:102)
at net.assuresign.scenario_8.Scenario_8.getEnvelopes_EmptyEnvelopID(Scenario_8.java:141)
at java.base/jdk.internal.reflect.NativeMethodAccessorImpl.invoke0(Native Method)
at java.base/jdk.internal.reflect.NativeMethodAccessorImpl.invoke(NativeMethodAccessorImpl.java:62)
at java.base/jdk.internal.reflect.DelegatingMethodAccessorImpl.invoke(DelegatingMethodAccessorImpl.java:43)
at java.base/java.lang.reflect.Method.invoke(Method.java:566)
at org.testng.internal.MethodInvocationHelper.invokeMethod(MethodInvocationHelper.java:133)
at org.testng.internal.TestInvoker.invokeMethod(TestInvoker.java:598)
at org.testng.internal.TestInvoker.invokeTestMethod(TestInvoker.java:173)
at org.testng.internal.MethodRunner.runInSequence(MethodRunner.java:46)
at org.testng.internal.TestInvoker$MethodInvocationAgent.invoke(TestInvoker.java:824)
at org.testng.internal.TestInvoker.invokeTestMethods(TestInvoker.java:146)
at org.testng.internal.TestMethodWorker.invokeTestMethods(TestMethodWorker.java:146)
at org.testng.internal.TestMethodWorker.run(TestMethodWorker.java:128)
at java.base/java.util.ArrayList.forEach(ArrayList.java:1540)
at org.testng.TestRunner.privateRun(TestRunner.java:794)
at org.testng.TestRunner.run(TestRunner.java:596)
at org.testng.SuiteRunner.runTest(SuiteRunner.java:377)
at org.testng.SuiteRunner.runSequentially(SuiteRunner.java:371)
at org.testng.SuiteRunner.privateRun(SuiteRunner.java:332)
at org.testng.SuiteRunner.run(SuiteRunner.java:276)
at org.testng.SuiteRunnerWorker.runSuite(SuiteRunnerWorker.java:53)
at org.testng.SuiteRunnerWorker.run(SuiteRunnerWorker.java:96)
at org.testng.TestNG.runSuitesSequentially(TestNG.java:1212)
at org.testng.TestNG.runSuitesLocally(TestNG.java:1134)
at org.testng.TestNG.runSuites(TestNG.java:1063)
at org.testng.TestNG.run(TestNG.java:1031)
at org.testng.remote.AbstractRemoteTestNG.run(AbstractRemoteTestNG.java:115)
at org.testng.remote.RemoteTestNG.initAndRun(RemoteTestNG.java:251)
at org.testng.remote.RemoteTestNG.main(RemoteTestNG.java:77)
]]>
    </error>
  </testcase> <!-- getEnvelopes_EmptyEnvelopID -->
  <system-out/>
  <testcase classname="net.assuresign.scenario_8.Scenario_8" name="getEnvelope_WithoutDocType" time="4.543"/>
  <system-out/>
  <testcase classname="net.assuresign.scenario_8.Scenario_8" name="getEnvelope_InvalidEnvelopID" time="4.535"/>
  <system-out/>
  <testcase classname="net.assuresign.scenario_8.Scenario_8" name="getEnvelopes_ClosedWithInvalidFormData" time="5.067"/>
  <system-out/>
  <testcase classname="net.assuresign.scenario_8.Scenario_8" name="getEnvelopes_ClosedWithNoFormData" time="4.494"/>
  <system-out/>
</testsuite> <!-- net.assuresign.scenario_8.Scenario_8 -->
